This file contains any messages produced by compilers while
running configure, to aid debugging if configure makes a mistake.

It was created by configure, which was
generated by GNU Autoconf 2.69.  Invocation command line was

  $ ./configure --host=mipsel-linux --build= --with-pcap=linux

## --------- ##
## Platform. ##
## --------- ##

hostname = akito-virtual-machine
uname -m = x86_64
uname -r = 5.4.0-66-generic
uname -s = Linux
uname -v = #74~18.04.2-Ubuntu SMP Fri Feb 5 11:17:31 UTC 2021

/usr/bin/uname -p = unknown
/bin/uname -X     = unknown

/bin/arch              = unknown
/usr/bin/arch -k       = unknown
/usr/convex/getsysinfo = unknown
/usr/bin/hostinfo      = unknown
/bin/machine           = unknown
/usr/bin/oslevel       = unknown
/bin/universe          = unknown

PATH: /home/akito/asuswrt-merlin/release/tools
PATH: /home/akito/asuswrt-merlin/release/src-ra-5010/ctools
PATH: /home/akito/asuswrt-merlin/release/tools
PATH: /home/akito/asuswrt-merlin/release/src-ra-5010/ctools
PATH: /home/akito/asuswrt-merlin/release/tools
PATH: /home/akito/asuswrt-merlin/release/src-ra-5010/ctools
PATH: /opt/buildroot-gcc463/bin
PATH: /opt/brcm/hndtools-mipsel-uclibc/bin
PATH: /opt/brcm/hndtools-mipsel-linux/bin
PATH: /home/akito/.local/share/umake/bin
PATH: /usr/local/sbin
PATH: /usr/local/bin
PATH: /usr/sbin
PATH: /usr/bin
PATH: /sbin
PATH: /bin
PATH: /usr/games
PATH: /usr/local/games
PATH: /snap/bin


## ----------- ##
## Core tests. ##
## ----------- ##

configure:2337: checking build system type
configure:2351: result: x86_64-unknown-linux-gnu
configure:2371: checking host system type
configure:2384: result: mipsel-unknown-linux-gnu
configure:2404: checking target system type
configure:2417: result: mipsel-unknown-linux-gnu
configure:2525: checking for mipsel-linux-gcc
configure:2552: result: mipsel-uclibc-gcc
configure:2821: checking for C compiler version
configure:2830: mipsel-uclibc-gcc --version >&5
mipsel-uclibc-gcc (GCC) 4.2.4
Copyright (C) 2007 Free Software Foundation, Inc.
This is free software; see the source for copying conditions.  There is NO
warranty; not even for MERCHANTABILITY or FITNESS FOR A PARTICULAR PURPOSE.

configure:2841: $? = 0
configure:2830: mipsel-uclibc-gcc -v >&5
Using built-in specs.
Target: mipsel-linux-uclibc
Configured with: /home/fedork/tomato/toolchain/build_dir/toolchain-mipsel_gcc4.2.4/gcc-4.2.4/configure --prefix=/opt/brcm/hndtools-mipsel-uclibc-4.2.4 --build=i486-linux-gnu --host=i486-linux-gnu --target=mipsel-linux-uclibc --with-gnu-ld --enable-target-optspace --disable-libgomp --disable-libmudflap --disable-multilib --disable-nls --disable-__cxa_atexit --enable-libssp --enable-languages=c,c++ --enable-shared --enable-threads --disable-tls
Thread model: posix
gcc version 4.2.4
configure:2841: $? = 0
configure:2830: mipsel-uclibc-gcc -V >&5
mipsel-uclibc-gcc: '-V' option must have argument
configure:2841: $? = 1
configure:2830: mipsel-uclibc-gcc -qversion >&5
mipsel-uclibc-gcc: unrecognized option '-qversion'
mipsel-uclibc-gcc: no input files
configure:2841: $? = 1
configure:2861: checking whether the C compiler works
configure:2883: mipsel-uclibc-gcc -DRTHIWIFI4 -DRTHIWIFI4 -DRTHIWIFI4 -DRTHIWIFI4 -D__CONFIG_EMF__ -D__CONFIG_WPS__   conftest.c  >&5
configure:2887: $? = 0
configure:2935: result: yes
configure:2938: checking for C compiler default output file name
configure:2940: result: a.out
configure:2946: checking for suffix of executables
configure:2953: mipsel-uclibc-gcc -o conftest -DRTHIWIFI4 -DRTHIWIFI4 -DRTHIWIFI4 -DRTHIWIFI4 -D__CONFIG_EMF__ -D__CONFIG_WPS__   conftest.c  >&5
configure:2957: $? = 0
configure:2979: result: 
configure:3001: checking whether we are cross compiling
configure:3009: mipsel-uclibc-gcc -o conftest -DRTHIWIFI4 -DRTHIWIFI4 -DRTHIWIFI4 -DRTHIWIFI4 -D__CONFIG_EMF__ -D__CONFIG_WPS__   conftest.c  >&5
configure:3013: $? = 0
configure:3020: ./conftest
/lib/ld-uClibc.so.0: No such file or directory
configure:3024: $? = 255
configure:3039: result: yes
configure:3044: checking for suffix of object files
configure:3066: mipsel-uclibc-gcc -c -DRTHIWIFI4 -DRTHIWIFI4 -DRTHIWIFI4 -DRTHIWIFI4 -D__CONFIG_EMF__ -D__CONFIG_WPS__  conftest.c >&5
configure:3070: $? = 0
configure:3091: result: o
configure:3095: checking whether we are using the GNU C compiler
configure:3114: mipsel-uclibc-gcc -c -DRTHIWIFI4 -DRTHIWIFI4 -DRTHIWIFI4 -DRTHIWIFI4 -D__CONFIG_EMF__ -D__CONFIG_WPS__  conftest.c >&5
configure:3114: $? = 0
configure:3123: result: yes
configure:3132: checking whether mipsel-uclibc-gcc accepts -g
configure:3152: mipsel-uclibc-gcc -c -g  conftest.c >&5
configure:3152: $? = 0
configure:3193: result: yes
configure:3210: checking for mipsel-uclibc-gcc option to accept ISO C89
configure:3273: mipsel-uclibc-gcc  -c -DRTHIWIFI4 -DRTHIWIFI4 -DRTHIWIFI4 -DRTHIWIFI4 -D__CONFIG_EMF__ -D__CONFIG_WPS__  conftest.c >&5
configure:3273: $? = 0
configure:3286: result: none needed
configure:3589: checking for inline
configure:3625: mipsel-uclibc-gcc -c  -fpic  conftest.c >&5
configure:3625: $? = 0
configure:3640: result: inline
configure:3652: checking for __attribute__
configure:3679: mipsel-uclibc-gcc -c -DRTHIWIFI4 -DRTHIWIFI4 -DRTHIWIFI4 -DRTHIWIFI4 -D__CONFIG_EMF__ -D__CONFIG_WPS__  conftest.c >&5
configure:3679: $? = 0
configure:3698: result: yes
configure:3703: checking whether __attribute__((unused)) can be used without warnings
configure:3726: mipsel-uclibc-gcc -c -DRTHIWIFI4 -DRTHIWIFI4 -DRTHIWIFI4 -DRTHIWIFI4 -D__CONFIG_EMF__ -D__CONFIG_WPS__ -Werror  conftest.c >&5
configure:3726: $? = 0
configure:3740: result: yes
configure:3744: checking whether __attribute__((format)) can be used without warnings
configure:3768: mipsel-uclibc-gcc -c -DRTHIWIFI4 -DRTHIWIFI4 -DRTHIWIFI4 -DRTHIWIFI4 -D__CONFIG_EMF__ -D__CONFIG_WPS__ -Werror  conftest.c >&5
configure:3768: $? = 0
configure:3782: result: yes
configure:3792: checking how to run the C preprocessor
configure:3823: mipsel-uclibc-gcc -E  conftest.c
configure:3823: $? = 0
configure:3837: mipsel-uclibc-gcc -E  conftest.c
conftest.c:12:28: error: ac_nonexistent.h: No such file or directory
configure:3837: $? = 1
configure: failed program was:
| /* confdefs.h */
| #define PACKAGE_NAME ""
| #define PACKAGE_TARNAME ""
| #define PACKAGE_VERSION ""
| #define PACKAGE_STRING ""
| #define PACKAGE_BUGREPORT ""
| #define PACKAGE_URL ""
| #define inline inline
| #define HAVE___ATTRIBUTE__ 1
| #define __ATTRIBUTE___FORMAT_OK 1
| /* end confdefs.h.  */
| #include <ac_nonexistent.h>
configure:3862: result: mipsel-uclibc-gcc -E
configure:3882: mipsel-uclibc-gcc -E  conftest.c
configure:3882: $? = 0
configure:3896: mipsel-uclibc-gcc -E  conftest.c
conftest.c:12:28: error: ac_nonexistent.h: No such file or directory
configure:3896: $? = 1
configure: failed program was:
| /* confdefs.h */
| #define PACKAGE_NAME ""
| #define PACKAGE_TARNAME ""
| #define PACKAGE_VERSION ""
| #define PACKAGE_STRING ""
| #define PACKAGE_BUGREPORT ""
| #define PACKAGE_URL ""
| #define inline inline
| #define HAVE___ATTRIBUTE__ 1
| #define __ATTRIBUTE___FORMAT_OK 1
| /* end confdefs.h.  */
| #include <ac_nonexistent.h>
configure:3925: checking for grep that handles long lines and -e
configure:3983: result: /bin/grep
configure:3988: checking for egrep
configure:4050: result: /bin/grep -E
configure:4055: checking for ANSI C header files
configure:4075: mipsel-uclibc-gcc -c -DRTHIWIFI4 -DRTHIWIFI4 -DRTHIWIFI4 -DRTHIWIFI4 -D__CONFIG_EMF__ -D__CONFIG_WPS__  conftest.c >&5
configure:4075: $? = 0
configure:4159: result: yes
configure:4172: checking for sys/types.h
configure:4172: mipsel-uclibc-gcc -c -DRTHIWIFI4 -DRTHIWIFI4 -DRTHIWIFI4 -DRTHIWIFI4 -D__CONFIG_EMF__ -D__CONFIG_WPS__  conftest.c >&5
configure:4172: $? = 0
configure:4172: result: yes
configure:4172: checking for sys/stat.h
configure:4172: mipsel-uclibc-gcc -c -DRTHIWIFI4 -DRTHIWIFI4 -DRTHIWIFI4 -DRTHIWIFI4 -D__CONFIG_EMF__ -D__CONFIG_WPS__  conftest.c >&5
configure:4172: $? = 0
configure:4172: result: yes
configure:4172: checking for stdlib.h
configure:4172: mipsel-uclibc-gcc -c -DRTHIWIFI4 -DRTHIWIFI4 -DRTHIWIFI4 -DRTHIWIFI4 -D__CONFIG_EMF__ -D__CONFIG_WPS__  conftest.c >&5
configure:4172: $? = 0
configure:4172: result: yes
configure:4172: checking for string.h
configure:4172: mipsel-uclibc-gcc -c -DRTHIWIFI4 -DRTHIWIFI4 -DRTHIWIFI4 -DRTHIWIFI4 -D__CONFIG_EMF__ -D__CONFIG_WPS__  conftest.c >&5
configure:4172: $? = 0
configure:4172: result: yes
configure:4172: checking for memory.h
configure:4172: mipsel-uclibc-gcc -c -DRTHIWIFI4 -DRTHIWIFI4 -DRTHIWIFI4 -DRTHIWIFI4 -D__CONFIG_EMF__ -D__CONFIG_WPS__  conftest.c >&5
configure:4172: $? = 0
configure:4172: result: yes
configure:4172: checking for strings.h
configure:4172: mipsel-uclibc-gcc -c -DRTHIWIFI4 -DRTHIWIFI4 -DRTHIWIFI4 -DRTHIWIFI4 -D__CONFIG_EMF__ -D__CONFIG_WPS__  conftest.c >&5
configure:4172: $? = 0
configure:4172: result: yes
configure:4172: checking for inttypes.h
configure:4172: mipsel-uclibc-gcc -c -DRTHIWIFI4 -DRTHIWIFI4 -DRTHIWIFI4 -DRTHIWIFI4 -D__CONFIG_EMF__ -D__CONFIG_WPS__  conftest.c >&5
configure:4172: $? = 0
configure:4172: result: yes
configure:4172: checking for stdint.h
configure:4172: mipsel-uclibc-gcc -c -DRTHIWIFI4 -DRTHIWIFI4 -DRTHIWIFI4 -DRTHIWIFI4 -D__CONFIG_EMF__ -D__CONFIG_WPS__  conftest.c >&5
configure:4172: $? = 0
configure:4172: result: yes
configure:4172: checking for unistd.h
configure:4172: mipsel-uclibc-gcc -c -DRTHIWIFI4 -DRTHIWIFI4 -DRTHIWIFI4 -DRTHIWIFI4 -D__CONFIG_EMF__ -D__CONFIG_WPS__  conftest.c >&5
configure:4172: $? = 0
configure:4172: result: yes
configure:4186: checking sys/bitypes.h usability
configure:4186: mipsel-uclibc-gcc -c -DRTHIWIFI4 -DRTHIWIFI4 -DRTHIWIFI4 -DRTHIWIFI4 -D__CONFIG_EMF__ -D__CONFIG_WPS__  conftest.c >&5
configure:4186: $? = 0
configure:4186: result: yes
configure:4186: checking sys/bitypes.h presence
configure:4186: mipsel-uclibc-gcc -E  conftest.c
configure:4186: $? = 0
configure:4186: result: yes
configure:4186: checking for sys/bitypes.h
configure:4186: result: yes
configure:4197: checking for int8_t
configure:4197: mipsel-uclibc-gcc -c -DRTHIWIFI4 -DRTHIWIFI4 -DRTHIWIFI4 -DRTHIWIFI4 -D__CONFIG_EMF__ -D__CONFIG_WPS__  conftest.c >&5
configure:4197: $? = 0
configure:4197: mipsel-uclibc-gcc -c -DRTHIWIFI4 -DRTHIWIFI4 -DRTHIWIFI4 -DRTHIWIFI4 -D__CONFIG_EMF__ -D__CONFIG_WPS__  conftest.c >&5
conftest.c: In function 'main':
conftest.c:63: error: expected expression before ')' token
configure:4197: $? = 1
configure: failed program was:
| /* confdefs.h */
| #define PACKAGE_NAME ""
| #define PACKAGE_TARNAME ""
| #define PACKAGE_VERSION ""
| #define PACKAGE_STRING ""
| #define PACKAGE_BUGREPORT ""
| #define PACKAGE_URL ""
| #define inline inline
| #define HAVE___ATTRIBUTE__ 1
| #define __ATTRIBUTE___FORMAT_OK 1
| #define STDC_HEADERS 1
| #define HAVE_SYS_TYPES_H 1
| #define HAVE_SYS_STAT_H 1
| #define HAVE_STDLIB_H 1
| #define HAVE_STRING_H 1
| #define HAVE_MEMORY_H 1
| #define HAVE_STRINGS_H 1
| #define HAVE_INTTYPES_H 1
| #define HAVE_STDINT_H 1
| #define HAVE_UNISTD_H 1
| #define HAVE_SYS_BITYPES_H 1
| /* end confdefs.h.  */
| #include <stdio.h>
| #ifdef HAVE_SYS_TYPES_H
| # include <sys/types.h>
| #endif
| #ifdef HAVE_SYS_STAT_H
| # include <sys/stat.h>
| #endif
| #ifdef STDC_HEADERS
| # include <stdlib.h>
| # include <stddef.h>
| #else
| # ifdef HAVE_STDLIB_H
| #  include <stdlib.h>
| # endif
| #endif
| #ifdef HAVE_STRING_H
| # if !defined STDC_HEADERS && defined HAVE_MEMORY_H
| #  include <memory.h>
| # endif
| # include <string.h>
| #endif
| #ifdef HAVE_STRINGS_H
| # include <strings.h>
| #endif
| #ifdef HAVE_INTTYPES_H
| # include <inttypes.h>
| #endif
| #ifdef HAVE_STDINT_H
| # include <stdint.h>
| #endif
| #ifdef HAVE_UNISTD_H
| # include <unistd.h>
| #endif
| #ifdef HAVE_SYS_BITYPES_H
| #include <sys/bitypes.h>
| #endif
| 
| int
| main ()
| {
| if (sizeof ((int8_t)))
| 	    return 0;
|   ;
|   return 0;
| }
configure:4197: result: yes
configure:4210: checking for u_int8_t
configure:4210: mipsel-uclibc-gcc -c -DRTHIWIFI4 -DRTHIWIFI4 -DRTHIWIFI4 -DRTHIWIFI4 -D__CONFIG_EMF__ -D__CONFIG_WPS__  conftest.c >&5
configure:4210: $? = 0
configure:4210: mipsel-uclibc-gcc -c -DRTHIWIFI4 -DRTHIWIFI4 -DRTHIWIFI4 -DRTHIWIFI4 -D__CONFIG_EMF__ -D__CONFIG_WPS__  conftest.c >&5
conftest.c: In function 'main':
conftest.c:63: error: expected expression before ')' token
configure:4210: $? = 1
configure: failed program was:
| /* confdefs.h */
| #define PACKAGE_NAME ""
| #define PACKAGE_TARNAME ""
| #define PACKAGE_VERSION ""
| #define PACKAGE_STRING ""
| #define PACKAGE_BUGREPORT ""
| #define PACKAGE_URL ""
| #define inline inline
| #define HAVE___ATTRIBUTE__ 1
| #define __ATTRIBUTE___FORMAT_OK 1
| #define STDC_HEADERS 1
| #define HAVE_SYS_TYPES_H 1
| #define HAVE_SYS_STAT_H 1
| #define HAVE_STDLIB_H 1
| #define HAVE_STRING_H 1
| #define HAVE_MEMORY_H 1
| #define HAVE_STRINGS_H 1
| #define HAVE_INTTYPES_H 1
| #define HAVE_STDINT_H 1
| #define HAVE_UNISTD_H 1
| #define HAVE_SYS_BITYPES_H 1
| /* end confdefs.h.  */
| #include <stdio.h>
| #ifdef HAVE_SYS_TYPES_H
| # include <sys/types.h>
| #endif
| #ifdef HAVE_SYS_STAT_H
| # include <sys/stat.h>
| #endif
| #ifdef STDC_HEADERS
| # include <stdlib.h>
| # include <stddef.h>
| #else
| # ifdef HAVE_STDLIB_H
| #  include <stdlib.h>
| # endif
| #endif
| #ifdef HAVE_STRING_H
| # if !defined STDC_HEADERS && defined HAVE_MEMORY_H
| #  include <memory.h>
| # endif
| # include <string.h>
| #endif
| #ifdef HAVE_STRINGS_H
| # include <strings.h>
| #endif
| #ifdef HAVE_INTTYPES_H
| # include <inttypes.h>
| #endif
| #ifdef HAVE_STDINT_H
| # include <stdint.h>
| #endif
| #ifdef HAVE_UNISTD_H
| # include <unistd.h>
| #endif
| #ifdef HAVE_SYS_BITYPES_H
| #include <sys/bitypes.h>
| #endif
| 
| int
| main ()
| {
| if (sizeof ((u_int8_t)))
| 	    return 0;
|   ;
|   return 0;
| }
configure:4210: result: yes
configure:4223: checking for int16_t
configure:4223: mipsel-uclibc-gcc -c -DRTHIWIFI4 -DRTHIWIFI4 -DRTHIWIFI4 -DRTHIWIFI4 -D__CONFIG_EMF__ -D__CONFIG_WPS__  conftest.c >&5
configure:4223: $? = 0
configure:4223: mipsel-uclibc-gcc -c -DRTHIWIFI4 -DRTHIWIFI4 -DRTHIWIFI4 -DRTHIWIFI4 -D__CONFIG_EMF__ -D__CONFIG_WPS__  conftest.c >&5
conftest.c: In function 'main':
conftest.c:59: error: expected expression before ')' token
configure:4223: $? = 1
configure: failed program was:
| /* confdefs.h */
| #define PACKAGE_NAME ""
| #define PACKAGE_TARNAME ""
| #define PACKAGE_VERSION ""
| #define PACKAGE_STRING ""
| #define PACKAGE_BUGREPORT ""
| #define PACKAGE_URL ""
| #define inline inline
| #define HAVE___ATTRIBUTE__ 1
| #define __ATTRIBUTE___FORMAT_OK 1
| #define STDC_HEADERS 1
| #define HAVE_SYS_TYPES_H 1
| #define HAVE_SYS_STAT_H 1
| #define HAVE_STDLIB_H 1
| #define HAVE_STRING_H 1
| #define HAVE_MEMORY_H 1
| #define HAVE_STRINGS_H 1
| #define HAVE_INTTYPES_H 1
| #define HAVE_STDINT_H 1
| #define HAVE_UNISTD_H 1
| #define HAVE_SYS_BITYPES_H 1
| /* end confdefs.h.  */
| #include <stdio.h>
| #ifdef HAVE_SYS_TYPES_H
| # include <sys/types.h>
| #endif
| #ifdef HAVE_SYS_STAT_H
| # include <sys/stat.h>
| #endif
| #ifdef STDC_HEADERS
| # include <stdlib.h>
| # include <stddef.h>
| #else
| # ifdef HAVE_STDLIB_H
| #  include <stdlib.h>
| # endif
| #endif
| #ifdef HAVE_STRING_H
| # if !defined STDC_HEADERS && defined HAVE_MEMORY_H
| #  include <memory.h>
| # endif
| # include <string.h>
| #endif
| #ifdef HAVE_STRINGS_H
| # include <strings.h>
| #endif
| #ifdef HAVE_INTTYPES_H
| # include <inttypes.h>
| #endif
| #ifdef HAVE_STDINT_H
| # include <stdint.h>
| #endif
| #ifdef HAVE_UNISTD_H
| # include <unistd.h>
| #endif
| int
| main ()
| {
| if (sizeof ((int16_t)))
| 	    return 0;
|   ;
|   return 0;
| }
configure:4223: result: yes
configure:4236: checking for u_int16_t
configure:4236: mipsel-uclibc-gcc -c -DRTHIWIFI4 -DRTHIWIFI4 -DRTHIWIFI4 -DRTHIWIFI4 -D__CONFIG_EMF__ -D__CONFIG_WPS__  conftest.c >&5
configure:4236: $? = 0
configure:4236: mipsel-uclibc-gcc -c -DRTHIWIFI4 -DRTHIWIFI4 -DRTHIWIFI4 -DRTHIWIFI4 -D__CONFIG_EMF__ -D__CONFIG_WPS__  conftest.c >&5
conftest.c: In function 'main':
conftest.c:63: error: expected expression before ')' token
configure:4236: $? = 1
configure: failed program was:
| /* confdefs.h */
| #define PACKAGE_NAME ""
| #define PACKAGE_TARNAME ""
| #define PACKAGE_VERSION ""
| #define PACKAGE_STRING ""
| #define PACKAGE_BUGREPORT ""
| #define PACKAGE_URL ""
| #define inline inline
| #define HAVE___ATTRIBUTE__ 1
| #define __ATTRIBUTE___FORMAT_OK 1
| #define STDC_HEADERS 1
| #define HAVE_SYS_TYPES_H 1
| #define HAVE_SYS_STAT_H 1
| #define HAVE_STDLIB_H 1
| #define HAVE_STRING_H 1
| #define HAVE_MEMORY_H 1
| #define HAVE_STRINGS_H 1
| #define HAVE_INTTYPES_H 1
| #define HAVE_STDINT_H 1
| #define HAVE_UNISTD_H 1
| #define HAVE_SYS_BITYPES_H 1
| /* end confdefs.h.  */
| #include <stdio.h>
| #ifdef HAVE_SYS_TYPES_H
| # include <sys/types.h>
| #endif
| #ifdef HAVE_SYS_STAT_H
| # include <sys/stat.h>
| #endif
| #ifdef STDC_HEADERS
| # include <stdlib.h>
| # include <stddef.h>
| #else
| # ifdef HAVE_STDLIB_H
| #  include <stdlib.h>
| # endif
| #endif
| #ifdef HAVE_STRING_H
| # if !defined STDC_HEADERS && defined HAVE_MEMORY_H
| #  include <memory.h>
| # endif
| # include <string.h>
| #endif
| #ifdef HAVE_STRINGS_H
| # include <strings.h>
| #endif
| #ifdef HAVE_INTTYPES_H
| # include <inttypes.h>
| #endif
| #ifdef HAVE_STDINT_H
| # include <stdint.h>
| #endif
| #ifdef HAVE_UNISTD_H
| # include <unistd.h>
| #endif
| #ifdef HAVE_SYS_BITYPES_H
| #include <sys/bitypes.h>
| #endif
| 
| int
| main ()
| {
| if (sizeof ((u_int16_t)))
| 	    return 0;
|   ;
|   return 0;
| }
configure:4236: result: yes
configure:4249: checking for int32_t
configure:4249: mipsel-uclibc-gcc -c -DRTHIWIFI4 -DRTHIWIFI4 -DRTHIWIFI4 -DRTHIWIFI4 -D__CONFIG_EMF__ -D__CONFIG_WPS__  conftest.c >&5
configure:4249: $? = 0
configure:4249: mipsel-uclibc-gcc -c -DRTHIWIFI4 -DRTHIWIFI4 -DRTHIWIFI4 -DRTHIWIFI4 -D__CONFIG_EMF__ -D__CONFIG_WPS__  conftest.c >&5
conftest.c: In function 'main':
conftest.c:63: error: expected expression before ')' token
configure:4249: $? = 1
configure: failed program was:
| /* confdefs.h */
| #define PACKAGE_NAME ""
| #define PACKAGE_TARNAME ""
| #define PACKAGE_VERSION ""
| #define PACKAGE_STRING ""
| #define PACKAGE_BUGREPORT ""
| #define PACKAGE_URL ""
| #define inline inline
| #define HAVE___ATTRIBUTE__ 1
| #define __ATTRIBUTE___FORMAT_OK 1
| #define STDC_HEADERS 1
| #define HAVE_SYS_TYPES_H 1
| #define HAVE_SYS_STAT_H 1
| #define HAVE_STDLIB_H 1
| #define HAVE_STRING_H 1
| #define HAVE_MEMORY_H 1
| #define HAVE_STRINGS_H 1
| #define HAVE_INTTYPES_H 1
| #define HAVE_STDINT_H 1
| #define HAVE_UNISTD_H 1
| #define HAVE_SYS_BITYPES_H 1
| /* end confdefs.h.  */
| #include <stdio.h>
| #ifdef HAVE_SYS_TYPES_H
| # include <sys/types.h>
| #endif
| #ifdef HAVE_SYS_STAT_H
| # include <sys/stat.h>
| #endif
| #ifdef STDC_HEADERS
| # include <stdlib.h>
| # include <stddef.h>
| #else
| # ifdef HAVE_STDLIB_H
| #  include <stdlib.h>
| # endif
| #endif
| #ifdef HAVE_STRING_H
| # if !defined STDC_HEADERS && defined HAVE_MEMORY_H
| #  include <memory.h>
| # endif
| # include <string.h>
| #endif
| #ifdef HAVE_STRINGS_H
| # include <strings.h>
| #endif
| #ifdef HAVE_INTTYPES_H
| # include <inttypes.h>
| #endif
| #ifdef HAVE_STDINT_H
| # include <stdint.h>
| #endif
| #ifdef HAVE_UNISTD_H
| # include <unistd.h>
| #endif
| #ifdef HAVE_SYS_BITYPES_H
| #include <sys/bitypes.h>
| #endif
| 
| int
| main ()
| {
| if (sizeof ((int32_t)))
| 	    return 0;
|   ;
|   return 0;
| }
configure:4249: result: yes
configure:4262: checking for u_int32_t
configure:4262: mipsel-uclibc-gcc -c -DRTHIWIFI4 -DRTHIWIFI4 -DRTHIWIFI4 -DRTHIWIFI4 -D__CONFIG_EMF__ -D__CONFIG_WPS__  conftest.c >&5
configure:4262: $? = 0
configure:4262: mipsel-uclibc-gcc -c -DRTHIWIFI4 -DRTHIWIFI4 -DRTHIWIFI4 -DRTHIWIFI4 -D__CONFIG_EMF__ -D__CONFIG_WPS__  conftest.c >&5
conftest.c: In function 'main':
conftest.c:63: error: expected expression before ')' token
configure:4262: $? = 1
configure: failed program was:
| /* confdefs.h */
| #define PACKAGE_NAME ""
| #define PACKAGE_TARNAME ""
| #define PACKAGE_VERSION ""
| #define PACKAGE_STRING ""
| #define PACKAGE_BUGREPORT ""
| #define PACKAGE_URL ""
| #define inline inline
| #define HAVE___ATTRIBUTE__ 1
| #define __ATTRIBUTE___FORMAT_OK 1
| #define STDC_HEADERS 1
| #define HAVE_SYS_TYPES_H 1
| #define HAVE_SYS_STAT_H 1
| #define HAVE_STDLIB_H 1
| #define HAVE_STRING_H 1
| #define HAVE_MEMORY_H 1
| #define HAVE_STRINGS_H 1
| #define HAVE_INTTYPES_H 1
| #define HAVE_STDINT_H 1
| #define HAVE_UNISTD_H 1
| #define HAVE_SYS_BITYPES_H 1
| /* end confdefs.h.  */
| #include <stdio.h>
| #ifdef HAVE_SYS_TYPES_H
| # include <sys/types.h>
| #endif
| #ifdef HAVE_SYS_STAT_H
| # include <sys/stat.h>
| #endif
| #ifdef STDC_HEADERS
| # include <stdlib.h>
| # include <stddef.h>
| #else
| # ifdef HAVE_STDLIB_H
| #  include <stdlib.h>
| # endif
| #endif
| #ifdef HAVE_STRING_H
| # if !defined STDC_HEADERS && defined HAVE_MEMORY_H
| #  include <memory.h>
| # endif
| # include <string.h>
| #endif
| #ifdef HAVE_STRINGS_H
| # include <strings.h>
| #endif
| #ifdef HAVE_INTTYPES_H
| # include <inttypes.h>
| #endif
| #ifdef HAVE_STDINT_H
| # include <stdint.h>
| #endif
| #ifdef HAVE_UNISTD_H
| # include <unistd.h>
| #endif
| #ifdef HAVE_SYS_BITYPES_H
| #include <sys/bitypes.h>
| #endif
| 
| int
| main ()
| {
| if (sizeof ((u_int32_t)))
| 	    return 0;
|   ;
|   return 0;
| }
configure:4262: result: yes
configure:4275: checking for int64_t
configure:4275: mipsel-uclibc-gcc -c -DRTHIWIFI4 -DRTHIWIFI4 -DRTHIWIFI4 -DRTHIWIFI4 -D__CONFIG_EMF__ -D__CONFIG_WPS__  conftest.c >&5
configure:4275: $? = 0
configure:4275: mipsel-uclibc-gcc -c -DRTHIWIFI4 -DRTHIWIFI4 -DRTHIWIFI4 -DRTHIWIFI4 -D__CONFIG_EMF__ -D__CONFIG_WPS__  conftest.c >&5
conftest.c: In function 'main':
conftest.c:63: error: expected expression before ')' token
configure:4275: $? = 1
configure: failed program was:
| /* confdefs.h */
| #define PACKAGE_NAME ""
| #define PACKAGE_TARNAME ""
| #define PACKAGE_VERSION ""
| #define PACKAGE_STRING ""
| #define PACKAGE_BUGREPORT ""
| #define PACKAGE_URL ""
| #define inline inline
| #define HAVE___ATTRIBUTE__ 1
| #define __ATTRIBUTE___FORMAT_OK 1
| #define STDC_HEADERS 1
| #define HAVE_SYS_TYPES_H 1
| #define HAVE_SYS_STAT_H 1
| #define HAVE_STDLIB_H 1
| #define HAVE_STRING_H 1
| #define HAVE_MEMORY_H 1
| #define HAVE_STRINGS_H 1
| #define HAVE_INTTYPES_H 1
| #define HAVE_STDINT_H 1
| #define HAVE_UNISTD_H 1
| #define HAVE_SYS_BITYPES_H 1
| /* end confdefs.h.  */
| #include <stdio.h>
| #ifdef HAVE_SYS_TYPES_H
| # include <sys/types.h>
| #endif
| #ifdef HAVE_SYS_STAT_H
| # include <sys/stat.h>
| #endif
| #ifdef STDC_HEADERS
| # include <stdlib.h>
| # include <stddef.h>
| #else
| # ifdef HAVE_STDLIB_H
| #  include <stdlib.h>
| # endif
| #endif
| #ifdef HAVE_STRING_H
| # if !defined STDC_HEADERS && defined HAVE_MEMORY_H
| #  include <memory.h>
| # endif
| # include <string.h>
| #endif
| #ifdef HAVE_STRINGS_H
| # include <strings.h>
| #endif
| #ifdef HAVE_INTTYPES_H
| # include <inttypes.h>
| #endif
| #ifdef HAVE_STDINT_H
| # include <stdint.h>
| #endif
| #ifdef HAVE_UNISTD_H
| # include <unistd.h>
| #endif
| #ifdef HAVE_SYS_BITYPES_H
| #include <sys/bitypes.h>
| #endif
| 
| int
| main ()
| {
| if (sizeof ((int64_t)))
| 	    return 0;
|   ;
|   return 0;
| }
configure:4275: result: yes
configure:4288: checking for u_int64_t
configure:4288: mipsel-uclibc-gcc -c -DRTHIWIFI4 -DRTHIWIFI4 -DRTHIWIFI4 -DRTHIWIFI4 -D__CONFIG_EMF__ -D__CONFIG_WPS__  conftest.c >&5
configure:4288: $? = 0
configure:4288: mipsel-uclibc-gcc -c -DRTHIWIFI4 -DRTHIWIFI4 -DRTHIWIFI4 -DRTHIWIFI4 -D__CONFIG_EMF__ -D__CONFIG_WPS__  conftest.c >&5
conftest.c: In function 'main':
conftest.c:63: error: expected expression before ')' token
configure:4288: $? = 1
configure: failed program was:
| /* confdefs.h */
| #define PACKAGE_NAME ""
| #define PACKAGE_TARNAME ""
| #define PACKAGE_VERSION ""
| #define PACKAGE_STRING ""
| #define PACKAGE_BUGREPORT ""
| #define PACKAGE_URL ""
| #define inline inline
| #define HAVE___ATTRIBUTE__ 1
| #define __ATTRIBUTE___FORMAT_OK 1
| #define STDC_HEADERS 1
| #define HAVE_SYS_TYPES_H 1
| #define HAVE_SYS_STAT_H 1
| #define HAVE_STDLIB_H 1
| #define HAVE_STRING_H 1
| #define HAVE_MEMORY_H 1
| #define HAVE_STRINGS_H 1
| #define HAVE_INTTYPES_H 1
| #define HAVE_STDINT_H 1
| #define HAVE_UNISTD_H 1
| #define HAVE_SYS_BITYPES_H 1
| /* end confdefs.h.  */
| #include <stdio.h>
| #ifdef HAVE_SYS_TYPES_H
| # include <sys/types.h>
| #endif
| #ifdef HAVE_SYS_STAT_H
| # include <sys/stat.h>
| #endif
| #ifdef STDC_HEADERS
| # include <stdlib.h>
| # include <stddef.h>
| #else
| # ifdef HAVE_STDLIB_H
| #  include <stdlib.h>
| # endif
| #endif
| #ifdef HAVE_STRING_H
| # if !defined STDC_HEADERS && defined HAVE_MEMORY_H
| #  include <memory.h>
| # endif
| # include <string.h>
| #endif
| #ifdef HAVE_STRINGS_H
| # include <strings.h>
| #endif
| #ifdef HAVE_INTTYPES_H
| # include <inttypes.h>
| #endif
| #ifdef HAVE_STDINT_H
| # include <stdint.h>
| #endif
| #ifdef HAVE_UNISTD_H
| # include <unistd.h>
| #endif
| #ifdef HAVE_SYS_BITYPES_H
| #include <sys/bitypes.h>
| #endif
| 
| int
| main ()
| {
| if (sizeof ((u_int64_t)))
| 	    return 0;
|   ;
|   return 0;
| }
configure:4288: result: yes
configure:4312: checking for special C compiler options needed for large files
configure:4357: result: no
configure:4363: checking for _FILE_OFFSET_BITS value needed for large files
configure:4388: mipsel-uclibc-gcc -c -DRTHIWIFI4 -DRTHIWIFI4 -DRTHIWIFI4 -DRTHIWIFI4 -D__CONFIG_EMF__ -D__CONFIG_WPS__  conftest.c >&5
conftest.c:29: warning: left shift count >= width of type
conftest.c:29: warning: left shift count >= width of type
conftest.c:31: error: size of array 'off_t_is_large' is negative
configure:4388: $? = 1
configure: failed program was:
| /* confdefs.h */
| #define PACKAGE_NAME ""
| #define PACKAGE_TARNAME ""
| #define PACKAGE_VERSION ""
| #define PACKAGE_STRING ""
| #define PACKAGE_BUGREPORT ""
| #define PACKAGE_URL ""
| #define inline inline
| #define HAVE___ATTRIBUTE__ 1
| #define __ATTRIBUTE___FORMAT_OK 1
| #define STDC_HEADERS 1
| #define HAVE_SYS_TYPES_H 1
| #define HAVE_SYS_STAT_H 1
| #define HAVE_STDLIB_H 1
| #define HAVE_STRING_H 1
| #define HAVE_MEMORY_H 1
| #define HAVE_STRINGS_H 1
| #define HAVE_INTTYPES_H 1
| #define HAVE_STDINT_H 1
| #define HAVE_UNISTD_H 1
| #define HAVE_SYS_BITYPES_H 1
| /* end confdefs.h.  */
| #include <sys/types.h>
|  /* Check that off_t can represent 2**63 - 1 correctly.
|     We can't simply define LARGE_OFF_T to be 9223372036854775807,
|     since some C++ compilers masquerading as C compilers
|     incorrectly reject 9223372036854775807.  */
| #define LARGE_OFF_T (((off_t) 1 << 62) - 1 + ((off_t) 1 << 62))
|   int off_t_is_large[(LARGE_OFF_T % 2147483629 == 721
| 		       && LARGE_OFF_T % 2147483647 == 1)
| 		      ? 1 : -1];
| int
| main ()
| {
| 
|   ;
|   return 0;
| }
configure:4412: mipsel-uclibc-gcc -c -DRTHIWIFI4 -DRTHIWIFI4 -DRTHIWIFI4 -DRTHIWIFI4 -D__CONFIG_EMF__ -D__CONFIG_WPS__  conftest.c >&5
configure:4412: $? = 0
configure:4420: result: 64
configure:4505: checking for _LARGEFILE_SOURCE value needed for large files
configure:4524: mipsel-uclibc-gcc -o conftest -DRTHIWIFI4 -DRTHIWIFI4 -DRTHIWIFI4 -DRTHIWIFI4 -D__CONFIG_EMF__ -D__CONFIG_WPS__   conftest.c  >&5
conftest.c: In function 'main':
conftest.c:29: error: 'fseeko' undeclared (first use in this function)
conftest.c:29: error: (Each undeclared identifier is reported only once
conftest.c:29: error: for each function it appears in.)
configure:4524: $? = 1
configure: failed program was:
| /* confdefs.h */
| #define PACKAGE_NAME ""
| #define PACKAGE_TARNAME ""
| #define PACKAGE_VERSION ""
| #define PACKAGE_STRING ""
| #define PACKAGE_BUGREPORT ""
| #define PACKAGE_URL ""
| #define inline inline
| #define HAVE___ATTRIBUTE__ 1
| #define __ATTRIBUTE___FORMAT_OK 1
| #define STDC_HEADERS 1
| #define HAVE_SYS_TYPES_H 1
| #define HAVE_SYS_STAT_H 1
| #define HAVE_STDLIB_H 1
| #define HAVE_STRING_H 1
| #define HAVE_MEMORY_H 1
| #define HAVE_STRINGS_H 1
| #define HAVE_INTTYPES_H 1
| #define HAVE_STDINT_H 1
| #define HAVE_UNISTD_H 1
| #define HAVE_SYS_BITYPES_H 1
| #define _FILE_OFFSET_BITS 64
| /* end confdefs.h.  */
| #include <sys/types.h> /* for off_t */
|      #include <stdio.h>
| int
| main ()
| {
| int (*fp) (FILE *, off_t, int) = fseeko;
|      return fseeko (stdin, 0, 0) && fp (stdin, 0, 0);
|   ;
|   return 0;
| }
configure:4543: mipsel-uclibc-gcc -o conftest -DRTHIWIFI4 -DRTHIWIFI4 -DRTHIWIFI4 -DRTHIWIFI4 -D__CONFIG_EMF__ -D__CONFIG_WPS__   conftest.c  >&5
configure:4543: $? = 0
configure:4552: result: 1
configure:4577: checking sys/ioccom.h usability
configure:4577: mipsel-uclibc-gcc -c -DRTHIWIFI4 -DRTHIWIFI4 -DRTHIWIFI4 -DRTHIWIFI4 -D__CONFIG_EMF__ -D__CONFIG_WPS__  conftest.c >&5
conftest.c:59:24: error: sys/ioccom.h: No such file or directory
configure:4577: $? = 1
configure: failed program was:
| /* confdefs.h */
| #define PACKAGE_NAME ""
| #define PACKAGE_TARNAME ""
| #define PACKAGE_VERSION ""
| #define PACKAGE_STRING ""
| #define PACKAGE_BUGREPORT ""
| #define PACKAGE_URL ""
| #define inline inline
| #define HAVE___ATTRIBUTE__ 1
| #define __ATTRIBUTE___FORMAT_OK 1
| #define STDC_HEADERS 1
| #define HAVE_SYS_TYPES_H 1
| #define HAVE_SYS_STAT_H 1
| #define HAVE_STDLIB_H 1
| #define HAVE_STRING_H 1
| #define HAVE_MEMORY_H 1
| #define HAVE_STRINGS_H 1
| #define HAVE_INTTYPES_H 1
| #define HAVE_STDINT_H 1
| #define HAVE_UNISTD_H 1
| #define HAVE_SYS_BITYPES_H 1
| #define _FILE_OFFSET_BITS 64
| #define _LARGEFILE_SOURCE 1
| #define HAVE_FSEEKO 1
| /* end confdefs.h.  */
| #include <stdio.h>
| #ifdef HAVE_SYS_TYPES_H
| # include <sys/types.h>
| #endif
| #ifdef HAVE_SYS_STAT_H
| # include <sys/stat.h>
| #endif
| #ifdef STDC_HEADERS
| # include <stdlib.h>
| # include <stddef.h>
| #else
| # ifdef HAVE_STDLIB_H
| #  include <stdlib.h>
| # endif
| #endif
| #ifdef HAVE_STRING_H
| # if !defined STDC_HEADERS && defined HAVE_MEMORY_H
| #  include <memory.h>
| # endif
| # include <string.h>
| #endif
| #ifdef HAVE_STRINGS_H
| # include <strings.h>
| #endif
| #ifdef HAVE_INTTYPES_H
| # include <inttypes.h>
| #endif
| #ifdef HAVE_STDINT_H
| # include <stdint.h>
| #endif
| #ifdef HAVE_UNISTD_H
| # include <unistd.h>
| #endif
| #include <sys/ioccom.h>
configure:4577: result: no
configure:4577: checking sys/ioccom.h presence
configure:4577: mipsel-uclibc-gcc -E  conftest.c
conftest.c:26:24: error: sys/ioccom.h: No such file or directory
configure:4577: $? = 1
configure: failed program was:
| /* confdefs.h */
| #define PACKAGE_NAME ""
| #define PACKAGE_TARNAME ""
| #define PACKAGE_VERSION ""
| #define PACKAGE_STRING ""
| #define PACKAGE_BUGREPORT ""
| #define PACKAGE_URL ""
| #define inline inline
| #define HAVE___ATTRIBUTE__ 1
| #define __ATTRIBUTE___FORMAT_OK 1
| #define STDC_HEADERS 1
| #define HAVE_SYS_TYPES_H 1
| #define HAVE_SYS_STAT_H 1
| #define HAVE_STDLIB_H 1
| #define HAVE_STRING_H 1
| #define HAVE_MEMORY_H 1
| #define HAVE_STRINGS_H 1
| #define HAVE_INTTYPES_H 1
| #define HAVE_STDINT_H 1
| #define HAVE_UNISTD_H 1
| #define HAVE_SYS_BITYPES_H 1
| #define _FILE_OFFSET_BITS 64
| #define _LARGEFILE_SOURCE 1
| #define HAVE_FSEEKO 1
| /* end confdefs.h.  */
| #include <sys/ioccom.h>
configure:4577: result: no
configure:4577: checking for sys/ioccom.h
configure:4577: result: no
configure:4577: checking sys/sockio.h usability
configure:4577: mipsel-uclibc-gcc -c -DRTHIWIFI4 -DRTHIWIFI4 -DRTHIWIFI4 -DRTHIWIFI4 -D__CONFIG_EMF__ -D__CONFIG_WPS__  conftest.c >&5
conftest.c:59:24: error: sys/sockio.h: No such file or directory
configure:4577: $? = 1
configure: failed program was:
| /* confdefs.h */
| #define PACKAGE_NAME ""
| #define PACKAGE_TARNAME ""
| #define PACKAGE_VERSION ""
| #define PACKAGE_STRING ""
| #define PACKAGE_BUGREPORT ""
| #define PACKAGE_URL ""
| #define inline inline
| #define HAVE___ATTRIBUTE__ 1
| #define __ATTRIBUTE___FORMAT_OK 1
| #define STDC_HEADERS 1
| #define HAVE_SYS_TYPES_H 1
| #define HAVE_SYS_STAT_H 1
| #define HAVE_STDLIB_H 1
| #define HAVE_STRING_H 1
| #define HAVE_MEMORY_H 1
| #define HAVE_STRINGS_H 1
| #define HAVE_INTTYPES_H 1
| #define HAVE_STDINT_H 1
| #define HAVE_UNISTD_H 1
| #define HAVE_SYS_BITYPES_H 1
| #define _FILE_OFFSET_BITS 64
| #define _LARGEFILE_SOURCE 1
| #define HAVE_FSEEKO 1
| /* end confdefs.h.  */
| #include <stdio.h>
| #ifdef HAVE_SYS_TYPES_H
| # include <sys/types.h>
| #endif
| #ifdef HAVE_SYS_STAT_H
| # include <sys/stat.h>
| #endif
| #ifdef STDC_HEADERS
| # include <stdlib.h>
| # include <stddef.h>
| #else
| # ifdef HAVE_STDLIB_H
| #  include <stdlib.h>
| # endif
| #endif
| #ifdef HAVE_STRING_H
| # if !defined STDC_HEADERS && defined HAVE_MEMORY_H
| #  include <memory.h>
| # endif
| # include <string.h>
| #endif
| #ifdef HAVE_STRINGS_H
| # include <strings.h>
| #endif
| #ifdef HAVE_INTTYPES_H
| # include <inttypes.h>
| #endif
| #ifdef HAVE_STDINT_H
| # include <stdint.h>
| #endif
| #ifdef HAVE_UNISTD_H
| # include <unistd.h>
| #endif
| #include <sys/sockio.h>
configure:4577: result: no
configure:4577: checking sys/sockio.h presence
configure:4577: mipsel-uclibc-gcc -E  conftest.c
conftest.c:26:24: error: sys/sockio.h: No such file or directory
configure:4577: $? = 1
configure: failed program was:
| /* confdefs.h */
| #define PACKAGE_NAME ""
| #define PACKAGE_TARNAME ""
| #define PACKAGE_VERSION ""
| #define PACKAGE_STRING ""
| #define PACKAGE_BUGREPORT ""
| #define PACKAGE_URL ""
| #define inline inline
| #define HAVE___ATTRIBUTE__ 1
| #define __ATTRIBUTE___FORMAT_OK 1
| #define STDC_HEADERS 1
| #define HAVE_SYS_TYPES_H 1
| #define HAVE_SYS_STAT_H 1
| #define HAVE_STDLIB_H 1
| #define HAVE_STRING_H 1
| #define HAVE_MEMORY_H 1
| #define HAVE_STRINGS_H 1
| #define HAVE_INTTYPES_H 1
| #define HAVE_STDINT_H 1
| #define HAVE_UNISTD_H 1
| #define HAVE_SYS_BITYPES_H 1
| #define _FILE_OFFSET_BITS 64
| #define _LARGEFILE_SOURCE 1
| #define HAVE_FSEEKO 1
| /* end confdefs.h.  */
| #include <sys/sockio.h>
configure:4577: result: no
configure:4577: checking for sys/sockio.h
configure:4577: result: no
configure:4577: checking limits.h usability
configure:4577: mipsel-uclibc-gcc -c -DRTHIWIFI4 -DRTHIWIFI4 -DRTHIWIFI4 -DRTHIWIFI4 -D__CONFIG_EMF__ -D__CONFIG_WPS__  conftest.c >&5
configure:4577: $? = 0
configure:4577: result: yes
configure:4577: checking limits.h presence
configure:4577: mipsel-uclibc-gcc -E  conftest.c
configure:4577: $? = 0
configure:4577: result: yes
configure:4577: checking for limits.h
configure:4577: result: yes
configure:4577: checking paths.h usability
configure:4577: mipsel-uclibc-gcc -c -DRTHIWIFI4 -DRTHIWIFI4 -DRTHIWIFI4 -DRTHIWIFI4 -D__CONFIG_EMF__ -D__CONFIG_WPS__  conftest.c >&5
configure:4577: $? = 0
configure:4577: result: yes
configure:4577: checking paths.h presence
configure:4577: mipsel-uclibc-gcc -E  conftest.c
configure:4577: $? = 0
configure:4577: result: yes
configure:4577: checking for paths.h
configure:4577: result: yes
configure:4589: checking linux/types.h usability
configure:4589: mipsel-uclibc-gcc -c -DRTHIWIFI4 -DRTHIWIFI4 -DRTHIWIFI4 -DRTHIWIFI4 -D__CONFIG_EMF__ -D__CONFIG_WPS__  conftest.c >&5
configure:4589: $? = 0
configure:4589: result: yes
configure:4589: checking linux/types.h presence
configure:4589: mipsel-uclibc-gcc -E  conftest.c
configure:4589: $? = 0
configure:4589: result: yes
configure:4589: checking for linux/types.h
configure:4589: result: yes
configure:4602: checking linux/if_packet.h usability
configure:4602: mipsel-uclibc-gcc -c -DRTHIWIFI4 -DRTHIWIFI4 -DRTHIWIFI4 -DRTHIWIFI4 -D__CONFIG_EMF__ -D__CONFIG_WPS__  conftest.c >&5
configure:4602: $? = 0
configure:4602: result: yes
configure:4602: checking linux/if_packet.h presence
configure:4602: mipsel-uclibc-gcc -E  conftest.c
configure:4602: $? = 0
configure:4602: result: yes
configure:4602: checking for linux/if_packet.h
configure:4602: result: yes
configure:4602: checking netpacket/packet.h usability
configure:4602: mipsel-uclibc-gcc -c -DRTHIWIFI4 -DRTHIWIFI4 -DRTHIWIFI4 -DRTHIWIFI4 -D__CONFIG_EMF__ -D__CONFIG_WPS__  conftest.c >&5
configure:4602: $? = 0
configure:4602: result: yes
configure:4602: checking netpacket/packet.h presence
configure:4602: mipsel-uclibc-gcc -E  conftest.c
configure:4602: $? = 0
configure:4602: result: yes
configure:4602: checking for netpacket/packet.h
configure:4602: result: yes
configure:4602: checking netpacket/if_packet.h usability
configure:4602: mipsel-uclibc-gcc -c -DRTHIWIFI4 -DRTHIWIFI4 -DRTHIWIFI4 -DRTHIWIFI4 -D__CONFIG_EMF__ -D__CONFIG_WPS__  conftest.c >&5
conftest.c:64:33: error: netpacket/if_packet.h: No such file or directory
configure:4602: $? = 1
configure: failed program was:
| /* confdefs.h */
| #define PACKAGE_NAME ""
| #define PACKAGE_TARNAME ""
| #define PACKAGE_VERSION ""
| #define PACKAGE_STRING ""
| #define PACKAGE_BUGREPORT ""
| #define PACKAGE_URL ""
| #define inline inline
| #define HAVE___ATTRIBUTE__ 1
| #define __ATTRIBUTE___FORMAT_OK 1
| #define STDC_HEADERS 1
| #define HAVE_SYS_TYPES_H 1
| #define HAVE_SYS_STAT_H 1
| #define HAVE_STDLIB_H 1
| #define HAVE_STRING_H 1
| #define HAVE_MEMORY_H 1
| #define HAVE_STRINGS_H 1
| #define HAVE_INTTYPES_H 1
| #define HAVE_STDINT_H 1
| #define HAVE_UNISTD_H 1
| #define HAVE_SYS_BITYPES_H 1
| #define _FILE_OFFSET_BITS 64
| #define _LARGEFILE_SOURCE 1
| #define HAVE_FSEEKO 1
| #define HAVE_LIMITS_H 1
| #define HAVE_PATHS_H 1
| #define HAVE_LINUX_TYPES_H 1
| #define HAVE_LINUX_IF_PACKET_H 1
| #define HAVE_NETPACKET_PACKET_H 1
| /* end confdefs.h.  */
| #include <stdio.h>
| #ifdef HAVE_SYS_TYPES_H
| # include <sys/types.h>
| #endif
| #ifdef HAVE_SYS_STAT_H
| # include <sys/stat.h>
| #endif
| #ifdef STDC_HEADERS
| # include <stdlib.h>
| # include <stddef.h>
| #else
| # ifdef HAVE_STDLIB_H
| #  include <stdlib.h>
| # endif
| #endif
| #ifdef HAVE_STRING_H
| # if !defined STDC_HEADERS && defined HAVE_MEMORY_H
| #  include <memory.h>
| # endif
| # include <string.h>
| #endif
| #ifdef HAVE_STRINGS_H
| # include <strings.h>
| #endif
| #ifdef HAVE_INTTYPES_H
| # include <inttypes.h>
| #endif
| #ifdef HAVE_STDINT_H
| # include <stdint.h>
| #endif
| #ifdef HAVE_UNISTD_H
| # include <unistd.h>
| #endif
| #include <netpacket/if_packet.h>
configure:4602: result: no
configure:4602: checking netpacket/if_packet.h presence
configure:4602: mipsel-uclibc-gcc -E  conftest.c
conftest.c:31:33: error: netpacket/if_packet.h: No such file or directory
configure:4602: $? = 1
configure: failed program was:
| /* confdefs.h */
| #define PACKAGE_NAME ""
| #define PACKAGE_TARNAME ""
| #define PACKAGE_VERSION ""
| #define PACKAGE_STRING ""
| #define PACKAGE_BUGREPORT ""
| #define PACKAGE_URL ""
| #define inline inline
| #define HAVE___ATTRIBUTE__ 1
| #define __ATTRIBUTE___FORMAT_OK 1
| #define STDC_HEADERS 1
| #define HAVE_SYS_TYPES_H 1
| #define HAVE_SYS_STAT_H 1
| #define HAVE_STDLIB_H 1
| #define HAVE_STRING_H 1
| #define HAVE_MEMORY_H 1
| #define HAVE_STRINGS_H 1
| #define HAVE_INTTYPES_H 1
| #define HAVE_STDINT_H 1
| #define HAVE_UNISTD_H 1
| #define HAVE_SYS_BITYPES_H 1
| #define _FILE_OFFSET_BITS 64
| #define _LARGEFILE_SOURCE 1
| #define HAVE_FSEEKO 1
| #define HAVE_LIMITS_H 1
| #define HAVE_PATHS_H 1
| #define HAVE_LINUX_TYPES_H 1
| #define HAVE_LINUX_IF_PACKET_H 1
| #define HAVE_NETPACKET_PACKET_H 1
| /* end confdefs.h.  */
| #include <netpacket/if_packet.h>
configure:4602: result: no
configure:4602: checking for netpacket/if_packet.h
configure:4602: result: no
configure:4614: checking for net/pfvar.h
configure:4614: mipsel-uclibc-gcc -c -DRTHIWIFI4 -DRTHIWIFI4 -DRTHIWIFI4 -DRTHIWIFI4 -D__CONFIG_EMF__ -D__CONFIG_WPS__  conftest.c >&5
conftest.c:35:23: error: net/pfvar.h: No such file or directory
configure:4614: $? = 1
configure: failed program was:
| /* confdefs.h */
| #define PACKAGE_NAME ""
| #define PACKAGE_TARNAME ""
| #define PACKAGE_VERSION ""
| #define PACKAGE_STRING ""
| #define PACKAGE_BUGREPORT ""
| #define PACKAGE_URL ""
| #define inline inline
| #define HAVE___ATTRIBUTE__ 1
| #define __ATTRIBUTE___FORMAT_OK 1
| #define STDC_HEADERS 1
| #define HAVE_SYS_TYPES_H 1
| #define HAVE_SYS_STAT_H 1
| #define HAVE_STDLIB_H 1
| #define HAVE_STRING_H 1
| #define HAVE_MEMORY_H 1
| #define HAVE_STRINGS_H 1
| #define HAVE_INTTYPES_H 1
| #define HAVE_STDINT_H 1
| #define HAVE_UNISTD_H 1
| #define HAVE_SYS_BITYPES_H 1
| #define _FILE_OFFSET_BITS 64
| #define _LARGEFILE_SOURCE 1
| #define HAVE_FSEEKO 1
| #define HAVE_LIMITS_H 1
| #define HAVE_PATHS_H 1
| #define HAVE_LINUX_TYPES_H 1
| #define HAVE_LINUX_IF_PACKET_H 1
| #define HAVE_NETPACKET_PACKET_H 1
| /* end confdefs.h.  */
| #include <sys/types.h>
| #include <sys/socket.h>
| #include <net/if.h>
| 
| #include <net/pfvar.h>
configure:4614: result: no
configure:4663: checking for netinet/if_ether.h
configure:4663: mipsel-uclibc-gcc -c -DRTHIWIFI4 -DRTHIWIFI4 -DRTHIWIFI4 -DRTHIWIFI4 -D__CONFIG_EMF__ -D__CONFIG_WPS__  conftest.c >&5
configure:4663: $? = 0
configure:4663: result: yes
configure:4707: checking for ANSI ioctl definitions
configure:4735: mipsel-uclibc-gcc -c -DRTHIWIFI4 -DRTHIWIFI4 -DRTHIWIFI4 -DRTHIWIFI4 -D__CONFIG_EMF__ -D__CONFIG_WPS__  conftest.c >&5
configure:4735: $? = 0
configure:4743: result: yes
configure:4755: checking for strerror
configure:4755: mipsel-uclibc-gcc -o conftest -DRTHIWIFI4 -DRTHIWIFI4 -DRTHIWIFI4 -DRTHIWIFI4 -D__CONFIG_EMF__ -D__CONFIG_WPS__   conftest.c  >&5
configure:4755: $? = 0
configure:4755: result: yes
configure:4755: checking for strlcpy
configure:4755: mipsel-uclibc-gcc -o conftest -DRTHIWIFI4 -DRTHIWIFI4 -DRTHIWIFI4 -DRTHIWIFI4 -D__CONFIG_EMF__ -D__CONFIG_WPS__   conftest.c  >&5
configure:4755: $? = 0
configure:4755: result: yes
configure:4769: checking for vsnprintf
configure:4769: mipsel-uclibc-gcc -o conftest -DRTHIWIFI4 -DRTHIWIFI4 -DRTHIWIFI4 -DRTHIWIFI4 -D__CONFIG_EMF__ -D__CONFIG_WPS__   conftest.c  >&5
conftest.c:57: warning: conflicting types for built-in function 'vsnprintf'
configure:4769: $? = 0
configure:4769: result: yes
configure:4769: checking for snprintf
configure:4769: mipsel-uclibc-gcc -o conftest -DRTHIWIFI4 -DRTHIWIFI4 -DRTHIWIFI4 -DRTHIWIFI4 -D__CONFIG_EMF__ -D__CONFIG_WPS__   conftest.c  >&5
conftest.c:58: warning: conflicting types for built-in function 'snprintf'
configure:4769: $? = 0
configure:4769: result: yes
configure:4798: checking for library containing gethostbyname
configure:4829: mipsel-uclibc-gcc -o conftest -DRTHIWIFI4 -DRTHIWIFI4 -DRTHIWIFI4 -DRTHIWIFI4 -D__CONFIG_EMF__ -D__CONFIG_WPS__   conftest.c  >&5
configure:4829: $? = 0
configure:4846: result: none required
configure:4899: checking for library containing socket
configure:4930: mipsel-uclibc-gcc -o conftest -DRTHIWIFI4 -DRTHIWIFI4 -DRTHIWIFI4 -DRTHIWIFI4 -D__CONFIG_EMF__ -D__CONFIG_WPS__   conftest.c  >&5
configure:4930: $? = 0
configure:4947: result: none required
configure:4997: checking for library containing putmsg
configure:5028: mipsel-uclibc-gcc -o conftest -DRTHIWIFI4 -DRTHIWIFI4 -DRTHIWIFI4 -DRTHIWIFI4 -D__CONFIG_EMF__ -D__CONFIG_WPS__   conftest.c  >&5
/tmp/ccEEJ9jC.o: In function `main':
conftest.c:(.text+0x20): undefined reference to `putmsg'
collect2: ld returned 1 exit status
configure:5028: $? = 1
configure: failed program was:
| /* confdefs.h */
| #define PACKAGE_NAME ""
| #define PACKAGE_TARNAME ""
| #define PACKAGE_VERSION ""
| #define PACKAGE_STRING ""
| #define PACKAGE_BUGREPORT ""
| #define PACKAGE_URL ""
| #define inline inline
| #define HAVE___ATTRIBUTE__ 1
| #define __ATTRIBUTE___FORMAT_OK 1
| #define STDC_HEADERS 1
| #define HAVE_SYS_TYPES_H 1
| #define HAVE_SYS_STAT_H 1
| #define HAVE_STDLIB_H 1
| #define HAVE_STRING_H 1
| #define HAVE_MEMORY_H 1
| #define HAVE_STRINGS_H 1
| #define HAVE_INTTYPES_H 1
| #define HAVE_STDINT_H 1
| #define HAVE_UNISTD_H 1
| #define HAVE_SYS_BITYPES_H 1
| #define _FILE_OFFSET_BITS 64
| #define _LARGEFILE_SOURCE 1
| #define HAVE_FSEEKO 1
| #define HAVE_LIMITS_H 1
| #define HAVE_PATHS_H 1
| #define HAVE_LINUX_TYPES_H 1
| #define HAVE_LINUX_IF_PACKET_H 1
| #define HAVE_NETPACKET_PACKET_H 1
| #define HAVE_NETINET_IF_ETHER_H 1
| #define HAVE_STRERROR 1
| #define HAVE_STRLCPY 1
| #define HAVE_VSNPRINTF 1
| #define HAVE_SNPRINTF 1
| /* end confdefs.h.  */
| 
| /* Override any GCC internal prototype to avoid an error.
|    Use char because int might match the return type of a GCC
|    builtin and then its argument prototype would still apply.  */
| #ifdef __cplusplus
| extern "C"
| #endif
| char putmsg ();
| int
| main ()
| {
| return putmsg ();
|   ;
|   return 0;
| }
configure:5028: mipsel-uclibc-gcc -o conftest -DRTHIWIFI4 -DRTHIWIFI4 -DRTHIWIFI4 -DRTHIWIFI4 -D__CONFIG_EMF__ -D__CONFIG_WPS__   conftest.c -lstr   >&5
/opt/brcm/K26/hndtools-mipsel-uclibc-4.2.4/bin/../lib/gcc/mipsel-linux-uclibc/4.2.4/../../../../mipsel-linux-uclibc/bin/ld: cannot find -lstr
collect2: ld returned 1 exit status
configure:5028: $? = 1
configure: failed program was:
| /* confdefs.h */
| #define PACKAGE_NAME ""
| #define PACKAGE_TARNAME ""
| #define PACKAGE_VERSION ""
| #define PACKAGE_STRING ""
| #define PACKAGE_BUGREPORT ""
| #define PACKAGE_URL ""
| #define inline inline
| #define HAVE___ATTRIBUTE__ 1
| #define __ATTRIBUTE___FORMAT_OK 1
| #define STDC_HEADERS 1
| #define HAVE_SYS_TYPES_H 1
| #define HAVE_SYS_STAT_H 1
| #define HAVE_STDLIB_H 1
| #define HAVE_STRING_H 1
| #define HAVE_MEMORY_H 1
| #define HAVE_STRINGS_H 1
| #define HAVE_INTTYPES_H 1
| #define HAVE_STDINT_H 1
| #define HAVE_UNISTD_H 1
| #define HAVE_SYS_BITYPES_H 1
| #define _FILE_OFFSET_BITS 64
| #define _LARGEFILE_SOURCE 1
| #define HAVE_FSEEKO 1
| #define HAVE_LIMITS_H 1
| #define HAVE_PATHS_H 1
| #define HAVE_LINUX_TYPES_H 1
| #define HAVE_LINUX_IF_PACKET_H 1
| #define HAVE_NETPACKET_PACKET_H 1
| #define HAVE_NETINET_IF_ETHER_H 1
| #define HAVE_STRERROR 1
| #define HAVE_STRLCPY 1
| #define HAVE_VSNPRINTF 1
| #define HAVE_SNPRINTF 1
| /* end confdefs.h.  */
| 
| /* Override any GCC internal prototype to avoid an error.
|    Use char because int might match the return type of a GCC
|    builtin and then its argument prototype would still apply.  */
| #ifdef __cplusplus
| extern "C"
| #endif
| char putmsg ();
| int
| main ()
| {
| return putmsg ();
|   ;
|   return 0;
| }
configure:5045: result: no
configure:5068: checking for ether_hostton
configure:5068: mipsel-uclibc-gcc -o conftest -DRTHIWIFI4 -DRTHIWIFI4 -DRTHIWIFI4 -DRTHIWIFI4 -D__CONFIG_EMF__ -D__CONFIG_WPS__   conftest.c  >&5
configure:5068: $? = 0
configure:5068: result: yes
configure:5085: checking whether ether_hostton is declared
configure:5085: mipsel-uclibc-gcc -c -DRTHIWIFI4 -DRTHIWIFI4 -DRTHIWIFI4 -DRTHIWIFI4 -D__CONFIG_EMF__ -D__CONFIG_WPS__  conftest.c >&5
conftest.c: In function 'main':
conftest.c:55: error: 'ether_hostton' undeclared (first use in this function)
conftest.c:55: error: (Each undeclared identifier is reported only once
conftest.c:55: error: for each function it appears in.)
configure:5085: $? = 1
configure: failed program was:
| /* confdefs.h */
| #define PACKAGE_NAME ""
| #define PACKAGE_TARNAME ""
| #define PACKAGE_VERSION ""
| #define PACKAGE_STRING ""
| #define PACKAGE_BUGREPORT ""
| #define PACKAGE_URL ""
| #define inline inline
| #define HAVE___ATTRIBUTE__ 1
| #define __ATTRIBUTE___FORMAT_OK 1
| #define STDC_HEADERS 1
| #define HAVE_SYS_TYPES_H 1
| #define HAVE_SYS_STAT_H 1
| #define HAVE_STDLIB_H 1
| #define HAVE_STRING_H 1
| #define HAVE_MEMORY_H 1
| #define HAVE_STRINGS_H 1
| #define HAVE_INTTYPES_H 1
| #define HAVE_STDINT_H 1
| #define HAVE_UNISTD_H 1
| #define HAVE_SYS_BITYPES_H 1
| #define _FILE_OFFSET_BITS 64
| #define _LARGEFILE_SOURCE 1
| #define HAVE_FSEEKO 1
| #define HAVE_LIMITS_H 1
| #define HAVE_PATHS_H 1
| #define HAVE_LINUX_TYPES_H 1
| #define HAVE_LINUX_IF_PACKET_H 1
| #define HAVE_NETPACKET_PACKET_H 1
| #define HAVE_NETINET_IF_ETHER_H 1
| #define HAVE_STRERROR 1
| #define HAVE_STRLCPY 1
| #define HAVE_VSNPRINTF 1
| #define HAVE_SNPRINTF 1
| #define HAVE_ETHER_HOSTTON 1
| /* end confdefs.h.  */
| 
| #include <sys/types.h>
| #include <sys/socket.h>
| #include <netinet/in.h>
| #include <arpa/inet.h>
| struct mbuf;
| struct rtentry;
| #include <net/if.h>
| #include <netinet/if_ether.h>
| 
| 
| int
| main ()
| {
| #ifndef ether_hostton
| #ifdef __cplusplus
|   (void) ether_hostton;
| #else
|   (void) ether_hostton;
| #endif
| #endif
| 
|   ;
|   return 0;
| }
configure:5085: result: no
configure:5114: checking netinet/ether.h usability
configure:5114: mipsel-uclibc-gcc -c -DRTHIWIFI4 -DRTHIWIFI4 -DRTHIWIFI4 -DRTHIWIFI4 -D__CONFIG_EMF__ -D__CONFIG_WPS__  conftest.c >&5
configure:5114: $? = 0
configure:5114: result: yes
configure:5114: checking netinet/ether.h presence
configure:5114: mipsel-uclibc-gcc -E  conftest.c
configure:5114: $? = 0
configure:5114: result: yes
configure:5114: checking for netinet/ether.h
configure:5114: result: yes
configure:5132: checking whether ether_hostton is declared
configure:5132: mipsel-uclibc-gcc -c -DRTHIWIFI4 -DRTHIWIFI4 -DRTHIWIFI4 -DRTHIWIFI4 -D__CONFIG_EMF__ -D__CONFIG_WPS__  conftest.c >&5
configure:5132: $? = 0
configure:5132: result: yes
configure:5184: checking if --disable-protochain option is specified
configure:5202: result: enabled
configure:5234: checking packet capture type
configure:5278: result: linux
configure:5485: checking for linux/wireless.h
configure:5485: mipsel-uclibc-gcc -c -DRTHIWIFI4 -DRTHIWIFI4 -DRTHIWIFI4 -DRTHIWIFI4 -D__CONFIG_EMF__ -D__CONFIG_WPS__  conftest.c >&5
configure:5485: $? = 0
configure:5485: result: yes
configure:5517: checking for nl_socket_alloc in -lnl-3
configure:5542: mipsel-uclibc-gcc -o conftest -DRTHIWIFI4 -DRTHIWIFI4 -DRTHIWIFI4 -DRTHIWIFI4 -D__CONFIG_EMF__ -D__CONFIG_WPS__   conftest.c -lnl-3   >&5
/opt/brcm/K26/hndtools-mipsel-uclibc-4.2.4/bin/../lib/gcc/mipsel-linux-uclibc/4.2.4/../../../../mipsel-linux-uclibc/bin/ld: cannot find -lnl-3
collect2: ld returned 1 exit status
configure:5542: $? = 1
configure: failed program was:
| /* confdefs.h */
| #define PACKAGE_NAME ""
| #define PACKAGE_TARNAME ""
| #define PACKAGE_VERSION ""
| #define PACKAGE_STRING ""
| #define PACKAGE_BUGREPORT ""
| #define PACKAGE_URL ""
| #define inline inline
| #define HAVE___ATTRIBUTE__ 1
| #define __ATTRIBUTE___FORMAT_OK 1
| #define STDC_HEADERS 1
| #define HAVE_SYS_TYPES_H 1
| #define HAVE_SYS_STAT_H 1
| #define HAVE_STDLIB_H 1
| #define HAVE_STRING_H 1
| #define HAVE_MEMORY_H 1
| #define HAVE_STRINGS_H 1
| #define HAVE_INTTYPES_H 1
| #define HAVE_STDINT_H 1
| #define HAVE_UNISTD_H 1
| #define HAVE_SYS_BITYPES_H 1
| #define _FILE_OFFSET_BITS 64
| #define _LARGEFILE_SOURCE 1
| #define HAVE_FSEEKO 1
| #define HAVE_LIMITS_H 1
| #define HAVE_PATHS_H 1
| #define HAVE_LINUX_TYPES_H 1
| #define HAVE_LINUX_IF_PACKET_H 1
| #define HAVE_NETPACKET_PACKET_H 1
| #define HAVE_NETINET_IF_ETHER_H 1
| #define HAVE_STRERROR 1
| #define HAVE_STRLCPY 1
| #define HAVE_VSNPRINTF 1
| #define HAVE_SNPRINTF 1
| #define HAVE_ETHER_HOSTTON 1
| #define HAVE_NETINET_ETHER_H 1
| #define NETINET_ETHER_H_DECLARES_ETHER_HOSTTON /**/
| #define HAVE_DECL_ETHER_HOSTTON 1
| #define HAVE_LINUX_WIRELESS_H 1
| /* end confdefs.h.  */
| 
| /* Override any GCC internal prototype to avoid an error.
|    Use char because int might match the return type of a GCC
|    builtin and then its argument prototype would still apply.  */
| #ifdef __cplusplus
| extern "C"
| #endif
| char nl_socket_alloc ();
| int
| main ()
| {
| return nl_socket_alloc ();
|   ;
|   return 0;
| }
configure:5551: result: no
configure:5581: checking for nl_socket_alloc in -lnl
configure:5606: mipsel-uclibc-gcc -o conftest -DRTHIWIFI4 -DRTHIWIFI4 -DRTHIWIFI4 -DRTHIWIFI4 -D__CONFIG_EMF__ -D__CONFIG_WPS__   conftest.c -lnl   >&5
/opt/brcm/K26/hndtools-mipsel-uclibc-4.2.4/bin/../lib/gcc/mipsel-linux-uclibc/4.2.4/../../../../mipsel-linux-uclibc/bin/ld: cannot find -lnl
collect2: ld returned 1 exit status
configure:5606: $? = 1
configure: failed program was:
| /* confdefs.h */
| #define PACKAGE_NAME ""
| #define PACKAGE_TARNAME ""
| #define PACKAGE_VERSION ""
| #define PACKAGE_STRING ""
| #define PACKAGE_BUGREPORT ""
| #define PACKAGE_URL ""
| #define inline inline
| #define HAVE___ATTRIBUTE__ 1
| #define __ATTRIBUTE___FORMAT_OK 1
| #define STDC_HEADERS 1
| #define HAVE_SYS_TYPES_H 1
| #define HAVE_SYS_STAT_H 1
| #define HAVE_STDLIB_H 1
| #define HAVE_STRING_H 1
| #define HAVE_MEMORY_H 1
| #define HAVE_STRINGS_H 1
| #define HAVE_INTTYPES_H 1
| #define HAVE_STDINT_H 1
| #define HAVE_UNISTD_H 1
| #define HAVE_SYS_BITYPES_H 1
| #define _FILE_OFFSET_BITS 64
| #define _LARGEFILE_SOURCE 1
| #define HAVE_FSEEKO 1
| #define HAVE_LIMITS_H 1
| #define HAVE_PATHS_H 1
| #define HAVE_LINUX_TYPES_H 1
| #define HAVE_LINUX_IF_PACKET_H 1
| #define HAVE_NETPACKET_PACKET_H 1
| #define HAVE_NETINET_IF_ETHER_H 1
| #define HAVE_STRERROR 1
| #define HAVE_STRLCPY 1
| #define HAVE_VSNPRINTF 1
| #define HAVE_SNPRINTF 1
| #define HAVE_ETHER_HOSTTON 1
| #define HAVE_NETINET_ETHER_H 1
| #define NETINET_ETHER_H_DECLARES_ETHER_HOSTTON /**/
| #define HAVE_DECL_ETHER_HOSTTON 1
| #define HAVE_LINUX_WIRELESS_H 1
| /* end confdefs.h.  */
| 
| /* Override any GCC internal prototype to avoid an error.
|    Use char because int might match the return type of a GCC
|    builtin and then its argument prototype would still apply.  */
| #ifdef __cplusplus
| extern "C"
| #endif
| char nl_socket_alloc ();
| int
| main ()
| {
| return nl_socket_alloc ();
|   ;
|   return 0;
| }
configure:5615: result: no
configure:5645: checking for nl_handle_alloc in -lnl
configure:5670: mipsel-uclibc-gcc -o conftest -DRTHIWIFI4 -DRTHIWIFI4 -DRTHIWIFI4 -DRTHIWIFI4 -D__CONFIG_EMF__ -D__CONFIG_WPS__   conftest.c -lnl   >&5
/opt/brcm/K26/hndtools-mipsel-uclibc-4.2.4/bin/../lib/gcc/mipsel-linux-uclibc/4.2.4/../../../../mipsel-linux-uclibc/bin/ld: cannot find -lnl
collect2: ld returned 1 exit status
configure:5670: $? = 1
configure: failed program was:
| /* confdefs.h */
| #define PACKAGE_NAME ""
| #define PACKAGE_TARNAME ""
| #define PACKAGE_VERSION ""
| #define PACKAGE_STRING ""
| #define PACKAGE_BUGREPORT ""
| #define PACKAGE_URL ""
| #define inline inline
| #define HAVE___ATTRIBUTE__ 1
| #define __ATTRIBUTE___FORMAT_OK 1
| #define STDC_HEADERS 1
| #define HAVE_SYS_TYPES_H 1
| #define HAVE_SYS_STAT_H 1
| #define HAVE_STDLIB_H 1
| #define HAVE_STRING_H 1
| #define HAVE_MEMORY_H 1
| #define HAVE_STRINGS_H 1
| #define HAVE_INTTYPES_H 1
| #define HAVE_STDINT_H 1
| #define HAVE_UNISTD_H 1
| #define HAVE_SYS_BITYPES_H 1
| #define _FILE_OFFSET_BITS 64
| #define _LARGEFILE_SOURCE 1
| #define HAVE_FSEEKO 1
| #define HAVE_LIMITS_H 1
| #define HAVE_PATHS_H 1
| #define HAVE_LINUX_TYPES_H 1
| #define HAVE_LINUX_IF_PACKET_H 1
| #define HAVE_NETPACKET_PACKET_H 1
| #define HAVE_NETINET_IF_ETHER_H 1
| #define HAVE_STRERROR 1
| #define HAVE_STRLCPY 1
| #define HAVE_VSNPRINTF 1
| #define HAVE_SNPRINTF 1
| #define HAVE_ETHER_HOSTTON 1
| #define HAVE_NETINET_ETHER_H 1
| #define NETINET_ETHER_H_DECLARES_ETHER_HOSTTON /**/
| #define HAVE_DECL_ETHER_HOSTTON 1
| #define HAVE_LINUX_WIRELESS_H 1
| /* end confdefs.h.  */
| 
| /* Override any GCC internal prototype to avoid an error.
|    Use char because int might match the return type of a GCC
|    builtin and then its argument prototype would still apply.  */
| #ifdef __cplusplus
| extern "C"
| #endif
| char nl_handle_alloc ();
| int
| main ()
| {
| return nl_handle_alloc ();
|   ;
|   return 0;
| }
configure:5679: result: no
configure:5708: checking for linux/ethtool.h
configure:5708: mipsel-uclibc-gcc -c -DRTHIWIFI4 -DRTHIWIFI4 -DRTHIWIFI4 -DRTHIWIFI4 -D__CONFIG_EMF__ -D__CONFIG_WPS__  conftest.c >&5
configure:5708: $? = 0
configure:5708: result: yes
configure:5722: checking if if_packet.h has tpacket_stats defined
configure:5739: mipsel-uclibc-gcc -c -DRTHIWIFI4 -DRTHIWIFI4 -DRTHIWIFI4 -DRTHIWIFI4 -D__CONFIG_EMF__ -D__CONFIG_WPS__  conftest.c >&5
configure:5739: $? = 0
configure:5747: result: yes
configure:5754: checking if tpacket_auxdata struct has tp_vlan_tci member
configure:5772: mipsel-uclibc-gcc -c -DRTHIWIFI4 -DRTHIWIFI4 -DRTHIWIFI4 -DRTHIWIFI4 -D__CONFIG_EMF__ -D__CONFIG_WPS__  conftest.c >&5
conftest.c: In function 'main':
conftest.c:49: error: 'struct tpacket_auxdata' has no member named 'tp_vlan_tci'
configure:5772: $? = 1
configure: failed program was:
| /* confdefs.h */
| #define PACKAGE_NAME ""
| #define PACKAGE_TARNAME ""
| #define PACKAGE_VERSION ""
| #define PACKAGE_STRING ""
| #define PACKAGE_BUGREPORT ""
| #define PACKAGE_URL ""
| #define inline inline
| #define HAVE___ATTRIBUTE__ 1
| #define __ATTRIBUTE___FORMAT_OK 1
| #define STDC_HEADERS 1
| #define HAVE_SYS_TYPES_H 1
| #define HAVE_SYS_STAT_H 1
| #define HAVE_STDLIB_H 1
| #define HAVE_STRING_H 1
| #define HAVE_MEMORY_H 1
| #define HAVE_STRINGS_H 1
| #define HAVE_INTTYPES_H 1
| #define HAVE_STDINT_H 1
| #define HAVE_UNISTD_H 1
| #define HAVE_SYS_BITYPES_H 1
| #define _FILE_OFFSET_BITS 64
| #define _LARGEFILE_SOURCE 1
| #define HAVE_FSEEKO 1
| #define HAVE_LIMITS_H 1
| #define HAVE_PATHS_H 1
| #define HAVE_LINUX_TYPES_H 1
| #define HAVE_LINUX_IF_PACKET_H 1
| #define HAVE_NETPACKET_PACKET_H 1
| #define HAVE_NETINET_IF_ETHER_H 1
| #define HAVE_STRERROR 1
| #define HAVE_STRLCPY 1
| #define HAVE_VSNPRINTF 1
| #define HAVE_SNPRINTF 1
| #define HAVE_ETHER_HOSTTON 1
| #define HAVE_NETINET_ETHER_H 1
| #define NETINET_ETHER_H_DECLARES_ETHER_HOSTTON /**/
| #define HAVE_DECL_ETHER_HOSTTON 1
| #define HAVE_LINUX_WIRELESS_H 1
| #define HAVE_LINUX_ETHTOOL_H 1
| #define HAVE_TPACKET_STATS 1
| /* end confdefs.h.  */
| 
| #	include <sys/types.h>
| #	include <linux/if_packet.h>
| int
| main ()
| {
| u_int i = sizeof(((struct tpacket_auxdata *)0)->tp_vlan_tci)
|   ;
|   return 0;
| }
configure:5780: result: no
configure:5889: checking for getifaddrs
configure:5889: mipsel-uclibc-gcc -o conftest -DRTHIWIFI4 -DRTHIWIFI4 -DRTHIWIFI4 -DRTHIWIFI4 -D__CONFIG_EMF__ -D__CONFIG_WPS__   conftest.c  >&5
configure:5889: $? = 0
configure:5889: result: yes
configure:5896: checking ifaddrs.h usability
configure:5896: mipsel-uclibc-gcc -c -DRTHIWIFI4 -DRTHIWIFI4 -DRTHIWIFI4 -DRTHIWIFI4 -D__CONFIG_EMF__ -D__CONFIG_WPS__  conftest.c >&5
configure:5896: $? = 0
configure:5896: result: yes
configure:5896: checking ifaddrs.h presence
configure:5896: mipsel-uclibc-gcc -E  conftest.c
configure:5896: $? = 0
configure:5896: result: yes
configure:5896: checking for ifaddrs.h
configure:5896: result: yes
configure:5994: checking for socklen_t
configure:6010: mipsel-uclibc-gcc -c -DRTHIWIFI4 -DRTHIWIFI4 -DRTHIWIFI4 -DRTHIWIFI4 -D__CONFIG_EMF__ -D__CONFIG_WPS__  conftest.c >&5
configure:6010: $? = 0
configure:6021: result: yes
configure:6032: checking for getaddrinfo
configure:6032: mipsel-uclibc-gcc -o conftest -DRTHIWIFI4 -DRTHIWIFI4 -DRTHIWIFI4 -DRTHIWIFI4 -D__CONFIG_EMF__ -D__CONFIG_WPS__   conftest.c  >&5
configure:6032: $? = 0
configure:6032: result: yes
configure:6052: checking whether to build optimizer debugging code
configure:6064: result: no
configure:6067: checking whether to build parser debugging code
configure:6079: result: no
configure:6158: checking whether we have DAG API headers
configure:6181: result: no (/usr/local/include)
configure:6390: checking whether we have the DAG API
configure:6394: result: no
configure:6461: checking whether we have Septel API
configure:6483: result: no
configure:6576: checking whether we have Myricom Sniffer API
configure:6594: result: no (/opt/snf)
configure:6689: checking for flex
configure:6705: found /usr/bin/flex
configure:6716: result: flex
configure:6731: checking for flex 2.4 or higher
configure:6743: result: yes
configure:6759: checking for bison
configure:6775: found /usr/bin/bison
configure:6786: result: bison
configure:7125: checking for mipsel-linux-ranlib
configure:7152: result: mipsel-uclibc-ranlib
configure:7217: checking for mipsel-linux-ar
configure:7244: result: mipsel-uclibc-ar
configure:7307: checking whether ln -s works
configure:7311: result: yes
configure:7582: checking if sockaddr struct has the sa_len member
configure:7600: mipsel-uclibc-gcc -c -DRTHIWIFI4 -DRTHIWIFI4 -DRTHIWIFI4 -DRTHIWIFI4 -D__CONFIG_EMF__ -D__CONFIG_WPS__  conftest.c >&5
conftest.c: In function 'main':
conftest.c:51: error: 'struct sockaddr' has no member named 'sa_len'
configure:7600: $? = 1
configure: failed program was:
| /* confdefs.h */
| #define PACKAGE_NAME ""
| #define PACKAGE_TARNAME ""
| #define PACKAGE_VERSION ""
| #define PACKAGE_STRING ""
| #define PACKAGE_BUGREPORT ""
| #define PACKAGE_URL ""
| #define inline inline
| #define HAVE___ATTRIBUTE__ 1
| #define __ATTRIBUTE___FORMAT_OK 1
| #define STDC_HEADERS 1
| #define HAVE_SYS_TYPES_H 1
| #define HAVE_SYS_STAT_H 1
| #define HAVE_STDLIB_H 1
| #define HAVE_STRING_H 1
| #define HAVE_MEMORY_H 1
| #define HAVE_STRINGS_H 1
| #define HAVE_INTTYPES_H 1
| #define HAVE_STDINT_H 1
| #define HAVE_UNISTD_H 1
| #define HAVE_SYS_BITYPES_H 1
| #define _FILE_OFFSET_BITS 64
| #define _LARGEFILE_SOURCE 1
| #define HAVE_FSEEKO 1
| #define HAVE_LIMITS_H 1
| #define HAVE_PATHS_H 1
| #define HAVE_LINUX_TYPES_H 1
| #define HAVE_LINUX_IF_PACKET_H 1
| #define HAVE_NETPACKET_PACKET_H 1
| #define HAVE_NETINET_IF_ETHER_H 1
| #define HAVE_STRERROR 1
| #define HAVE_STRLCPY 1
| #define HAVE_VSNPRINTF 1
| #define HAVE_SNPRINTF 1
| #define HAVE_ETHER_HOSTTON 1
| #define HAVE_NETINET_ETHER_H 1
| #define NETINET_ETHER_H_DECLARES_ETHER_HOSTTON /**/
| #define HAVE_DECL_ETHER_HOSTTON 1
| #define HAVE_LINUX_WIRELESS_H 1
| #define HAVE_LINUX_ETHTOOL_H 1
| #define HAVE_TPACKET_STATS 1
| #define HAVE_SOCKLEN_T 1
| #define INET6 1
| /* end confdefs.h.  */
| 
| #	include <sys/types.h>
| #	include <sys/socket.h>
| int
| main ()
| {
| u_int i = sizeof(((struct sockaddr *)0)->sa_len)
|   ;
|   return 0;
| }
configure:7608: result: no
configure:7616: checking if sockaddr_storage struct exists
configure:7634: mipsel-uclibc-gcc -c -DRTHIWIFI4 -DRTHIWIFI4 -DRTHIWIFI4 -DRTHIWIFI4 -D__CONFIG_EMF__ -D__CONFIG_WPS__  conftest.c >&5
configure:7634: $? = 0
configure:7642: result: yes
configure:7650: checking if dl_hp_ppa_info_t struct has dl_module_id_1 member
configure:7669: mipsel-uclibc-gcc -c -DRTHIWIFI4 -DRTHIWIFI4 -DRTHIWIFI4 -DRTHIWIFI4 -D__CONFIG_EMF__ -D__CONFIG_WPS__  conftest.c >&5
conftest.c:48:23: error: sys/dlpi.h: No such file or directory
conftest.c:49:27: error: sys/dlpi_ext.h: No such file or directory
conftest.c: In function 'main':
conftest.c:53: error: 'dl_hp_ppa_info_t' undeclared (first use in this function)
conftest.c:53: error: (Each undeclared identifier is reported only once
conftest.c:53: error: for each function it appears in.)
conftest.c:53: error: expected expression before ')' token
configure:7669: $? = 1
configure: failed program was:
| /* confdefs.h */
| #define PACKAGE_NAME ""
| #define PACKAGE_TARNAME ""
| #define PACKAGE_VERSION ""
| #define PACKAGE_STRING ""
| #define PACKAGE_BUGREPORT ""
| #define PACKAGE_URL ""
| #define inline inline
| #define HAVE___ATTRIBUTE__ 1
| #define __ATTRIBUTE___FORMAT_OK 1
| #define STDC_HEADERS 1
| #define HAVE_SYS_TYPES_H 1
| #define HAVE_SYS_STAT_H 1
| #define HAVE_STDLIB_H 1
| #define HAVE_STRING_H 1
| #define HAVE_MEMORY_H 1
| #define HAVE_STRINGS_H 1
| #define HAVE_INTTYPES_H 1
| #define HAVE_STDINT_H 1
| #define HAVE_UNISTD_H 1
| #define HAVE_SYS_BITYPES_H 1
| #define _FILE_OFFSET_BITS 64
| #define _LARGEFILE_SOURCE 1
| #define HAVE_FSEEKO 1
| #define HAVE_LIMITS_H 1
| #define HAVE_PATHS_H 1
| #define HAVE_LINUX_TYPES_H 1
| #define HAVE_LINUX_IF_PACKET_H 1
| #define HAVE_NETPACKET_PACKET_H 1
| #define HAVE_NETINET_IF_ETHER_H 1
| #define HAVE_STRERROR 1
| #define HAVE_STRLCPY 1
| #define HAVE_VSNPRINTF 1
| #define HAVE_SNPRINTF 1
| #define HAVE_ETHER_HOSTTON 1
| #define HAVE_NETINET_ETHER_H 1
| #define NETINET_ETHER_H_DECLARES_ETHER_HOSTTON /**/
| #define HAVE_DECL_ETHER_HOSTTON 1
| #define HAVE_LINUX_WIRELESS_H 1
| #define HAVE_LINUX_ETHTOOL_H 1
| #define HAVE_TPACKET_STATS 1
| #define HAVE_SOCKLEN_T 1
| #define INET6 1
| #define HAVE_SOCKADDR_STORAGE 1
| /* end confdefs.h.  */
| 
| #	include <sys/types.h>
| #	include <sys/dlpi.h>
| #	include <sys/dlpi_ext.h>
| int
| main ()
| {
| u_int i = sizeof(((dl_hp_ppa_info_t *)0)->dl_module_id_1)
|   ;
|   return 0;
| }
configure:7677: result: no
configure:7685: checking if unaligned accesses fail
configure:7772: result: yes
configure:7809: checking for USB sniffing support
configure:7817: result: yes
configure:7828: Device for USB sniffing is /dev/usbmon
configure:7836: checking linux/compiler.h usability
configure:7836: mipsel-uclibc-gcc -c -DRTHIWIFI4 -DRTHIWIFI4 -DRTHIWIFI4 -DRTHIWIFI4 -D__CONFIG_EMF__ -D__CONFIG_WPS__  conftest.c >&5
configure:7836: $? = 0
configure:7836: result: yes
configure:7836: checking linux/compiler.h presence
configure:7836: mipsel-uclibc-gcc -E  conftest.c
configure:7836: $? = 0
configure:7836: result: yes
configure:7836: checking for linux/compiler.h
configure:7836: result: yes
configure:7852: checking for linux/usbdevice_fs.h
configure:7852: mipsel-uclibc-gcc -c -DRTHIWIFI4 -DRTHIWIFI4 -DRTHIWIFI4 -DRTHIWIFI4 -D__CONFIG_EMF__ -D__CONFIG_WPS__  conftest.c >&5
configure:7852: $? = 0
configure:7852: result: yes
configure:7884: checking if usbdevfs_ctrltransfer struct has bRequestType member
configure:7908: mipsel-uclibc-gcc -c -DRTHIWIFI4 -DRTHIWIFI4 -DRTHIWIFI4 -DRTHIWIFI4 -D__CONFIG_EMF__ -D__CONFIG_WPS__  conftest.c >&5
configure:7908: $? = 0
configure:7916: result: yes
configure:7933: checking whether the platform could support netfilter sniffing
configure:7937: result: yes
configure:7947: checking whether we can compile the netfilter support
configure:7973: mipsel-uclibc-gcc -c -DRTHIWIFI4 -DRTHIWIFI4 -DRTHIWIFI4 -DRTHIWIFI4 -D__CONFIG_EMF__ -D__CONFIG_WPS__  conftest.c >&5
In file included from conftest.c:94:
/opt/brcm/K26/hndtools-mipsel-uclibc-4.2.4/bin/../lib/gcc/mipsel-linux-uclibc/4.2.4/../../../../mipsel-linux-uclibc/sys-include/linux/netfilter/nfnetlink_log.h:31: error: expected specifier-qualifier-list before 'aligned_be64'
In file included from conftest.c:95:
/opt/brcm/K26/hndtools-mipsel-uclibc-4.2.4/bin/../lib/gcc/mipsel-linux-uclibc/4.2.4/../../../../mipsel-linux-uclibc/sys-include/linux/netfilter/nfnetlink_queue.h:28: error: expected specifier-qualifier-list before 'aligned_be64'
configure:7973: $? = 1
configure: failed program was:
| /* confdefs.h */
| #define PACKAGE_NAME ""
| #define PACKAGE_TARNAME ""
| #define PACKAGE_VERSION ""
| #define PACKAGE_STRING ""
| #define PACKAGE_BUGREPORT ""
| #define PACKAGE_URL ""
| #define inline inline
| #define HAVE___ATTRIBUTE__ 1
| #define __ATTRIBUTE___FORMAT_OK 1
| #define STDC_HEADERS 1
| #define HAVE_SYS_TYPES_H 1
| #define HAVE_SYS_STAT_H 1
| #define HAVE_STDLIB_H 1
| #define HAVE_STRING_H 1
| #define HAVE_MEMORY_H 1
| #define HAVE_STRINGS_H 1
| #define HAVE_INTTYPES_H 1
| #define HAVE_STDINT_H 1
| #define HAVE_UNISTD_H 1
| #define HAVE_SYS_BITYPES_H 1
| #define _FILE_OFFSET_BITS 64
| #define _LARGEFILE_SOURCE 1
| #define HAVE_FSEEKO 1
| #define HAVE_LIMITS_H 1
| #define HAVE_PATHS_H 1
| #define HAVE_LINUX_TYPES_H 1
| #define HAVE_LINUX_IF_PACKET_H 1
| #define HAVE_NETPACKET_PACKET_H 1
| #define HAVE_NETINET_IF_ETHER_H 1
| #define HAVE_STRERROR 1
| #define HAVE_STRLCPY 1
| #define HAVE_VSNPRINTF 1
| #define HAVE_SNPRINTF 1
| #define HAVE_ETHER_HOSTTON 1
| #define HAVE_NETINET_ETHER_H 1
| #define NETINET_ETHER_H_DECLARES_ETHER_HOSTTON /**/
| #define HAVE_DECL_ETHER_HOSTTON 1
| #define HAVE_LINUX_WIRELESS_H 1
| #define HAVE_LINUX_ETHTOOL_H 1
| #define HAVE_TPACKET_STATS 1
| #define HAVE_SOCKLEN_T 1
| #define INET6 1
| #define HAVE_SOCKADDR_STORAGE 1
| #define LBL_ALIGN 1
| #define HAVE_VERSION_H 1
| #define PCAP_SUPPORT_USB 1
| #define LINUX_USB_MON_DEV "/dev/usbmon"
| #define HAVE_LINUX_COMPILER_H 1
| #define HAVE_LINUX_USBDEVICE_FS_H 1
| #define HAVE_USBDEVFS_CTRLTRANSFER_BREQUESTTYPE 1
| /* end confdefs.h.  */
| 
| #include <stdio.h>
| #ifdef HAVE_SYS_TYPES_H
| # include <sys/types.h>
| #endif
| #ifdef HAVE_SYS_STAT_H
| # include <sys/stat.h>
| #endif
| #ifdef STDC_HEADERS
| # include <stdlib.h>
| # include <stddef.h>
| #else
| # ifdef HAVE_STDLIB_H
| #  include <stdlib.h>
| # endif
| #endif
| #ifdef HAVE_STRING_H
| # if !defined STDC_HEADERS && defined HAVE_MEMORY_H
| #  include <memory.h>
| # endif
| # include <string.h>
| #endif
| #ifdef HAVE_STRINGS_H
| # include <strings.h>
| #endif
| #ifdef HAVE_INTTYPES_H
| # include <inttypes.h>
| #endif
| #ifdef HAVE_STDINT_H
| # include <stdint.h>
| #endif
| #ifdef HAVE_UNISTD_H
| # include <unistd.h>
| #endif
| #include <sys/socket.h>
| #include <netinet/in.h>
| #include <linux/types.h>
| 
| #include <linux/netlink.h>
| #include <linux/netfilter.h>
| #include <linux/netfilter/nfnetlink.h>
| #include <linux/netfilter/nfnetlink_log.h>
| #include <linux/netfilter/nfnetlink_queue.h>
| int
| main ()
| {
| 
|   ;
|   return 0;
| }
configure:7981: result: no
configure:8009: checking bluetooth/bluetooth.h usability
configure:8009: mipsel-uclibc-gcc -c -DRTHIWIFI4 -DRTHIWIFI4 -DRTHIWIFI4 -DRTHIWIFI4 -D__CONFIG_EMF__ -D__CONFIG_WPS__  conftest.c >&5
conftest.c:86:33: error: bluetooth/bluetooth.h: No such file or directory
configure:8009: $? = 1
configure: failed program was:
| /* confdefs.h */
| #define PACKAGE_NAME ""
| #define PACKAGE_TARNAME ""
| #define PACKAGE_VERSION ""
| #define PACKAGE_STRING ""
| #define PACKAGE_BUGREPORT ""
| #define PACKAGE_URL ""
| #define inline inline
| #define HAVE___ATTRIBUTE__ 1
| #define __ATTRIBUTE___FORMAT_OK 1
| #define STDC_HEADERS 1
| #define HAVE_SYS_TYPES_H 1
| #define HAVE_SYS_STAT_H 1
| #define HAVE_STDLIB_H 1
| #define HAVE_STRING_H 1
| #define HAVE_MEMORY_H 1
| #define HAVE_STRINGS_H 1
| #define HAVE_INTTYPES_H 1
| #define HAVE_STDINT_H 1
| #define HAVE_UNISTD_H 1
| #define HAVE_SYS_BITYPES_H 1
| #define _FILE_OFFSET_BITS 64
| #define _LARGEFILE_SOURCE 1
| #define HAVE_FSEEKO 1
| #define HAVE_LIMITS_H 1
| #define HAVE_PATHS_H 1
| #define HAVE_LINUX_TYPES_H 1
| #define HAVE_LINUX_IF_PACKET_H 1
| #define HAVE_NETPACKET_PACKET_H 1
| #define HAVE_NETINET_IF_ETHER_H 1
| #define HAVE_STRERROR 1
| #define HAVE_STRLCPY 1
| #define HAVE_VSNPRINTF 1
| #define HAVE_SNPRINTF 1
| #define HAVE_ETHER_HOSTTON 1
| #define HAVE_NETINET_ETHER_H 1
| #define NETINET_ETHER_H_DECLARES_ETHER_HOSTTON /**/
| #define HAVE_DECL_ETHER_HOSTTON 1
| #define HAVE_LINUX_WIRELESS_H 1
| #define HAVE_LINUX_ETHTOOL_H 1
| #define HAVE_TPACKET_STATS 1
| #define HAVE_SOCKLEN_T 1
| #define INET6 1
| #define HAVE_SOCKADDR_STORAGE 1
| #define LBL_ALIGN 1
| #define HAVE_VERSION_H 1
| #define PCAP_SUPPORT_USB 1
| #define LINUX_USB_MON_DEV "/dev/usbmon"
| #define HAVE_LINUX_COMPILER_H 1
| #define HAVE_LINUX_USBDEVICE_FS_H 1
| #define HAVE_USBDEVFS_CTRLTRANSFER_BREQUESTTYPE 1
| /* end confdefs.h.  */
| #include <stdio.h>
| #ifdef HAVE_SYS_TYPES_H
| # include <sys/types.h>
| #endif
| #ifdef HAVE_SYS_STAT_H
| # include <sys/stat.h>
| #endif
| #ifdef STDC_HEADERS
| # include <stdlib.h>
| # include <stddef.h>
| #else
| # ifdef HAVE_STDLIB_H
| #  include <stdlib.h>
| # endif
| #endif
| #ifdef HAVE_STRING_H
| # if !defined STDC_HEADERS && defined HAVE_MEMORY_H
| #  include <memory.h>
| # endif
| # include <string.h>
| #endif
| #ifdef HAVE_STRINGS_H
| # include <strings.h>
| #endif
| #ifdef HAVE_INTTYPES_H
| # include <inttypes.h>
| #endif
| #ifdef HAVE_STDINT_H
| # include <stdint.h>
| #endif
| #ifdef HAVE_UNISTD_H
| # include <unistd.h>
| #endif
| #include <bluetooth/bluetooth.h>
configure:8009: result: no
configure:8009: checking bluetooth/bluetooth.h presence
configure:8009: mipsel-uclibc-gcc -E  conftest.c
conftest.c:53:33: error: bluetooth/bluetooth.h: No such file or directory
configure:8009: $? = 1
configure: failed program was:
| /* confdefs.h */
| #define PACKAGE_NAME ""
| #define PACKAGE_TARNAME ""
| #define PACKAGE_VERSION ""
| #define PACKAGE_STRING ""
| #define PACKAGE_BUGREPORT ""
| #define PACKAGE_URL ""
| #define inline inline
| #define HAVE___ATTRIBUTE__ 1
| #define __ATTRIBUTE___FORMAT_OK 1
| #define STDC_HEADERS 1
| #define HAVE_SYS_TYPES_H 1
| #define HAVE_SYS_STAT_H 1
| #define HAVE_STDLIB_H 1
| #define HAVE_STRING_H 1
| #define HAVE_MEMORY_H 1
| #define HAVE_STRINGS_H 1
| #define HAVE_INTTYPES_H 1
| #define HAVE_STDINT_H 1
| #define HAVE_UNISTD_H 1
| #define HAVE_SYS_BITYPES_H 1
| #define _FILE_OFFSET_BITS 64
| #define _LARGEFILE_SOURCE 1
| #define HAVE_FSEEKO 1
| #define HAVE_LIMITS_H 1
| #define HAVE_PATHS_H 1
| #define HAVE_LINUX_TYPES_H 1
| #define HAVE_LINUX_IF_PACKET_H 1
| #define HAVE_NETPACKET_PACKET_H 1
| #define HAVE_NETINET_IF_ETHER_H 1
| #define HAVE_STRERROR 1
| #define HAVE_STRLCPY 1
| #define HAVE_VSNPRINTF 1
| #define HAVE_SNPRINTF 1
| #define HAVE_ETHER_HOSTTON 1
| #define HAVE_NETINET_ETHER_H 1
| #define NETINET_ETHER_H_DECLARES_ETHER_HOSTTON /**/
| #define HAVE_DECL_ETHER_HOSTTON 1
| #define HAVE_LINUX_WIRELESS_H 1
| #define HAVE_LINUX_ETHTOOL_H 1
| #define HAVE_TPACKET_STATS 1
| #define HAVE_SOCKLEN_T 1
| #define INET6 1
| #define HAVE_SOCKADDR_STORAGE 1
| #define LBL_ALIGN 1
| #define HAVE_VERSION_H 1
| #define PCAP_SUPPORT_USB 1
| #define LINUX_USB_MON_DEV "/dev/usbmon"
| #define HAVE_LINUX_COMPILER_H 1
| #define HAVE_LINUX_USBDEVICE_FS_H 1
| #define HAVE_USBDEVFS_CTRLTRANSFER_BREQUESTTYPE 1
| /* end confdefs.h.  */
| #include <bluetooth/bluetooth.h>
configure:8009: result: no
configure:8009: checking for bluetooth/bluetooth.h
configure:8009: result: no
configure:8059: Bluetooth sniffing is not supported; install bluez-lib devel to enable it
configure:8086: checking libusb-1.0/libusb.h usability
configure:8086: mipsel-uclibc-gcc -c -DRTHIWIFI4 -DRTHIWIFI4 -DRTHIWIFI4 -DRTHIWIFI4 -D__CONFIG_EMF__ -D__CONFIG_WPS__  conftest.c >&5
conftest.c:86:31: error: libusb-1.0/libusb.h: No such file or directory
configure:8086: $? = 1
configure: failed program was:
| /* confdefs.h */
| #define PACKAGE_NAME ""
| #define PACKAGE_TARNAME ""
| #define PACKAGE_VERSION ""
| #define PACKAGE_STRING ""
| #define PACKAGE_BUGREPORT ""
| #define PACKAGE_URL ""
| #define inline inline
| #define HAVE___ATTRIBUTE__ 1
| #define __ATTRIBUTE___FORMAT_OK 1
| #define STDC_HEADERS 1
| #define HAVE_SYS_TYPES_H 1
| #define HAVE_SYS_STAT_H 1
| #define HAVE_STDLIB_H 1
| #define HAVE_STRING_H 1
| #define HAVE_MEMORY_H 1
| #define HAVE_STRINGS_H 1
| #define HAVE_INTTYPES_H 1
| #define HAVE_STDINT_H 1
| #define HAVE_UNISTD_H 1
| #define HAVE_SYS_BITYPES_H 1
| #define _FILE_OFFSET_BITS 64
| #define _LARGEFILE_SOURCE 1
| #define HAVE_FSEEKO 1
| #define HAVE_LIMITS_H 1
| #define HAVE_PATHS_H 1
| #define HAVE_LINUX_TYPES_H 1
| #define HAVE_LINUX_IF_PACKET_H 1
| #define HAVE_NETPACKET_PACKET_H 1
| #define HAVE_NETINET_IF_ETHER_H 1
| #define HAVE_STRERROR 1
| #define HAVE_STRLCPY 1
| #define HAVE_VSNPRINTF 1
| #define HAVE_SNPRINTF 1
| #define HAVE_ETHER_HOSTTON 1
| #define HAVE_NETINET_ETHER_H 1
| #define NETINET_ETHER_H_DECLARES_ETHER_HOSTTON /**/
| #define HAVE_DECL_ETHER_HOSTTON 1
| #define HAVE_LINUX_WIRELESS_H 1
| #define HAVE_LINUX_ETHTOOL_H 1
| #define HAVE_TPACKET_STATS 1
| #define HAVE_SOCKLEN_T 1
| #define INET6 1
| #define HAVE_SOCKADDR_STORAGE 1
| #define LBL_ALIGN 1
| #define HAVE_VERSION_H 1
| #define PCAP_SUPPORT_USB 1
| #define LINUX_USB_MON_DEV "/dev/usbmon"
| #define HAVE_LINUX_COMPILER_H 1
| #define HAVE_LINUX_USBDEVICE_FS_H 1
| #define HAVE_USBDEVFS_CTRLTRANSFER_BREQUESTTYPE 1
| /* end confdefs.h.  */
| #include <stdio.h>
| #ifdef HAVE_SYS_TYPES_H
| # include <sys/types.h>
| #endif
| #ifdef HAVE_SYS_STAT_H
| # include <sys/stat.h>
| #endif
| #ifdef STDC_HEADERS
| # include <stdlib.h>
| # include <stddef.h>
| #else
| # ifdef HAVE_STDLIB_H
| #  include <stdlib.h>
| # endif
| #endif
| #ifdef HAVE_STRING_H
| # if !defined STDC_HEADERS && defined HAVE_MEMORY_H
| #  include <memory.h>
| # endif
| # include <string.h>
| #endif
| #ifdef HAVE_STRINGS_H
| # include <strings.h>
| #endif
| #ifdef HAVE_INTTYPES_H
| # include <inttypes.h>
| #endif
| #ifdef HAVE_STDINT_H
| # include <stdint.h>
| #endif
| #ifdef HAVE_UNISTD_H
| # include <unistd.h>
| #endif
| #include <libusb-1.0/libusb.h>
configure:8086: result: no
configure:8086: checking libusb-1.0/libusb.h presence
configure:8086: mipsel-uclibc-gcc -E  conftest.c
conftest.c:53:31: error: libusb-1.0/libusb.h: No such file or directory
configure:8086: $? = 1
configure: failed program was:
| /* confdefs.h */
| #define PACKAGE_NAME ""
| #define PACKAGE_TARNAME ""
| #define PACKAGE_VERSION ""
| #define PACKAGE_STRING ""
| #define PACKAGE_BUGREPORT ""
| #define PACKAGE_URL ""
| #define inline inline
| #define HAVE___ATTRIBUTE__ 1
| #define __ATTRIBUTE___FORMAT_OK 1
| #define STDC_HEADERS 1
| #define HAVE_SYS_TYPES_H 1
| #define HAVE_SYS_STAT_H 1
| #define HAVE_STDLIB_H 1
| #define HAVE_STRING_H 1
| #define HAVE_MEMORY_H 1
| #define HAVE_STRINGS_H 1
| #define HAVE_INTTYPES_H 1
| #define HAVE_STDINT_H 1
| #define HAVE_UNISTD_H 1
| #define HAVE_SYS_BITYPES_H 1
| #define _FILE_OFFSET_BITS 64
| #define _LARGEFILE_SOURCE 1
| #define HAVE_FSEEKO 1
| #define HAVE_LIMITS_H 1
| #define HAVE_PATHS_H 1
| #define HAVE_LINUX_TYPES_H 1
| #define HAVE_LINUX_IF_PACKET_H 1
| #define HAVE_NETPACKET_PACKET_H 1
| #define HAVE_NETINET_IF_ETHER_H 1
| #define HAVE_STRERROR 1
| #define HAVE_STRLCPY 1
| #define HAVE_VSNPRINTF 1
| #define HAVE_SNPRINTF 1
| #define HAVE_ETHER_HOSTTON 1
| #define HAVE_NETINET_ETHER_H 1
| #define NETINET_ETHER_H_DECLARES_ETHER_HOSTTON /**/
| #define HAVE_DECL_ETHER_HOSTTON 1
| #define HAVE_LINUX_WIRELESS_H 1
| #define HAVE_LINUX_ETHTOOL_H 1
| #define HAVE_TPACKET_STATS 1
| #define HAVE_SOCKLEN_T 1
| #define INET6 1
| #define HAVE_SOCKADDR_STORAGE 1
| #define LBL_ALIGN 1
| #define HAVE_VERSION_H 1
| #define PCAP_SUPPORT_USB 1
| #define LINUX_USB_MON_DEV "/dev/usbmon"
| #define HAVE_LINUX_COMPILER_H 1
| #define HAVE_LINUX_USBDEVICE_FS_H 1
| #define HAVE_USBDEVFS_CTRLTRANSFER_BREQUESTTYPE 1
| /* end confdefs.h.  */
| #include <libusb-1.0/libusb.h>
configure:8086: result: no
configure:8086: checking for libusb-1.0/libusb.h
configure:8086: result: no
configure:8098: canusb sniffing is not supported; install libusb1.0 lib devel to enable it
configure:8125: checking for linux/can.h
configure:8125: mipsel-uclibc-gcc -c -DRTHIWIFI4 -DRTHIWIFI4 -DRTHIWIFI4 -DRTHIWIFI4 -D__CONFIG_EMF__ -D__CONFIG_WPS__  conftest.c >&5
conftest.c:56:23: error: linux/can.h: No such file or directory
configure:8125: $? = 1
configure: failed program was:
| /* confdefs.h */
| #define PACKAGE_NAME ""
| #define PACKAGE_TARNAME ""
| #define PACKAGE_VERSION ""
| #define PACKAGE_STRING ""
| #define PACKAGE_BUGREPORT ""
| #define PACKAGE_URL ""
| #define inline inline
| #define HAVE___ATTRIBUTE__ 1
| #define __ATTRIBUTE___FORMAT_OK 1
| #define STDC_HEADERS 1
| #define HAVE_SYS_TYPES_H 1
| #define HAVE_SYS_STAT_H 1
| #define HAVE_STDLIB_H 1
| #define HAVE_STRING_H 1
| #define HAVE_MEMORY_H 1
| #define HAVE_STRINGS_H 1
| #define HAVE_INTTYPES_H 1
| #define HAVE_STDINT_H 1
| #define HAVE_UNISTD_H 1
| #define HAVE_SYS_BITYPES_H 1
| #define _FILE_OFFSET_BITS 64
| #define _LARGEFILE_SOURCE 1
| #define HAVE_FSEEKO 1
| #define HAVE_LIMITS_H 1
| #define HAVE_PATHS_H 1
| #define HAVE_LINUX_TYPES_H 1
| #define HAVE_LINUX_IF_PACKET_H 1
| #define HAVE_NETPACKET_PACKET_H 1
| #define HAVE_NETINET_IF_ETHER_H 1
| #define HAVE_STRERROR 1
| #define HAVE_STRLCPY 1
| #define HAVE_VSNPRINTF 1
| #define HAVE_SNPRINTF 1
| #define HAVE_ETHER_HOSTTON 1
| #define HAVE_NETINET_ETHER_H 1
| #define NETINET_ETHER_H_DECLARES_ETHER_HOSTTON /**/
| #define HAVE_DECL_ETHER_HOSTTON 1
| #define HAVE_LINUX_WIRELESS_H 1
| #define HAVE_LINUX_ETHTOOL_H 1
| #define HAVE_TPACKET_STATS 1
| #define HAVE_SOCKLEN_T 1
| #define INET6 1
| #define HAVE_SOCKADDR_STORAGE 1
| #define LBL_ALIGN 1
| #define HAVE_VERSION_H 1
| #define PCAP_SUPPORT_USB 1
| #define LINUX_USB_MON_DEV "/dev/usbmon"
| #define HAVE_LINUX_COMPILER_H 1
| #define HAVE_LINUX_USBDEVICE_FS_H 1
| #define HAVE_USBDEVFS_CTRLTRANSFER_BREQUESTTYPE 1
| /* end confdefs.h.  */
| #include <sys/socket.h>
| 
| 
| #include <linux/can.h>
configure:8125: result: no
configure:8136: CAN sniffing is not supported
configure:8162: checking for pkg-config
configure:8178: found /usr/bin/pkg-config
configure:8190: result: pkg-config
configure:8199: checking for D-Bus
configure:8202: result: yes
configure:8210: checking whether the D-Bus library defines dbus_connection_read_write
configure:8228: mipsel-uclibc-gcc -o conftest -DRTHIWIFI4 -DRTHIWIFI4 -DRTHIWIFI4 -DRTHIWIFI4 -D__CONFIG_EMF__ -D__CONFIG_WPS__ -I/home/akito/asuswrt-merlin/release/src-ra-5010/router/mipsel-uclibc/stage/usr/include/dbus-1.0 -I/home/akito/asuswrt-merlin/release/src-ra-5010/router/mipsel-uclibc/stage/usr/lib/dbus-1.0/include   conftest.c  -ldbus-1 >&5
/opt/brcm/K26/hndtools-mipsel-uclibc-4.2.4/bin/../lib/gcc/mipsel-linux-uclibc/4.2.4/../../../../mipsel-linux-uclibc/bin/ld: cannot find -ldbus-1
collect2: ld returned 1 exit status
configure:8228: $? = 1
configure: failed program was:
| /* confdefs.h */
| #define PACKAGE_NAME ""
| #define PACKAGE_TARNAME ""
| #define PACKAGE_VERSION ""
| #define PACKAGE_STRING ""
| #define PACKAGE_BUGREPORT ""
| #define PACKAGE_URL ""
| #define inline inline
| #define HAVE___ATTRIBUTE__ 1
| #define __ATTRIBUTE___FORMAT_OK 1
| #define STDC_HEADERS 1
| #define HAVE_SYS_TYPES_H 1
| #define HAVE_SYS_STAT_H 1
| #define HAVE_STDLIB_H 1
| #define HAVE_STRING_H 1
| #define HAVE_MEMORY_H 1
| #define HAVE_STRINGS_H 1
| #define HAVE_INTTYPES_H 1
| #define HAVE_STDINT_H 1
| #define HAVE_UNISTD_H 1
| #define HAVE_SYS_BITYPES_H 1
| #define _FILE_OFFSET_BITS 64
| #define _LARGEFILE_SOURCE 1
| #define HAVE_FSEEKO 1
| #define HAVE_LIMITS_H 1
| #define HAVE_PATHS_H 1
| #define HAVE_LINUX_TYPES_H 1
| #define HAVE_LINUX_IF_PACKET_H 1
| #define HAVE_NETPACKET_PACKET_H 1
| #define HAVE_NETINET_IF_ETHER_H 1
| #define HAVE_STRERROR 1
| #define HAVE_STRLCPY 1
| #define HAVE_VSNPRINTF 1
| #define HAVE_SNPRINTF 1
| #define HAVE_ETHER_HOSTTON 1
| #define HAVE_NETINET_ETHER_H 1
| #define NETINET_ETHER_H_DECLARES_ETHER_HOSTTON /**/
| #define HAVE_DECL_ETHER_HOSTTON 1
| #define HAVE_LINUX_WIRELESS_H 1
| #define HAVE_LINUX_ETHTOOL_H 1
| #define HAVE_TPACKET_STATS 1
| #define HAVE_SOCKLEN_T 1
| #define INET6 1
| #define HAVE_SOCKADDR_STORAGE 1
| #define LBL_ALIGN 1
| #define HAVE_VERSION_H 1
| #define PCAP_SUPPORT_USB 1
| #define LINUX_USB_MON_DEV "/dev/usbmon"
| #define HAVE_LINUX_COMPILER_H 1
| #define HAVE_LINUX_USBDEVICE_FS_H 1
| #define HAVE_USBDEVFS_CTRLTRANSFER_BREQUESTTYPE 1
| /* end confdefs.h.  */
| #include <string.h>
| 
| 			     #include <time.h>
| 			     #include <sys/time.h>
| 
| 			     #include <dbus/dbus.h>
| int
| main ()
| {
| return dbus_connection_read_write(NULL, 0);
|   ;
|   return 0;
| }
configure:8240: result: no
configure:8267: checking linux/net_tstamp.h usability
configure:8267: mipsel-uclibc-gcc -c -DRTHIWIFI4 -DRTHIWIFI4 -DRTHIWIFI4 -DRTHIWIFI4 -D__CONFIG_EMF__ -D__CONFIG_WPS__  conftest.c >&5
conftest.c:86:30: error: linux/net_tstamp.h: No such file or directory
configure:8267: $? = 1
configure: failed program was:
| /* confdefs.h */
| #define PACKAGE_NAME ""
| #define PACKAGE_TARNAME ""
| #define PACKAGE_VERSION ""
| #define PACKAGE_STRING ""
| #define PACKAGE_BUGREPORT ""
| #define PACKAGE_URL ""
| #define inline inline
| #define HAVE___ATTRIBUTE__ 1
| #define __ATTRIBUTE___FORMAT_OK 1
| #define STDC_HEADERS 1
| #define HAVE_SYS_TYPES_H 1
| #define HAVE_SYS_STAT_H 1
| #define HAVE_STDLIB_H 1
| #define HAVE_STRING_H 1
| #define HAVE_MEMORY_H 1
| #define HAVE_STRINGS_H 1
| #define HAVE_INTTYPES_H 1
| #define HAVE_STDINT_H 1
| #define HAVE_UNISTD_H 1
| #define HAVE_SYS_BITYPES_H 1
| #define _FILE_OFFSET_BITS 64
| #define _LARGEFILE_SOURCE 1
| #define HAVE_FSEEKO 1
| #define HAVE_LIMITS_H 1
| #define HAVE_PATHS_H 1
| #define HAVE_LINUX_TYPES_H 1
| #define HAVE_LINUX_IF_PACKET_H 1
| #define HAVE_NETPACKET_PACKET_H 1
| #define HAVE_NETINET_IF_ETHER_H 1
| #define HAVE_STRERROR 1
| #define HAVE_STRLCPY 1
| #define HAVE_VSNPRINTF 1
| #define HAVE_SNPRINTF 1
| #define HAVE_ETHER_HOSTTON 1
| #define HAVE_NETINET_ETHER_H 1
| #define NETINET_ETHER_H_DECLARES_ETHER_HOSTTON /**/
| #define HAVE_DECL_ETHER_HOSTTON 1
| #define HAVE_LINUX_WIRELESS_H 1
| #define HAVE_LINUX_ETHTOOL_H 1
| #define HAVE_TPACKET_STATS 1
| #define HAVE_SOCKLEN_T 1
| #define INET6 1
| #define HAVE_SOCKADDR_STORAGE 1
| #define LBL_ALIGN 1
| #define HAVE_VERSION_H 1
| #define PCAP_SUPPORT_USB 1
| #define LINUX_USB_MON_DEV "/dev/usbmon"
| #define HAVE_LINUX_COMPILER_H 1
| #define HAVE_LINUX_USBDEVICE_FS_H 1
| #define HAVE_USBDEVFS_CTRLTRANSFER_BREQUESTTYPE 1
| /* end confdefs.h.  */
| #include <stdio.h>
| #ifdef HAVE_SYS_TYPES_H
| # include <sys/types.h>
| #endif
| #ifdef HAVE_SYS_STAT_H
| # include <sys/stat.h>
| #endif
| #ifdef STDC_HEADERS
| # include <stdlib.h>
| # include <stddef.h>
| #else
| # ifdef HAVE_STDLIB_H
| #  include <stdlib.h>
| # endif
| #endif
| #ifdef HAVE_STRING_H
| # if !defined STDC_HEADERS && defined HAVE_MEMORY_H
| #  include <memory.h>
| # endif
| # include <string.h>
| #endif
| #ifdef HAVE_STRINGS_H
| # include <strings.h>
| #endif
| #ifdef HAVE_INTTYPES_H
| # include <inttypes.h>
| #endif
| #ifdef HAVE_STDINT_H
| # include <stdint.h>
| #endif
| #ifdef HAVE_UNISTD_H
| # include <unistd.h>
| #endif
| #include <linux/net_tstamp.h>
configure:8267: result: no
configure:8267: checking linux/net_tstamp.h presence
configure:8267: mipsel-uclibc-gcc -E  conftest.c
conftest.c:53:30: error: linux/net_tstamp.h: No such file or directory
configure:8267: $? = 1
configure: failed program was:
| /* confdefs.h */
| #define PACKAGE_NAME ""
| #define PACKAGE_TARNAME ""
| #define PACKAGE_VERSION ""
| #define PACKAGE_STRING ""
| #define PACKAGE_BUGREPORT ""
| #define PACKAGE_URL ""
| #define inline inline
| #define HAVE___ATTRIBUTE__ 1
| #define __ATTRIBUTE___FORMAT_OK 1
| #define STDC_HEADERS 1
| #define HAVE_SYS_TYPES_H 1
| #define HAVE_SYS_STAT_H 1
| #define HAVE_STDLIB_H 1
| #define HAVE_STRING_H 1
| #define HAVE_MEMORY_H 1
| #define HAVE_STRINGS_H 1
| #define HAVE_INTTYPES_H 1
| #define HAVE_STDINT_H 1
| #define HAVE_UNISTD_H 1
| #define HAVE_SYS_BITYPES_H 1
| #define _FILE_OFFSET_BITS 64
| #define _LARGEFILE_SOURCE 1
| #define HAVE_FSEEKO 1
| #define HAVE_LIMITS_H 1
| #define HAVE_PATHS_H 1
| #define HAVE_LINUX_TYPES_H 1
| #define HAVE_LINUX_IF_PACKET_H 1
| #define HAVE_NETPACKET_PACKET_H 1
| #define HAVE_NETINET_IF_ETHER_H 1
| #define HAVE_STRERROR 1
| #define HAVE_STRLCPY 1
| #define HAVE_VSNPRINTF 1
| #define HAVE_SNPRINTF 1
| #define HAVE_ETHER_HOSTTON 1
| #define HAVE_NETINET_ETHER_H 1
| #define NETINET_ETHER_H_DECLARES_ETHER_HOSTTON /**/
| #define HAVE_DECL_ETHER_HOSTTON 1
| #define HAVE_LINUX_WIRELESS_H 1
| #define HAVE_LINUX_ETHTOOL_H 1
| #define HAVE_TPACKET_STATS 1
| #define HAVE_SOCKLEN_T 1
| #define INET6 1
| #define HAVE_SOCKADDR_STORAGE 1
| #define LBL_ALIGN 1
| #define HAVE_VERSION_H 1
| #define PCAP_SUPPORT_USB 1
| #define LINUX_USB_MON_DEV "/dev/usbmon"
| #define HAVE_LINUX_COMPILER_H 1
| #define HAVE_LINUX_USBDEVICE_FS_H 1
| #define HAVE_USBDEVFS_CTRLTRANSFER_BREQUESTTYPE 1
| /* end confdefs.h.  */
| #include <linux/net_tstamp.h>
configure:8267: result: no
configure:8267: checking for linux/net_tstamp.h
configure:8267: result: no
configure:8298: checking for a BSD-compatible install
configure:8366: result: /usr/bin/install -c
configure:8499: creating ./config.status

## ---------------------- ##
## Running config.status. ##
## ---------------------- ##

This file was extended by config.status, which was
generated by GNU Autoconf 2.69.  Invocation command line was

  CONFIG_FILES    = 
  CONFIG_HEADERS  = 
  CONFIG_LINKS    = 
  CONFIG_COMMANDS = 
  $ ./config.status 

on akito-virtual-machine

config.status:910: creating Makefile
config.status:910: creating pcap-filter.manmisc
config.status:910: creating pcap-linktype.manmisc
config.status:910: creating pcap-tstamp.manmisc
config.status:910: creating pcap-savefile.manfile
config.status:910: creating pcap.3pcap
config.status:910: creating pcap_compile.3pcap
config.status:910: creating pcap_datalink.3pcap
config.status:910: creating pcap_dump_open.3pcap
config.status:910: creating pcap_get_tstamp_precision.3pcap
config.status:910: creating pcap_list_datalinks.3pcap
config.status:910: creating pcap_list_tstamp_types.3pcap
config.status:910: creating pcap_open_dead.3pcap
config.status:910: creating pcap_open_offline.3pcap
config.status:910: creating pcap_set_tstamp_precision.3pcap
config.status:910: creating pcap_set_tstamp_type.3pcap
config.status:910: creating config.h
config.status:1085: config.h is unchanged
config.status:1099: executing default-1 commands

## ---------------- ##
## Cache variables. ##
## ---------------- ##

ac_cv___attribute__=yes
ac_cv___attribute___format=yes
ac_cv___attribute___unused=yes
ac_cv_build=x86_64-unknown-linux-gnu
ac_cv_c_compiler_gnu=yes
ac_cv_env_CC_set=set
ac_cv_env_CC_value=mipsel-uclibc-gcc
ac_cv_env_CFLAGS_set=set
ac_cv_env_CFLAGS_value='-DRTHIWIFI4 -DRTHIWIFI4 -DRTHIWIFI4 -DRTHIWIFI4 -D__CONFIG_EMF__ -D__CONFIG_WPS__'
ac_cv_env_CPPFLAGS_set=
ac_cv_env_CPPFLAGS_value=
ac_cv_env_CPP_set=
ac_cv_env_CPP_value=
ac_cv_env_LDFLAGS_set=
ac_cv_env_LDFLAGS_value=
ac_cv_env_LIBS_set=
ac_cv_env_LIBS_value=
ac_cv_env_build_alias_set=set
ac_cv_env_build_alias_value=
ac_cv_env_host_alias_set=set
ac_cv_env_host_alias_value=mipsel-linux
ac_cv_env_target_alias_set=
ac_cv_env_target_alias_value=
ac_cv_func_ether_hostton=yes
ac_cv_func_getaddrinfo=yes
ac_cv_func_getifaddrs=yes
ac_cv_func_snprintf=yes
ac_cv_func_strerror=yes
ac_cv_func_strlcpy=yes
ac_cv_func_vsnprintf=yes
ac_cv_have_decl_ether_hostton=yes
ac_cv_header_bluetooth_bluetooth_h=no
ac_cv_header_ifaddrs_h=yes
ac_cv_header_inttypes_h=yes
ac_cv_header_libusb_1_0_libusb_h=no
ac_cv_header_limits_h=yes
ac_cv_header_linux_can_h=no
ac_cv_header_linux_compiler_h=yes
ac_cv_header_linux_ethtool_h=yes
ac_cv_header_linux_if_packet_h=yes
ac_cv_header_linux_net_tstamp_h=no
ac_cv_header_linux_types_h=yes
ac_cv_header_linux_usbdevice_fs_h=yes
ac_cv_header_linux_wireless_h=yes
ac_cv_header_memory_h=yes
ac_cv_header_net_pfvar_h=no
ac_cv_header_netinet_ether_h=yes
ac_cv_header_netinet_if_ether_h=yes
ac_cv_header_netpacket_if_packet_h=no
ac_cv_header_netpacket_packet_h=yes
ac_cv_header_paths_h=yes
ac_cv_header_stdc=yes
ac_cv_header_stdint_h=yes
ac_cv_header_stdlib_h=yes
ac_cv_header_string_h=yes
ac_cv_header_strings_h=yes
ac_cv_header_sys_bitypes_h=yes
ac_cv_header_sys_ioccom_h=no
ac_cv_header_sys_sockio_h=no
ac_cv_header_sys_stat_h=yes
ac_cv_header_sys_types_h=yes
ac_cv_header_unistd_h=yes
ac_cv_host=mipsel-unknown-linux-gnu
ac_cv_lbl_dag_api=no
ac_cv_lbl_dl_hp_ppa_info_t_has_dl_module_id_1=no
ac_cv_lbl_flex_v24=yes
ac_cv_lbl_gcc_fixincludes=yes
ac_cv_lbl_has_sockaddr_storage=yes
ac_cv_lbl_inline=inline
ac_cv_lbl_linux_tpacket_auxdata_tp_vlan_tci=no
ac_cv_lbl_septel_api=no
ac_cv_lbl_snf_api=no
ac_cv_lbl_sockaddr_has_sa_len=no
ac_cv_lbl_tpacket_stats=yes
ac_cv_lbl_unaligned_fail=yes
ac_cv_lib_nl_3_nl_socket_alloc=no
ac_cv_lib_nl_nl_handle_alloc=no
ac_cv_lib_nl_nl_socket_alloc=no
ac_cv_netfilter_can_compile=no
ac_cv_objext=o
ac_cv_path_EGREP='/bin/grep -E'
ac_cv_path_GREP=/bin/grep
ac_cv_path_install='/usr/bin/install -c'
ac_cv_prog_AR=mipsel-uclibc-ar
ac_cv_prog_CC=mipsel-uclibc-gcc
ac_cv_prog_CPP='mipsel-uclibc-gcc -E'
ac_cv_prog_PKGCONFIG=pkg-config
ac_cv_prog_RANLIB=mipsel-uclibc-ranlib
ac_cv_prog_V_LEX=flex
ac_cv_prog_V_YACC=bison
ac_cv_prog_cc_c89=
ac_cv_prog_cc_g=yes
ac_cv_search_gethostbyname='none required'
ac_cv_search_putmsg=no
ac_cv_search_socket='none required'
ac_cv_sys_file_offset_bits=64
ac_cv_sys_largefile_CC=no
ac_cv_sys_largefile_source=1
ac_cv_target=mipsel-unknown-linux-gnu
ac_cv_type_int16_t=yes
ac_cv_type_int32_t=yes
ac_cv_type_int64_t=yes
ac_cv_type_int8_t=yes
ac_cv_type_u_int16_t=yes
ac_cv_type_u_int32_t=yes
ac_cv_type_u_int64_t=yes
ac_cv_type_u_int8_t=yes
ac_cv_usbdevfs_ctrltransfer_has_bRequestType=yes

## ----------------- ##
## Output variables. ##
## ----------------- ##

ADDLARCHIVEOBJS=''
ADDLOBJS=''
AR='mipsel-uclibc-ar'
BT_SRC=''
CANUSB_SRC=''
CAN_SRC=''
CC='mipsel-uclibc-gcc'
CFLAGS='-DRTHIWIFI4 -DRTHIWIFI4 -DRTHIWIFI4 -DRTHIWIFI4 -D__CONFIG_EMF__ -D__CONFIG_WPS__'
CPP='mipsel-uclibc-gcc -E'
CPPFLAGS=''
DBUS_SRC=''
DEFS='-DHAVE_CONFIG_H'
DEPENDENCY_CFLAG=''
DYEXT='so'
ECHO_C=''
ECHO_N='-n'
ECHO_T=''
EGREP='/bin/grep -E'
EXEEXT=''
GREP='/bin/grep'
HAVE_LINUX_TPACKET_AUXDATA=''
INSTALL_DATA='${INSTALL} -m 644'
INSTALL_PROGRAM='${INSTALL}'
INSTALL_SCRIPT='${INSTALL}'
LDFLAGS=''
LIBOBJS=''
LIBS=''
LN_S='ln -s'
LTLIBOBJS=''
MAN_FILE_FORMATS='5'
MAN_MISC_INFO='7'
MKDEP=''
NETFILTER_SRC=''
OBJEXT='o'
PACKAGE_BUGREPORT=''
PACKAGE_NAME=''
PACKAGE_STRING=''
PACKAGE_TARNAME=''
PACKAGE_URL=''
PACKAGE_VERSION=''
PATH_SEPARATOR=':'
PCAP_SUPPORT_BT=''
PCAP_SUPPORT_CAN=''
PCAP_SUPPORT_CANUSB=''
PCAP_SUPPORT_DBUS=''
PCAP_SUPPORT_NETFILTER=''
PCAP_SUPPORT_USB=''
PKGCONFIG='pkg-config'
RANLIB='mipsel-uclibc-ranlib'
SHELL='/bin/bash'
SHLICC2=''
SSRC=''
USB_SRC='pcap-usb-linux.c'
V_CCOPT=' -fpic -DRTHIWIFI4 -DRTHIWIFI4 -DRTHIWIFI4 -DRTHIWIFI4 -D__CONFIG_EMF__ -D__CONFIG_WPS__'
V_DEFS=' -D_U_="__attribute__((unused))"'
V_FINDALLDEVS='getad'
V_INCLS=''
V_LEX='flex -Ppcap_'
V_PCAP='linux'
V_RPATH_OPT='-Wl,-rpath,'
V_SHLIB_CMD='$(CC)'
V_SHLIB_OPT='-shared'
V_SONAME_OPT='-Wl,-soname,'
V_YACC='bison -y -p pcap_'
ac_ct_CC=''
bindir='${exec_prefix}/bin'
build='x86_64-unknown-linux-gnu'
build_alias=''
build_cpu='x86_64'
build_os='linux-gnu'
build_vendor='unknown'
datadir='${datarootdir}'
datarootdir='${prefix}/share'
docdir='${datarootdir}/doc/${PACKAGE}'
dvidir='${docdir}'
exec_prefix='${prefix}'
host='mipsel-unknown-linux-gnu'
host_alias='mipsel-linux'
host_cpu='mipsel'
host_os='linux-gnu'
host_vendor='unknown'
htmldir='${docdir}'
includedir='${prefix}/include'
infodir='${datarootdir}/info'
libdir='${exec_prefix}/lib'
libexecdir='${exec_prefix}/libexec'
localedir='${datarootdir}/locale'
localstatedir='${prefix}/var'
mandir='${datarootdir}/man'
oldincludedir='/usr/include'
pdfdir='${docdir}'
prefix='/usr/local'
program_transform_name='s,x,x,'
psdir='${docdir}'
sbindir='${exec_prefix}/sbin'
sharedstatedir='${prefix}/com'
sysconfdir='${prefix}/etc'
target='mipsel-unknown-linux-gnu'
target_alias=''
target_cpu='mipsel'
target_os='linux-gnu'
target_vendor='unknown'

## ----------- ##
## confdefs.h. ##
## ----------- ##

/* confdefs.h */
#define PACKAGE_NAME ""
#define PACKAGE_TARNAME ""
#define PACKAGE_VERSION ""
#define PACKAGE_STRING ""
#define PACKAGE_BUGREPORT ""
#define PACKAGE_URL ""
#define inline inline
#define HAVE___ATTRIBUTE__ 1
#define __ATTRIBUTE___FORMAT_OK 1
#define STDC_HEADERS 1
#define HAVE_SYS_TYPES_H 1
#define HAVE_SYS_STAT_H 1
#define HAVE_STDLIB_H 1
#define HAVE_STRING_H 1
#define HAVE_MEMORY_H 1
#define HAVE_STRINGS_H 1
#define HAVE_INTTYPES_H 1
#define HAVE_STDINT_H 1
#define HAVE_UNISTD_H 1
#define HAVE_SYS_BITYPES_H 1
#define _FILE_OFFSET_BITS 64
#define _LARGEFILE_SOURCE 1
#define HAVE_FSEEKO 1
#define HAVE_LIMITS_H 1
#define HAVE_PATHS_H 1
#define HAVE_LINUX_TYPES_H 1
#define HAVE_LINUX_IF_PACKET_H 1
#define HAVE_NETPACKET_PACKET_H 1
#define HAVE_NETINET_IF_ETHER_H 1
#define HAVE_STRERROR 1
#define HAVE_STRLCPY 1
#define HAVE_VSNPRINTF 1
#define HAVE_SNPRINTF 1
#define HAVE_ETHER_HOSTTON 1
#define HAVE_NETINET_ETHER_H 1
#define NETINET_ETHER_H_DECLARES_ETHER_HOSTTON /**/
#define HAVE_DECL_ETHER_HOSTTON 1
#define HAVE_LINUX_WIRELESS_H 1
#define HAVE_LINUX_ETHTOOL_H 1
#define HAVE_TPACKET_STATS 1
#define HAVE_SOCKLEN_T 1
#define INET6 1
#define HAVE_SOCKADDR_STORAGE 1
#define LBL_ALIGN 1
#define HAVE_VERSION_H 1
#define PCAP_SUPPORT_USB 1
#define LINUX_USB_MON_DEV "/dev/usbmon"
#define HAVE_LINUX_COMPILER_H 1
#define HAVE_LINUX_USBDEVICE_FS_H 1
#define HAVE_USBDEVFS_CTRLTRANSFER_BREQUESTTYPE 1

configure: exit 0

## ---------------------- ##
## Running config.status. ##
## ---------------------- ##

This file was extended by config.status, which was
generated by GNU Autoconf 2.69.  Invocation command line was

  CONFIG_FILES    = 
  CONFIG_HEADERS  = 
  CONFIG_LINKS    = 
  CONFIG_COMMANDS = 
  $ ./config.status --file=pcap-config.tmp:./pcap-config.in

on akito-virtual-machine

config.status:910: creating pcap-config.tmp
