This file contains any messages produced by compilers while
running configure, to aid debugging if configure makes a mistake.

It was created by libnfnetlink configure 1.0.1, which was
generated by GNU Autoconf 2.69.  Invocation command line was

  $ ./configure --host=mipsel-linux --build= --prefix=/usr --bindir=/usr/sbin --libdir=/usr/lib

## --------- ##
## Platform. ##
## --------- ##

hostname = akito-virtual-machine
uname -m = x86_64
uname -r = 5.4.0-67-generic
uname -s = Linux
uname -v = #75~18.04.1-Ubuntu SMP Tue Feb 23 19:17:50 UTC 2021

/usr/bin/uname -p = unknown
/bin/uname -X     = unknown

/bin/arch              = unknown
/usr/bin/arch -k       = unknown
/usr/convex/getsysinfo = unknown
/usr/bin/hostinfo      = unknown
/bin/machine           = unknown
/usr/bin/oslevel       = unknown
/bin/universe          = unknown

PATH: /home/akito/asuswrt-merlin/release/tools
PATH: /home/akito/asuswrt-merlin/release/src-ra-5010/ctools
PATH: /home/akito/asuswrt-merlin/release/tools
PATH: /home/akito/asuswrt-merlin/release/src-ra-5010/ctools
PATH: /home/akito/asuswrt-merlin/release/tools
PATH: /home/akito/asuswrt-merlin/release/src-ra-5010/ctools
PATH: /opt/buildroot-gcc463/bin
PATH: /opt/brcm/hndtools-mipsel-uclibc/bin
PATH: /opt/brcm/hndtools-mipsel-linux/bin
PATH: /home/akito/.local/share/umake/bin
PATH: /usr/local/sbin
PATH: /usr/local/bin
PATH: /usr/sbin
PATH: /usr/bin
PATH: /sbin
PATH: /bin
PATH: /usr/games
PATH: /usr/local/games
PATH: /snap/bin


## ----------- ##
## Core tests. ##
## ----------- ##

configure:2164: checking build system type
configure:2178: result: x86_64-pc-linux-uclibc
configure:2198: checking host system type
configure:2211: result: mipsel-unknown-linux-gnu
configure:2248: checking for a BSD-compatible install
configure:2316: result: /usr/bin/install -c
configure:2327: checking whether build environment is sane
configure:2382: result: yes
configure:2441: checking for mipsel-linux-strip
configure:2468: result: mipsel-uclibc-strip -R .note -R .comment
configure:2533: checking for a thread-safe mkdir -p
configure:2572: result: /bin/mkdir -p
configure:2579: checking for gawk
configure:2595: found /usr/bin/gawk
configure:2606: result: gawk
configure:2617: checking whether make sets $(MAKE)
configure:2639: result: yes
configure:2668: checking whether make supports nested variables
configure:2685: result: yes
configure:2764: checking how to create a pax tar archive
configure:2775: tar --version
tar (GNU tar) 1.29
Copyright (C) 2015 Free Software Foundation, Inc.
License GPLv3+: GNU GPL version 3 or later <http://gnu.org/licenses/gpl.html>.
This is free software: you are free to change and redistribute it.
There is NO WARRANTY, to the extent permitted by law.

Written by John Gilmore and Jay Fenlason.
configure:2778: $? = 0
configure:2818: tardir=conftest.dir && eval tar --format=posix -chf - "$tardir" >conftest.tar
configure:2821: $? = 0
configure:2825: tar -xf - <conftest.tar
configure:2828: $? = 0
configure:2830: cat conftest.dir/file
GrepMe
configure:2833: $? = 0
configure:2846: result: gnutar
configure:2908: checking whether make supports nested variables
configure:2925: result: yes
configure:2945: checking for mipsel-linux-gcc
configure:2972: result: mipsel-uclibc-gcc
configure:3241: checking for C compiler version
configure:3250: mipsel-uclibc-gcc --version >&5
mipsel-uclibc-gcc (GCC) 4.2.4
Copyright (C) 2007 Free Software Foundation, Inc.
This is free software; see the source for copying conditions.  There is NO
warranty; not even for MERCHANTABILITY or FITNESS FOR A PARTICULAR PURPOSE.

configure:3261: $? = 0
configure:3250: mipsel-uclibc-gcc -v >&5
Using built-in specs.
Target: mipsel-linux-uclibc
Configured with: /home/fedork/tomato/toolchain/build_dir/toolchain-mipsel_gcc4.2.4/gcc-4.2.4/configure --prefix=/opt/brcm/hndtools-mipsel-uclibc-4.2.4 --build=i486-linux-gnu --host=i486-linux-gnu --target=mipsel-linux-uclibc --with-gnu-ld --enable-target-optspace --disable-libgomp --disable-libmudflap --disable-multilib --disable-nls --disable-__cxa_atexit --enable-libssp --enable-languages=c,c++ --enable-shared --enable-threads --disable-tls
Thread model: posix
gcc version 4.2.4
configure:3261: $? = 0
configure:3250: mipsel-uclibc-gcc -V >&5
mipsel-uclibc-gcc: '-V' option must have argument
configure:3261: $? = 1
configure:3250: mipsel-uclibc-gcc -qversion >&5
mipsel-uclibc-gcc: unrecognized option '-qversion'
mipsel-uclibc-gcc: no input files
configure:3261: $? = 1
configure:3281: checking whether the C compiler works
configure:3303: mipsel-uclibc-gcc -DRTHIWIFI4 -DRTHIWIFI4 -DRTHIWIFI4 -DRTHIWIFI4 -D__CONFIG_EMF__ -D__CONFIG_WPS__ -DRTHIWIFI4 -D__CONFIG_EMF__ -D__CONFIG_WPS__   conftest.c  >&5
configure:3307: $? = 0
configure:3355: result: yes
configure:3358: checking for C compiler default output file name
configure:3360: result: a.out
configure:3366: checking for suffix of executables
configure:3373: mipsel-uclibc-gcc -o conftest -DRTHIWIFI4 -DRTHIWIFI4 -DRTHIWIFI4 -DRTHIWIFI4 -D__CONFIG_EMF__ -D__CONFIG_WPS__ -DRTHIWIFI4 -D__CONFIG_EMF__ -D__CONFIG_WPS__   conftest.c  >&5
configure:3377: $? = 0
configure:3399: result: 
configure:3421: checking whether we are cross compiling
configure:3429: mipsel-uclibc-gcc -o conftest -DRTHIWIFI4 -DRTHIWIFI4 -DRTHIWIFI4 -DRTHIWIFI4 -D__CONFIG_EMF__ -D__CONFIG_WPS__ -DRTHIWIFI4 -D__CONFIG_EMF__ -D__CONFIG_WPS__   conftest.c  >&5
configure:3433: $? = 0
configure:3440: ./conftest
/lib/ld-uClibc.so.0: No such file or directory
configure:3444: $? = 255
configure:3459: result: yes
configure:3464: checking for suffix of object files
configure:3486: mipsel-uclibc-gcc -c -DRTHIWIFI4 -DRTHIWIFI4 -DRTHIWIFI4 -DRTHIWIFI4 -D__CONFIG_EMF__ -D__CONFIG_WPS__ -DRTHIWIFI4 -D__CONFIG_EMF__ -D__CONFIG_WPS__  conftest.c >&5
configure:3490: $? = 0
configure:3511: result: o
configure:3515: checking whether we are using the GNU C compiler
configure:3534: mipsel-uclibc-gcc -c -DRTHIWIFI4 -DRTHIWIFI4 -DRTHIWIFI4 -DRTHIWIFI4 -D__CONFIG_EMF__ -D__CONFIG_WPS__ -DRTHIWIFI4 -D__CONFIG_EMF__ -D__CONFIG_WPS__  conftest.c >&5
configure:3534: $? = 0
configure:3543: result: yes
configure:3552: checking whether mipsel-uclibc-gcc accepts -g
configure:3572: mipsel-uclibc-gcc -c -g  conftest.c >&5
configure:3572: $? = 0
configure:3613: result: yes
configure:3630: checking for mipsel-uclibc-gcc option to accept ISO C89
configure:3693: mipsel-uclibc-gcc  -c -DRTHIWIFI4 -DRTHIWIFI4 -DRTHIWIFI4 -DRTHIWIFI4 -D__CONFIG_EMF__ -D__CONFIG_WPS__ -DRTHIWIFI4 -D__CONFIG_EMF__ -D__CONFIG_WPS__  conftest.c >&5
configure:3693: $? = 0
configure:3706: result: none needed
configure:3731: checking whether mipsel-uclibc-gcc understands -c and -o together
configure:3753: mipsel-uclibc-gcc -c conftest.c -o conftest2.o
configure:3756: $? = 0
configure:3753: mipsel-uclibc-gcc -c conftest.c -o conftest2.o
configure:3756: $? = 0
configure:3768: result: yes
configure:3796: checking for style of include used by make
configure:3824: result: GNU
configure:3850: checking dependency style of mipsel-uclibc-gcc
configure:3961: result: gcc3
configure:4054: checking how to print strings
configure:4081: result: printf
configure:4102: checking for a sed that does not truncate output
configure:4166: result: /bin/sed
configure:4184: checking for grep that handles long lines and -e
configure:4242: result: /bin/grep
configure:4247: checking for egrep
configure:4309: result: /bin/grep -E
configure:4314: checking for fgrep
configure:4376: result: /bin/grep -F
configure:4411: checking for ld used by mipsel-uclibc-gcc
configure:4478: result: mipsel-uclibc-ld
configure:4485: checking if the linker (mipsel-uclibc-ld) is GNU ld
configure:4500: result: yes
configure:4512: checking for BSD- or MS-compatible name lister (nm)
configure:4566: result: mipsel-uclibc-nm
configure:4696: checking the name lister (mipsel-uclibc-nm) interface
configure:4703: mipsel-uclibc-gcc -c -DRTHIWIFI4 -DRTHIWIFI4 -DRTHIWIFI4 -DRTHIWIFI4 -D__CONFIG_EMF__ -D__CONFIG_WPS__ -DRTHIWIFI4 -D__CONFIG_EMF__ -D__CONFIG_WPS__  conftest.c >&5
configure:4706: mipsel-uclibc-nm "conftest.o"
configure:4709: output
00000000 B some_variable
configure:4716: result: BSD nm
configure:4719: checking whether ln -s works
configure:4723: result: yes
configure:4731: checking the maximum length of command line arguments
configure:4862: result: 1572864
configure:4910: checking how to convert x86_64-pc-linux-uclibc file names to mipsel-unknown-linux-gnu format
configure:4950: result: func_convert_file_noop
configure:4957: checking how to convert x86_64-pc-linux-uclibc file names to toolchain format
configure:4977: result: func_convert_file_noop
configure:4984: checking for mipsel-uclibc-ld option to reload object files
configure:4991: result: -r
configure:5025: checking for mipsel-linux-objdump
configure:5052: result: mipsel-uclibc-objdump
configure:5124: checking how to recognize dependent libraries
configure:5324: result: pass_all
configure:5369: checking for mipsel-linux-dlltool
configure:5399: result: no
configure:5409: checking for dlltool
configure:5439: result: no
configure:5469: checking how to associate runtime and link libraries
configure:5496: result: printf %s\n
configure:5513: checking for mipsel-linux-ar
configure:5540: result: mipsel-uclibc-ar
configure:5621: checking for archiver @FILE support
configure:5638: mipsel-uclibc-gcc -c -DRTHIWIFI4 -DRTHIWIFI4 -DRTHIWIFI4 -DRTHIWIFI4 -D__CONFIG_EMF__ -D__CONFIG_WPS__ -DRTHIWIFI4 -D__CONFIG_EMF__ -D__CONFIG_WPS__  conftest.c >&5
configure:5638: $? = 0
configure:5641: mipsel-uclibc-ar cru libconftest.a @conftest.lst >&5
configure:5644: $? = 0
configure:5649: mipsel-uclibc-ar cru libconftest.a @conftest.lst >&5
mipsel-uclibc-ar: conftest.o: No such file or directory
configure:5652: $? = 1
configure:5664: result: @
configure:5682: checking for mipsel-linux-strip
configure:5709: result: mipsel-uclibc-strip -R .note -R .comment
configure:5781: checking for mipsel-linux-ranlib
configure:5808: result: mipsel-uclibc-ranlib
configure:5950: checking command to parse mipsel-uclibc-nm output from mipsel-uclibc-gcc object
configure:6103: mipsel-uclibc-gcc -c -DRTHIWIFI4 -DRTHIWIFI4 -DRTHIWIFI4 -DRTHIWIFI4 -D__CONFIG_EMF__ -D__CONFIG_WPS__ -DRTHIWIFI4 -D__CONFIG_EMF__ -D__CONFIG_WPS__  conftest.c >&5
configure:6106: $? = 0
configure:6110: mipsel-uclibc-nm conftest.o \| sed -n -e 's/^.*[ ]\([ABCDGIRSTW][ABCDGIRSTW]*\)[ ][ ]*\([_A-Za-z][_A-Za-z0-9]*\)$/\1 \2 \2/p' | sed '/ __gnu_lto/d' \> conftest.nm
configure:6113: $? = 0
configure:6179: mipsel-uclibc-gcc -o conftest -DRTHIWIFI4 -DRTHIWIFI4 -DRTHIWIFI4 -DRTHIWIFI4 -D__CONFIG_EMF__ -D__CONFIG_WPS__ -DRTHIWIFI4 -D__CONFIG_EMF__ -D__CONFIG_WPS__   conftest.c conftstm.o >&5
configure:6182: $? = 0
configure:6220: result: ok
configure:6267: checking for sysroot
configure:6297: result: no
configure:6304: checking for a working dd
configure:6342: result: /bin/dd
configure:6346: checking how to truncate binary pipes
configure:6361: result: /bin/dd bs=4096 count=1
configure:6650: checking for mipsel-linux-mt
configure:6680: result: no
configure:6690: checking for mt
configure:6706: found /bin/mt
configure:6717: result: mt
configure:6729: WARNING: using cross tools not prefixed with host triplet
configure:6740: checking if mt is a manifest tool
configure:6746: mt '-?'
configure:6754: result: no
configure:7431: checking how to run the C preprocessor
configure:7462: mipsel-uclibc-gcc -E  conftest.c
configure:7462: $? = 0
configure:7476: mipsel-uclibc-gcc -E  conftest.c
conftest.c:11:28: error: ac_nonexistent.h: No such file or directory
configure:7476: $? = 1
configure: failed program was:
| /* confdefs.h */
| #define PACKAGE_NAME "libnfnetlink"
| #define PACKAGE_TARNAME "libnfnetlink"
| #define PACKAGE_VERSION "1.0.1"
| #define PACKAGE_STRING "libnfnetlink 1.0.1"
| #define PACKAGE_BUGREPORT ""
| #define PACKAGE_URL ""
| #define PACKAGE "libnfnetlink"
| #define VERSION "1.0.1"
| /* end confdefs.h.  */
| #include <ac_nonexistent.h>
configure:7501: result: mipsel-uclibc-gcc -E
configure:7521: mipsel-uclibc-gcc -E  conftest.c
configure:7521: $? = 0
configure:7535: mipsel-uclibc-gcc -E  conftest.c
conftest.c:11:28: error: ac_nonexistent.h: No such file or directory
configure:7535: $? = 1
configure: failed program was:
| /* confdefs.h */
| #define PACKAGE_NAME "libnfnetlink"
| #define PACKAGE_TARNAME "libnfnetlink"
| #define PACKAGE_VERSION "1.0.1"
| #define PACKAGE_STRING "libnfnetlink 1.0.1"
| #define PACKAGE_BUGREPORT ""
| #define PACKAGE_URL ""
| #define PACKAGE "libnfnetlink"
| #define VERSION "1.0.1"
| /* end confdefs.h.  */
| #include <ac_nonexistent.h>
configure:7564: checking for ANSI C header files
configure:7584: mipsel-uclibc-gcc -c -DRTHIWIFI4 -DRTHIWIFI4 -DRTHIWIFI4 -DRTHIWIFI4 -D__CONFIG_EMF__ -D__CONFIG_WPS__ -DRTHIWIFI4 -D__CONFIG_EMF__ -D__CONFIG_WPS__  conftest.c >&5
configure:7584: $? = 0
configure:7668: result: yes
configure:7681: checking for sys/types.h
configure:7681: mipsel-uclibc-gcc -c -DRTHIWIFI4 -DRTHIWIFI4 -DRTHIWIFI4 -DRTHIWIFI4 -D__CONFIG_EMF__ -D__CONFIG_WPS__ -DRTHIWIFI4 -D__CONFIG_EMF__ -D__CONFIG_WPS__  conftest.c >&5
configure:7681: $? = 0
configure:7681: result: yes
configure:7681: checking for sys/stat.h
configure:7681: mipsel-uclibc-gcc -c -DRTHIWIFI4 -DRTHIWIFI4 -DRTHIWIFI4 -DRTHIWIFI4 -D__CONFIG_EMF__ -D__CONFIG_WPS__ -DRTHIWIFI4 -D__CONFIG_EMF__ -D__CONFIG_WPS__  conftest.c >&5
configure:7681: $? = 0
configure:7681: result: yes
configure:7681: checking for stdlib.h
configure:7681: mipsel-uclibc-gcc -c -DRTHIWIFI4 -DRTHIWIFI4 -DRTHIWIFI4 -DRTHIWIFI4 -D__CONFIG_EMF__ -D__CONFIG_WPS__ -DRTHIWIFI4 -D__CONFIG_EMF__ -D__CONFIG_WPS__  conftest.c >&5
configure:7681: $? = 0
configure:7681: result: yes
configure:7681: checking for string.h
configure:7681: mipsel-uclibc-gcc -c -DRTHIWIFI4 -DRTHIWIFI4 -DRTHIWIFI4 -DRTHIWIFI4 -D__CONFIG_EMF__ -D__CONFIG_WPS__ -DRTHIWIFI4 -D__CONFIG_EMF__ -D__CONFIG_WPS__  conftest.c >&5
configure:7681: $? = 0
configure:7681: result: yes
configure:7681: checking for memory.h
configure:7681: mipsel-uclibc-gcc -c -DRTHIWIFI4 -DRTHIWIFI4 -DRTHIWIFI4 -DRTHIWIFI4 -D__CONFIG_EMF__ -D__CONFIG_WPS__ -DRTHIWIFI4 -D__CONFIG_EMF__ -D__CONFIG_WPS__  conftest.c >&5
configure:7681: $? = 0
configure:7681: result: yes
configure:7681: checking for strings.h
configure:7681: mipsel-uclibc-gcc -c -DRTHIWIFI4 -DRTHIWIFI4 -DRTHIWIFI4 -DRTHIWIFI4 -D__CONFIG_EMF__ -D__CONFIG_WPS__ -DRTHIWIFI4 -D__CONFIG_EMF__ -D__CONFIG_WPS__  conftest.c >&5
configure:7681: $? = 0
configure:7681: result: yes
configure:7681: checking for inttypes.h
configure:7681: mipsel-uclibc-gcc -c -DRTHIWIFI4 -DRTHIWIFI4 -DRTHIWIFI4 -DRTHIWIFI4 -D__CONFIG_EMF__ -D__CONFIG_WPS__ -DRTHIWIFI4 -D__CONFIG_EMF__ -D__CONFIG_WPS__  conftest.c >&5
configure:7681: $? = 0
configure:7681: result: yes
configure:7681: checking for stdint.h
configure:7681: mipsel-uclibc-gcc -c -DRTHIWIFI4 -DRTHIWIFI4 -DRTHIWIFI4 -DRTHIWIFI4 -D__CONFIG_EMF__ -D__CONFIG_WPS__ -DRTHIWIFI4 -D__CONFIG_EMF__ -D__CONFIG_WPS__  conftest.c >&5
configure:7681: $? = 0
configure:7681: result: yes
configure:7681: checking for unistd.h
configure:7681: mipsel-uclibc-gcc -c -DRTHIWIFI4 -DRTHIWIFI4 -DRTHIWIFI4 -DRTHIWIFI4 -D__CONFIG_EMF__ -D__CONFIG_WPS__ -DRTHIWIFI4 -D__CONFIG_EMF__ -D__CONFIG_WPS__  conftest.c >&5
configure:7681: $? = 0
configure:7681: result: yes
configure:7695: checking for dlfcn.h
configure:7695: mipsel-uclibc-gcc -c -DRTHIWIFI4 -DRTHIWIFI4 -DRTHIWIFI4 -DRTHIWIFI4 -D__CONFIG_EMF__ -D__CONFIG_WPS__ -DRTHIWIFI4 -D__CONFIG_EMF__ -D__CONFIG_WPS__  conftest.c >&5
configure:7695: $? = 0
configure:7695: result: yes
configure:7921: checking for objdir
configure:7936: result: .libs
configure:8200: checking if mipsel-uclibc-gcc supports -fno-rtti -fno-exceptions
configure:8218: mipsel-uclibc-gcc -c -DRTHIWIFI4 -DRTHIWIFI4 -DRTHIWIFI4 -DRTHIWIFI4 -D__CONFIG_EMF__ -D__CONFIG_WPS__ -DRTHIWIFI4 -D__CONFIG_EMF__ -D__CONFIG_WPS__  -fno-rtti -fno-exceptions conftest.c >&5
cc1: warning: command line option "-fno-rtti" is valid for C++/ObjC++ but not for C
configure:8222: $? = 0
configure:8235: result: no
configure:8593: checking for mipsel-uclibc-gcc option to produce PIC
configure:8600: result: -fPIC -DPIC
configure:8608: checking if mipsel-uclibc-gcc PIC flag -fPIC -DPIC works
configure:8626: mipsel-uclibc-gcc -c -DRTHIWIFI4 -DRTHIWIFI4 -DRTHIWIFI4 -DRTHIWIFI4 -D__CONFIG_EMF__ -D__CONFIG_WPS__ -DRTHIWIFI4 -D__CONFIG_EMF__ -D__CONFIG_WPS__  -fPIC -DPIC -DPIC conftest.c >&5
configure:8630: $? = 0
configure:8643: result: yes
configure:8672: checking if mipsel-uclibc-gcc static flag -static works
configure:8700: result: yes
configure:8715: checking if mipsel-uclibc-gcc supports -c -o file.o
configure:8736: mipsel-uclibc-gcc -c -DRTHIWIFI4 -DRTHIWIFI4 -DRTHIWIFI4 -DRTHIWIFI4 -D__CONFIG_EMF__ -D__CONFIG_WPS__ -DRTHIWIFI4 -D__CONFIG_EMF__ -D__CONFIG_WPS__  -o out/conftest2.o conftest.c >&5
configure:8740: $? = 0
configure:8762: result: yes
configure:8770: checking if mipsel-uclibc-gcc supports -c -o file.o
configure:8817: result: yes
configure:8850: checking whether the mipsel-uclibc-gcc linker (mipsel-uclibc-ld) supports shared libraries
configure:10113: result: yes
configure:10150: checking whether -lc should be explicitly linked in
configure:10158: mipsel-uclibc-gcc -c -DRTHIWIFI4 -DRTHIWIFI4 -DRTHIWIFI4 -DRTHIWIFI4 -D__CONFIG_EMF__ -D__CONFIG_WPS__ -DRTHIWIFI4 -D__CONFIG_EMF__ -D__CONFIG_WPS__  conftest.c >&5
configure:10161: $? = 0
configure:10176: mipsel-uclibc-gcc -shared  -fPIC -DPIC conftest.o  -v -Wl,-soname -Wl,conftest -o conftest 2\>\&1 \| /bin/grep  -lc  \>/dev/null 2\>\&1
configure:10179: $? = 0
configure:10193: result: no
configure:10353: checking dynamic linker characteristics
configure:10934: mipsel-uclibc-gcc -o conftest -DRTHIWIFI4 -DRTHIWIFI4 -DRTHIWIFI4 -DRTHIWIFI4 -D__CONFIG_EMF__ -D__CONFIG_WPS__ -DRTHIWIFI4 -D__CONFIG_EMF__ -D__CONFIG_WPS__   -Wl,-rpath -Wl,/foo conftest.c  >&5
configure:10934: $? = 0
configure:11183: result: GNU/Linux ld.so
configure:11305: checking how to hardcode library paths into programs
configure:11330: result: immediate
configure:11878: checking whether stripping libraries is possible
configure:11883: result: yes
configure:11918: checking if libtool supports shared libraries
configure:11920: result: yes
configure:11923: checking whether to build shared libraries
configure:11948: result: yes
configure:11951: checking whether to build static libraries
configure:11955: result: no
configure:12148: checking that generated files are newer than configure
configure:12154: result: done
configure:12177: creating ./config.status

## ---------------------- ##
## Running config.status. ##
## ---------------------- ##

This file was extended by libnfnetlink config.status 1.0.1, which was
generated by GNU Autoconf 2.69.  Invocation command line was

  CONFIG_FILES    = 
  CONFIG_HEADERS  = 
  CONFIG_LINKS    = 
  CONFIG_COMMANDS = 
  $ ./config.status 

on akito-virtual-machine

config.status:1012: creating Makefile
config.status:1012: creating src/Makefile
config.status:1012: creating include/Makefile
config.status:1012: creating include/libnfnetlink/Makefile
config.status:1012: creating utils/Makefile
config.status:1012: creating libnfnetlink.pc
config.status:1184: executing depfiles commands
config.status:1184: executing libtool commands

## ---------------- ##
## Cache variables. ##
## ---------------- ##

ac_cv_build=x86_64-pc-linux-uclibc
ac_cv_c_compiler_gnu=yes
ac_cv_env_CC_set=set
ac_cv_env_CC_value=mipsel-uclibc-gcc
ac_cv_env_CFLAGS_set=set
ac_cv_env_CFLAGS_value='-DRTHIWIFI4 -DRTHIWIFI4 -DRTHIWIFI4 -DRTHIWIFI4 -D__CONFIG_EMF__ -D__CONFIG_WPS__ -DRTHIWIFI4 -D__CONFIG_EMF__ -D__CONFIG_WPS__'
ac_cv_env_CPPFLAGS_set=
ac_cv_env_CPPFLAGS_value=
ac_cv_env_CPP_set=
ac_cv_env_CPP_value=
ac_cv_env_LDFLAGS_set=
ac_cv_env_LDFLAGS_value=
ac_cv_env_LIBS_set=
ac_cv_env_LIBS_value=
ac_cv_env_LT_SYS_LIBRARY_PATH_set=
ac_cv_env_LT_SYS_LIBRARY_PATH_value=
ac_cv_env_build_alias_set=set
ac_cv_env_build_alias_value=
ac_cv_env_host_alias_set=set
ac_cv_env_host_alias_value=mipsel-linux
ac_cv_env_target_alias_set=
ac_cv_env_target_alias_value=
ac_cv_header_dlfcn_h=yes
ac_cv_header_inttypes_h=yes
ac_cv_header_memory_h=yes
ac_cv_header_stdc=yes
ac_cv_header_stdint_h=yes
ac_cv_header_stdlib_h=yes
ac_cv_header_string_h=yes
ac_cv_header_strings_h=yes
ac_cv_header_sys_stat_h=yes
ac_cv_header_sys_types_h=yes
ac_cv_header_unistd_h=yes
ac_cv_host=mipsel-unknown-linux-gnu
ac_cv_objext=o
ac_cv_path_EGREP='/bin/grep -E'
ac_cv_path_FGREP='/bin/grep -F'
ac_cv_path_GREP=/bin/grep
ac_cv_path_SED=/bin/sed
ac_cv_path_install='/usr/bin/install -c'
ac_cv_path_lt_DD=/bin/dd
ac_cv_path_mkdir=/bin/mkdir
ac_cv_prog_AR=mipsel-uclibc-ar
ac_cv_prog_AWK=gawk
ac_cv_prog_CC=mipsel-uclibc-gcc
ac_cv_prog_CPP='mipsel-uclibc-gcc -E'
ac_cv_prog_OBJDUMP=mipsel-uclibc-objdump
ac_cv_prog_RANLIB=mipsel-uclibc-ranlib
ac_cv_prog_STRIP='mipsel-uclibc-strip -R .note -R .comment'
ac_cv_prog_ac_ct_MANIFEST_TOOL=mt
ac_cv_prog_cc_c89=
ac_cv_prog_cc_g=yes
ac_cv_prog_make_make_set=yes
am_cv_CC_dependencies_compiler_type=gcc3
am_cv_make_support_nested_variables=yes
am_cv_prog_cc_c_o=yes
am_cv_prog_tar_pax=gnutar
lt_cv_ar_at_file=@
lt_cv_archive_cmds_need_lc=no
lt_cv_deplibs_check_method=pass_all
lt_cv_file_magic_cmd='$MAGIC_CMD'
lt_cv_file_magic_test_file=
lt_cv_ld_reload_flag=-r
lt_cv_nm_interface='BSD nm'
lt_cv_objdir=.libs
lt_cv_path_LD=mipsel-uclibc-ld
lt_cv_path_NM=mipsel-uclibc-nm
lt_cv_path_mainfest_tool=no
lt_cv_prog_compiler_c_o=yes
lt_cv_prog_compiler_pic='-fPIC -DPIC'
lt_cv_prog_compiler_pic_works=yes
lt_cv_prog_compiler_rtti_exceptions=no
lt_cv_prog_compiler_static_works=yes
lt_cv_prog_gnu_ld=yes
lt_cv_sharedlib_from_linklib_cmd='printf %s\n'
lt_cv_shlibpath_overrides_runpath=no
lt_cv_sys_global_symbol_pipe='sed -n -e '\''s/^.*[	 ]\([ABCDGIRSTW][ABCDGIRSTW]*\)[	 ][	 ]*\([_A-Za-z][_A-Za-z0-9]*\)$/\1 \2 \2/p'\'' | sed '\''/ __gnu_lto/d'\'''
lt_cv_sys_global_symbol_to_c_name_address='sed -n -e '\''s/^: \(.*\) .*$/  {"\1", (void *) 0},/p'\'' -e '\''s/^[ABCDGIRSTW][ABCDGIRSTW]* .* \(.*\)$/  {"\1", (void *) \&\1},/p'\'''
lt_cv_sys_global_symbol_to_c_name_address_lib_prefix='sed -n -e '\''s/^: \(.*\) .*$/  {"\1", (void *) 0},/p'\'' -e '\''s/^[ABCDGIRSTW][ABCDGIRSTW]* .* \(lib.*\)$/  {"\1", (void *) \&\1},/p'\'' -e '\''s/^[ABCDGIRSTW][ABCDGIRSTW]* .* \(.*\)$/  {"lib\1", (void *) \&\1},/p'\'''
lt_cv_sys_global_symbol_to_cdecl='sed -n -e '\''s/^T .* \(.*\)$/extern int \1();/p'\'' -e '\''s/^[ABCDGIRSTW][ABCDGIRSTW]* .* \(.*\)$/extern char \1;/p'\'''
lt_cv_sys_global_symbol_to_import=
lt_cv_sys_max_cmd_len=1572864
lt_cv_to_host_file_cmd=func_convert_file_noop
lt_cv_to_tool_file_cmd=func_convert_file_noop
lt_cv_truncate_bin='/bin/dd bs=4096 count=1'

## ----------------- ##
## Output variables. ##
## ----------------- ##

ACLOCAL='${SHELL} /home/akito/asuswrt-merlin/release/src/router/libnfnetlink-1.0.1/build-aux/missing aclocal-1.15'
AMDEPBACKSLASH='\'
AMDEP_FALSE='#'
AMDEP_TRUE=''
AMTAR='$${TAR-tar}'
AM_BACKSLASH='\'
AM_DEFAULT_V='$(AM_DEFAULT_VERBOSITY)'
AM_DEFAULT_VERBOSITY='0'
AM_V='$(V)'
AR='mipsel-uclibc-ar'
AUTOCONF='${SHELL} /home/akito/asuswrt-merlin/release/src/router/libnfnetlink-1.0.1/build-aux/missing autoconf'
AUTOHEADER='${SHELL} /home/akito/asuswrt-merlin/release/src/router/libnfnetlink-1.0.1/build-aux/missing autoheader'
AUTOMAKE='${SHELL} /home/akito/asuswrt-merlin/release/src/router/libnfnetlink-1.0.1/build-aux/missing automake-1.15'
AWK='gawk'
CC='mipsel-uclibc-gcc'
CCDEPMODE='depmode=gcc3'
CFLAGS='-DRTHIWIFI4 -DRTHIWIFI4 -DRTHIWIFI4 -DRTHIWIFI4 -D__CONFIG_EMF__ -D__CONFIG_WPS__ -DRTHIWIFI4 -D__CONFIG_EMF__ -D__CONFIG_WPS__'
CPP='mipsel-uclibc-gcc -E'
CPPFLAGS=''
CYGPATH_W='echo'
DEFS='-DPACKAGE_NAME=\"libnfnetlink\" -DPACKAGE_TARNAME=\"libnfnetlink\" -DPACKAGE_VERSION=\"1.0.1\" -DPACKAGE_STRING=\"libnfnetlink\ 1.0.1\" -DPACKAGE_BUGREPORT=\"\" -DPACKAGE_URL=\"\" -DPACKAGE=\"libnfnetlink\" -DVERSION=\"1.0.1\" -DSTDC_HEADERS=1 -DHAVE_SYS_TYPES_H=1 -DHAVE_SYS_STAT_H=1 -DHAVE_STDLIB_H=1 -DHAVE_STRING_H=1 -DHAVE_MEMORY_H=1 -DHAVE_STRINGS_H=1 -DHAVE_INTTYPES_H=1 -DHAVE_STDINT_H=1 -DHAVE_UNISTD_H=1 -DHAVE_DLFCN_H=1 -DLT_OBJDIR=\".libs/\"'
DEPDIR='.deps'
DLLTOOL='false'
DSYMUTIL=''
DUMPBIN=''
ECHO_C=''
ECHO_N='-n'
ECHO_T=''
EGREP='/bin/grep -E'
EXEEXT=''
FGREP='/bin/grep -F'
GREP='/bin/grep'
INSTALL_DATA='${INSTALL} -m 644'
INSTALL_PROGRAM='${INSTALL}'
INSTALL_SCRIPT='${INSTALL}'
INSTALL_STRIP_PROGRAM='$(install_sh) -c -s'
LD='mipsel-uclibc-ld'
LDFLAGS=''
LIBOBJS=''
LIBS=''
LIBTOOL='$(SHELL) $(top_builddir)/libtool'
LIPO=''
LN_S='ln -s'
LTLIBOBJS=''
LT_SYS_LIBRARY_PATH=''
MAKEINFO='${SHELL} /home/akito/asuswrt-merlin/release/src/router/libnfnetlink-1.0.1/build-aux/missing makeinfo'
MANIFEST_TOOL=':'
MKDIR_P='/bin/mkdir -p'
NM='mipsel-uclibc-nm'
NMEDIT=''
OBJDUMP='mipsel-uclibc-objdump'
OBJEXT='o'
OTOOL64=''
OTOOL=''
PACKAGE='libnfnetlink'
PACKAGE_BUGREPORT=''
PACKAGE_NAME='libnfnetlink'
PACKAGE_STRING='libnfnetlink 1.0.1'
PACKAGE_TARNAME='libnfnetlink'
PACKAGE_URL=''
PACKAGE_VERSION='1.0.1'
PATH_SEPARATOR=':'
RANLIB='mipsel-uclibc-ranlib'
SED='/bin/sed'
SET_MAKE=''
SHELL='/bin/bash'
STRIP='mipsel-uclibc-strip -R .note -R .comment'
VERSION='1.0.1'
ac_ct_AR=''
ac_ct_CC=''
ac_ct_DUMPBIN=''
am__EXEEXT_FALSE=''
am__EXEEXT_TRUE='#'
am__fastdepCC_FALSE='#'
am__fastdepCC_TRUE=''
am__include='include'
am__isrc=''
am__leading_dot='.'
am__nodep='_no'
am__quote=''
am__tar='tar --format=posix -chf - "$$tardir"'
am__untar='tar -xf -'
bindir='/usr/sbin'
build='x86_64-pc-linux-uclibc'
build_alias=''
build_cpu='x86_64'
build_os='linux-uclibc'
build_vendor='pc'
datadir='${datarootdir}'
datarootdir='${prefix}/share'
docdir='${datarootdir}/doc/${PACKAGE_TARNAME}'
dvidir='${docdir}'
exec_prefix='${prefix}'
host='mipsel-unknown-linux-gnu'
host_alias='mipsel-linux'
host_cpu='mipsel'
host_os='linux-gnu'
host_vendor='unknown'
htmldir='${docdir}'
includedir='${prefix}/include'
infodir='${datarootdir}/info'
install_sh='${SHELL} /home/akito/asuswrt-merlin/release/src/router/libnfnetlink-1.0.1/build-aux/install-sh'
libdir='/usr/lib'
libexecdir='${exec_prefix}/libexec'
localedir='${datarootdir}/locale'
localstatedir='${prefix}/var'
mandir='${datarootdir}/man'
mkdir_p='$(MKDIR_P)'
oldincludedir='/usr/include'
pdfdir='${docdir}'
prefix='/usr'
program_transform_name='s,x,x,'
psdir='${docdir}'
runstatedir='${localstatedir}/run'
sbindir='${exec_prefix}/sbin'
sharedstatedir='${prefix}/com'
sysconfdir='${prefix}/etc'
target_alias=''

## ----------- ##
## confdefs.h. ##
## ----------- ##

/* confdefs.h */
#define PACKAGE_NAME "libnfnetlink"
#define PACKAGE_TARNAME "libnfnetlink"
#define PACKAGE_VERSION "1.0.1"
#define PACKAGE_STRING "libnfnetlink 1.0.1"
#define PACKAGE_BUGREPORT ""
#define PACKAGE_URL ""
#define PACKAGE "libnfnetlink"
#define VERSION "1.0.1"
#define STDC_HEADERS 1
#define HAVE_SYS_TYPES_H 1
#define HAVE_SYS_STAT_H 1
#define HAVE_STDLIB_H 1
#define HAVE_STRING_H 1
#define HAVE_MEMORY_H 1
#define HAVE_STRINGS_H 1
#define HAVE_INTTYPES_H 1
#define HAVE_STDINT_H 1
#define HAVE_UNISTD_H 1
#define HAVE_DLFCN_H 1
#define LT_OBJDIR ".libs/"

configure: exit 0
