This file contains any messages produced by compilers while
running configure, to aid debugging if configure makes a mistake.

It was created by libmnl configure 1.0.3, which was
generated by GNU Autoconf 2.69.  Invocation command line was

  $ ./configure --host=mipsel-linux --build= --prefix=/usr build_alias= host_alias=mipsel-linux CC=mipsel-uclibc-gcc CFLAGS=-Os -Wall -DLINUX26 -DDEBUG_NOISY -DDEBUG_RCTEST -pipe -funit-at-a-time -Wno-pointer-sign -mtune=mips32 -mips32 -DLINUX30 -DLINUX_KERNEL_VERSION=199182  -ffunction-sections -fdata-sections LDFLAGS=-ffunction-sections -fdata-sections -Wl,--gc-sections --no-create --no-recursion

## --------- ##
## Platform. ##
## --------- ##

hostname = akito-virtual-machine
uname -m = x86_64
uname -r = 5.4.0-65-generic
uname -s = Linux
uname -v = #73~18.04.1-Ubuntu SMP Tue Jan 19 09:02:24 UTC 2021

/usr/bin/uname -p = unknown
/bin/uname -X     = unknown

/bin/arch              = unknown
/usr/bin/arch -k       = unknown
/usr/convex/getsysinfo = unknown
/usr/bin/hostinfo      = unknown
/bin/machine           = unknown
/usr/bin/oslevel       = unknown
/bin/universe          = unknown

PATH: /home/akito/rm2100-merlin/release/src-ra-5010/../../tools/brcm/hndtools-mipsel-uclibc/bin
PATH: /home/akito/rm2100-merlin/release/src-ra-5010/../../tools/brcm/hndtools-mipsel-uclibc/bin
PATH: /home/akito/rm2100-merlin/release/tools
PATH: /home/akito/rm2100-merlin/release/src-ra-5010/ctools
PATH: /home/akito/rm2100-merlin/release/src-ra-5010/../../tools/brcm/hndtools-mipsel-uclibc/bin
PATH: /home/akito/rm2100-merlin/release/tools
PATH: /home/akito/rm2100-merlin/release/src-ra-5010/ctools
PATH: /home/akito/rm2100-merlin/release/src-ra-5010/../../tools/brcm/hndtools-mipsel-uclibc/bin
PATH: /home/akito/rm2100-merlin/release/tools
PATH: /home/akito/rm2100-merlin/release/src-ra-5010/ctools
PATH: /opt/buildroot-gcc463/bin
PATH: /opt/brcm/hndtools-mipsel-uclibc/bin
PATH: /opt/brcm/hndtools-mipsel-linux/bin
PATH: /home/akito/.local/share/umake/bin
PATH: /usr/local/sbin
PATH: /usr/local/bin
PATH: /usr/sbin
PATH: /usr/bin
PATH: /sbin
PATH: /bin
PATH: /usr/games
PATH: /usr/local/games
PATH: /snap/bin


## ----------- ##
## Core tests. ##
## ----------- ##

configure:2156: checking build system type
configure:2170: result: x86_64-unknown-linux-gnu
configure:2190: checking host system type
configure:2203: result: mipsel-unknown-linux-gnu
configure:2242: checking for a BSD-compatible install
configure:2310: result: /usr/bin/install -c
configure:2321: checking whether build environment is sane
configure:2371: result: yes
configure:2420: checking for mipsel-linux-strip
configure:2447: result: mipsel-uclibc-strip -R .note -R .comment
configure:2512: checking for a thread-safe mkdir -p
configure:2551: result: /bin/mkdir -p
configure:2564: checking for gawk
configure:2580: found /usr/bin/gawk
configure:2591: result: gawk
configure:2602: checking whether make sets $(MAKE)
configure:2624: result: yes
configure:2699: checking how to create a pax tar archive
configure:2712: tar --version
tar (GNU tar) 1.29
Copyright (C) 2015 Free Software Foundation, Inc.
License GPLv3+: GNU GPL version 3 or later <http://gnu.org/licenses/gpl.html>.
This is free software: you are free to change and redistribute it.
There is NO WARRANTY, to the extent permitted by law.

Written by John Gilmore and Jay Fenlason.
configure:2715: $? = 0
configure:2755: tardir=conftest.dir && eval tar --format=posix -chf - "$tardir" >conftest.tar
configure:2758: $? = 0
configure:2762: tar -xf - <conftest.tar
configure:2765: $? = 0
configure:2778: result: gnutar
configure:2797: checking whether make supports nested variables
configure:2814: result: yes
configure:2834: checking for mipsel-linux-gcc
configure:2861: result: mipsel-uclibc-gcc
configure:3130: checking for C compiler version
configure:3139: mipsel-uclibc-gcc --version >&5
mipsel-uclibc-gcc (GCC) 4.2.4
Copyright (C) 2007 Free Software Foundation, Inc.
This is free software; see the source for copying conditions.  There is NO
warranty; not even for MERCHANTABILITY or FITNESS FOR A PARTICULAR PURPOSE.

configure:3150: $? = 0
configure:3139: mipsel-uclibc-gcc -v >&5
Using built-in specs.
Target: mipsel-linux-uclibc
Configured with: /home/fedork/tomato/toolchain/build_dir/toolchain-mipsel_gcc4.2.4/gcc-4.2.4/configure --prefix=/opt/brcm/hndtools-mipsel-uclibc-4.2.4 --build=i486-linux-gnu --host=i486-linux-gnu --target=mipsel-linux-uclibc --with-gnu-ld --enable-target-optspace --disable-libgomp --disable-libmudflap --disable-multilib --disable-nls --disable-__cxa_atexit --enable-libssp --enable-languages=c,c++ --enable-shared --enable-threads --disable-tls
Thread model: posix
gcc version 4.2.4
configure:3150: $? = 0
configure:3139: mipsel-uclibc-gcc -V >&5
mipsel-uclibc-gcc: '-V' option must have argument
configure:3150: $? = 1
configure:3139: mipsel-uclibc-gcc -qversion >&5
mipsel-uclibc-gcc: unrecognized option '-qversion'
mipsel-uclibc-gcc: no input files
configure:3150: $? = 1
configure:3170: checking whether the C compiler works
configure:3192: mipsel-uclibc-gcc -Os -Wall -DLINUX26 -DDEBUG_NOISY -DDEBUG_RCTEST -pipe -funit-at-a-time -Wno-pointer-sign -mtune=mips32 -mips32 -DLINUX30 -DLINUX_KERNEL_VERSION=199182  -ffunction-sections -fdata-sections  -ffunction-sections -fdata-sections -Wl,--gc-sections conftest.c  >&5
configure:3196: $? = 0
configure:3244: result: yes
configure:3247: checking for C compiler default output file name
configure:3249: result: a.out
configure:3255: checking for suffix of executables
configure:3262: mipsel-uclibc-gcc -o conftest -Os -Wall -DLINUX26 -DDEBUG_NOISY -DDEBUG_RCTEST -pipe -funit-at-a-time -Wno-pointer-sign -mtune=mips32 -mips32 -DLINUX30 -DLINUX_KERNEL_VERSION=199182  -ffunction-sections -fdata-sections  -ffunction-sections -fdata-sections -Wl,--gc-sections conftest.c  >&5
configure:3266: $? = 0
configure:3288: result: 
configure:3310: checking whether we are cross compiling
configure:3318: mipsel-uclibc-gcc -o conftest -Os -Wall -DLINUX26 -DDEBUG_NOISY -DDEBUG_RCTEST -pipe -funit-at-a-time -Wno-pointer-sign -mtune=mips32 -mips32 -DLINUX30 -DLINUX_KERNEL_VERSION=199182  -ffunction-sections -fdata-sections  -ffunction-sections -fdata-sections -Wl,--gc-sections conftest.c  >&5
configure:3322: $? = 0
configure:3329: ./conftest
/lib/ld-uClibc.so.0: No such file or directory
configure:3333: $? = 255
configure:3348: result: yes
configure:3353: checking for suffix of object files
configure:3375: mipsel-uclibc-gcc -c -Os -Wall -DLINUX26 -DDEBUG_NOISY -DDEBUG_RCTEST -pipe -funit-at-a-time -Wno-pointer-sign -mtune=mips32 -mips32 -DLINUX30 -DLINUX_KERNEL_VERSION=199182  -ffunction-sections -fdata-sections  conftest.c >&5
configure:3379: $? = 0
configure:3400: result: o
configure:3404: checking whether we are using the GNU C compiler
configure:3423: mipsel-uclibc-gcc -c -Os -Wall -DLINUX26 -DDEBUG_NOISY -DDEBUG_RCTEST -pipe -funit-at-a-time -Wno-pointer-sign -mtune=mips32 -mips32 -DLINUX30 -DLINUX_KERNEL_VERSION=199182  -ffunction-sections -fdata-sections  conftest.c >&5
configure:3423: $? = 0
configure:3432: result: yes
configure:3441: checking whether mipsel-uclibc-gcc accepts -g
configure:3461: mipsel-uclibc-gcc -c -g  conftest.c >&5
configure:3461: $? = 0
configure:3502: result: yes
configure:3519: checking for mipsel-uclibc-gcc option to accept ISO C89
configure:3582: mipsel-uclibc-gcc  -c -Os -Wall -DLINUX26 -DDEBUG_NOISY -DDEBUG_RCTEST -pipe -funit-at-a-time -Wno-pointer-sign -mtune=mips32 -mips32 -DLINUX30 -DLINUX_KERNEL_VERSION=199182  -ffunction-sections -fdata-sections  conftest.c >&5
configure:3582: $? = 0
configure:3595: result: none needed
configure:3626: checking for style of include used by make
configure:3654: result: GNU
configure:3680: checking dependency style of mipsel-uclibc-gcc
configure:3791: result: gcc3
configure:3807: checking whether mipsel-uclibc-gcc and cc understand -c and -o together
configure:3838: mipsel-uclibc-gcc -c conftest.c -o conftest2.o >&5
configure:3842: $? = 0
configure:3848: mipsel-uclibc-gcc -c conftest.c -o conftest2.o >&5
configure:3852: $? = 0
configure:3863: cc -c conftest.c >&5
configure:3867: $? = 0
configure:3875: cc -c conftest.c -o conftest2.o >&5
configure:3879: $? = 0
configure:3885: cc -c conftest.c -o conftest2.o >&5
configure:3889: $? = 0
configure:3907: result: yes
configure:4010: checking how to print strings
configure:4037: result: printf
configure:4058: checking for a sed that does not truncate output
configure:4122: result: /bin/sed
configure:4140: checking for grep that handles long lines and -e
configure:4198: result: /bin/grep
configure:4203: checking for egrep
configure:4265: result: /bin/grep -E
configure:4270: checking for fgrep
configure:4332: result: /bin/grep -F
configure:4367: checking for ld used by mipsel-uclibc-gcc
configure:4434: result: mipsel-uclibc-ld
configure:4441: checking if the linker (mipsel-uclibc-ld) is GNU ld
configure:4456: result: yes
configure:4468: checking for BSD- or MS-compatible name lister (nm)
configure:4517: result: mipsel-uclibc-nm
configure:4647: checking the name lister (mipsel-uclibc-nm) interface
configure:4654: mipsel-uclibc-gcc -c -Os -Wall -DLINUX26 -DDEBUG_NOISY -DDEBUG_RCTEST -pipe -funit-at-a-time -Wno-pointer-sign -mtune=mips32 -mips32 -DLINUX30 -DLINUX_KERNEL_VERSION=199182  -ffunction-sections -fdata-sections  conftest.c >&5
configure:4657: mipsel-uclibc-nm "conftest.o"
configure:4660: output
00000000 B some_variable
configure:4667: result: BSD nm
configure:4670: checking whether ln -s works
configure:4674: result: yes
configure:4682: checking the maximum length of command line arguments
configure:4812: result: 1572864
configure:4829: checking whether the shell understands some XSI constructs
configure:4839: result: yes
configure:4843: checking whether the shell understands "+="
configure:4849: result: yes
configure:4884: checking how to convert x86_64-unknown-linux-gnu file names to mipsel-unknown-linux-gnu format
configure:4924: result: func_convert_file_noop
configure:4931: checking how to convert x86_64-unknown-linux-gnu file names to toolchain format
configure:4951: result: func_convert_file_noop
configure:4958: checking for mipsel-uclibc-ld option to reload object files
configure:4965: result: -r
configure:4999: checking for mipsel-linux-objdump
configure:5026: result: mipsel-uclibc-objdump
configure:5098: checking how to recognize dependent libraries
configure:5300: result: pass_all
configure:5345: checking for mipsel-linux-dlltool
configure:5375: result: no
configure:5385: checking for dlltool
configure:5415: result: no
configure:5445: checking how to associate runtime and link libraries
configure:5472: result: printf %s\n
configure:5489: checking for mipsel-linux-ar
configure:5516: result: mipsel-uclibc-ar
configure:5597: checking for archiver @FILE support
configure:5614: mipsel-uclibc-gcc -c -Os -Wall -DLINUX26 -DDEBUG_NOISY -DDEBUG_RCTEST -pipe -funit-at-a-time -Wno-pointer-sign -mtune=mips32 -mips32 -DLINUX30 -DLINUX_KERNEL_VERSION=199182  -ffunction-sections -fdata-sections  conftest.c >&5
configure:5614: $? = 0
configure:5617: mipsel-uclibc-ar cru libconftest.a @conftest.lst >&5
configure:5620: $? = 0
configure:5625: mipsel-uclibc-ar cru libconftest.a @conftest.lst >&5
mipsel-uclibc-ar: conftest.o: No such file or directory
configure:5628: $? = 1
configure:5640: result: @
configure:5658: checking for mipsel-linux-strip
configure:5685: result: mipsel-uclibc-strip -R .note -R .comment
configure:5757: checking for mipsel-linux-ranlib
configure:5784: result: mipsel-uclibc-ranlib
configure:5926: checking command to parse mipsel-uclibc-nm output from mipsel-uclibc-gcc object
configure:6046: mipsel-uclibc-gcc -c -Os -Wall -DLINUX26 -DDEBUG_NOISY -DDEBUG_RCTEST -pipe -funit-at-a-time -Wno-pointer-sign -mtune=mips32 -mips32 -DLINUX30 -DLINUX_KERNEL_VERSION=199182  -ffunction-sections -fdata-sections  conftest.c >&5
configure:6049: $? = 0
configure:6053: mipsel-uclibc-nm conftest.o \| sed -n -e 's/^.*[ ]\([ABCDGIRSTW][ABCDGIRSTW]*\)[ ][ ]*\([_A-Za-z][_A-Za-z0-9]*\)$/\1 \2 \2/p' | sed '/ __gnu_lto/d' \> conftest.nm
configure:6056: $? = 0
configure:6122: mipsel-uclibc-gcc -o conftest -Os -Wall -DLINUX26 -DDEBUG_NOISY -DDEBUG_RCTEST -pipe -funit-at-a-time -Wno-pointer-sign -mtune=mips32 -mips32 -DLINUX30 -DLINUX_KERNEL_VERSION=199182  -ffunction-sections -fdata-sections  -ffunction-sections -fdata-sections -Wl,--gc-sections conftest.c conftstm.o >&5
configure:6125: $? = 0
configure:6163: result: ok
configure:6200: checking for sysroot
configure:6230: result: no
configure:6446: checking for mipsel-linux-mt
configure:6476: result: no
configure:6486: checking for mt
configure:6502: found /bin/mt
configure:6513: result: mt
configure:6525: WARNING: using cross tools not prefixed with host triplet
configure:6536: checking if mt is a manifest tool
configure:6542: mt '-?'
configure:6550: result: no
configure:7192: checking how to run the C preprocessor
configure:7223: mipsel-uclibc-gcc -E  conftest.c
configure:7223: $? = 0
configure:7237: mipsel-uclibc-gcc -E  conftest.c
conftest.c:11:28: error: ac_nonexistent.h: No such file or directory
configure:7237: $? = 1
configure: failed program was:
| /* confdefs.h */
| #define PACKAGE_NAME "libmnl"
| #define PACKAGE_TARNAME "libmnl"
| #define PACKAGE_VERSION "1.0.3"
| #define PACKAGE_STRING "libmnl 1.0.3"
| #define PACKAGE_BUGREPORT ""
| #define PACKAGE_URL ""
| #define PACKAGE "libmnl"
| #define VERSION "1.0.3"
| /* end confdefs.h.  */
| #include <ac_nonexistent.h>
configure:7262: result: mipsel-uclibc-gcc -E
configure:7282: mipsel-uclibc-gcc -E  conftest.c
configure:7282: $? = 0
configure:7296: mipsel-uclibc-gcc -E  conftest.c
conftest.c:11:28: error: ac_nonexistent.h: No such file or directory
configure:7296: $? = 1
configure: failed program was:
| /* confdefs.h */
| #define PACKAGE_NAME "libmnl"
| #define PACKAGE_TARNAME "libmnl"
| #define PACKAGE_VERSION "1.0.3"
| #define PACKAGE_STRING "libmnl 1.0.3"
| #define PACKAGE_BUGREPORT ""
| #define PACKAGE_URL ""
| #define PACKAGE "libmnl"
| #define VERSION "1.0.3"
| /* end confdefs.h.  */
| #include <ac_nonexistent.h>
configure:7325: checking for ANSI C header files
configure:7345: mipsel-uclibc-gcc -c -Os -Wall -DLINUX26 -DDEBUG_NOISY -DDEBUG_RCTEST -pipe -funit-at-a-time -Wno-pointer-sign -mtune=mips32 -mips32 -DLINUX30 -DLINUX_KERNEL_VERSION=199182  -ffunction-sections -fdata-sections  conftest.c >&5
configure:7345: $? = 0
configure:7429: result: yes
configure:7442: checking for sys/types.h
configure:7442: mipsel-uclibc-gcc -c -Os -Wall -DLINUX26 -DDEBUG_NOISY -DDEBUG_RCTEST -pipe -funit-at-a-time -Wno-pointer-sign -mtune=mips32 -mips32 -DLINUX30 -DLINUX_KERNEL_VERSION=199182  -ffunction-sections -fdata-sections  conftest.c >&5
configure:7442: $? = 0
configure:7442: result: yes
configure:7442: checking for sys/stat.h
configure:7442: mipsel-uclibc-gcc -c -Os -Wall -DLINUX26 -DDEBUG_NOISY -DDEBUG_RCTEST -pipe -funit-at-a-time -Wno-pointer-sign -mtune=mips32 -mips32 -DLINUX30 -DLINUX_KERNEL_VERSION=199182  -ffunction-sections -fdata-sections  conftest.c >&5
configure:7442: $? = 0
configure:7442: result: yes
configure:7442: checking for stdlib.h
configure:7442: mipsel-uclibc-gcc -c -Os -Wall -DLINUX26 -DDEBUG_NOISY -DDEBUG_RCTEST -pipe -funit-at-a-time -Wno-pointer-sign -mtune=mips32 -mips32 -DLINUX30 -DLINUX_KERNEL_VERSION=199182  -ffunction-sections -fdata-sections  conftest.c >&5
configure:7442: $? = 0
configure:7442: result: yes
configure:7442: checking for string.h
configure:7442: mipsel-uclibc-gcc -c -Os -Wall -DLINUX26 -DDEBUG_NOISY -DDEBUG_RCTEST -pipe -funit-at-a-time -Wno-pointer-sign -mtune=mips32 -mips32 -DLINUX30 -DLINUX_KERNEL_VERSION=199182  -ffunction-sections -fdata-sections  conftest.c >&5
configure:7442: $? = 0
configure:7442: result: yes
configure:7442: checking for memory.h
configure:7442: mipsel-uclibc-gcc -c -Os -Wall -DLINUX26 -DDEBUG_NOISY -DDEBUG_RCTEST -pipe -funit-at-a-time -Wno-pointer-sign -mtune=mips32 -mips32 -DLINUX30 -DLINUX_KERNEL_VERSION=199182  -ffunction-sections -fdata-sections  conftest.c >&5
configure:7442: $? = 0
configure:7442: result: yes
configure:7442: checking for strings.h
configure:7442: mipsel-uclibc-gcc -c -Os -Wall -DLINUX26 -DDEBUG_NOISY -DDEBUG_RCTEST -pipe -funit-at-a-time -Wno-pointer-sign -mtune=mips32 -mips32 -DLINUX30 -DLINUX_KERNEL_VERSION=199182  -ffunction-sections -fdata-sections  conftest.c >&5
configure:7442: $? = 0
configure:7442: result: yes
configure:7442: checking for inttypes.h
configure:7442: mipsel-uclibc-gcc -c -Os -Wall -DLINUX26 -DDEBUG_NOISY -DDEBUG_RCTEST -pipe -funit-at-a-time -Wno-pointer-sign -mtune=mips32 -mips32 -DLINUX30 -DLINUX_KERNEL_VERSION=199182  -ffunction-sections -fdata-sections  conftest.c >&5
configure:7442: $? = 0
configure:7442: result: yes
configure:7442: checking for stdint.h
configure:7442: mipsel-uclibc-gcc -c -Os -Wall -DLINUX26 -DDEBUG_NOISY -DDEBUG_RCTEST -pipe -funit-at-a-time -Wno-pointer-sign -mtune=mips32 -mips32 -DLINUX30 -DLINUX_KERNEL_VERSION=199182  -ffunction-sections -fdata-sections  conftest.c >&5
configure:7442: $? = 0
configure:7442: result: yes
configure:7442: checking for unistd.h
configure:7442: mipsel-uclibc-gcc -c -Os -Wall -DLINUX26 -DDEBUG_NOISY -DDEBUG_RCTEST -pipe -funit-at-a-time -Wno-pointer-sign -mtune=mips32 -mips32 -DLINUX30 -DLINUX_KERNEL_VERSION=199182  -ffunction-sections -fdata-sections  conftest.c >&5
configure:7442: $? = 0
configure:7442: result: yes
configure:7456: checking for dlfcn.h
configure:7456: mipsel-uclibc-gcc -c -Os -Wall -DLINUX26 -DDEBUG_NOISY -DDEBUG_RCTEST -pipe -funit-at-a-time -Wno-pointer-sign -mtune=mips32 -mips32 -DLINUX30 -DLINUX_KERNEL_VERSION=199182  -ffunction-sections -fdata-sections  conftest.c >&5
configure:7456: $? = 0
configure:7456: result: yes
configure:7632: checking for objdir
configure:7647: result: .libs
configure:7918: checking if mipsel-uclibc-gcc supports -fno-rtti -fno-exceptions
configure:7936: mipsel-uclibc-gcc -c -Os -Wall -DLINUX26 -DDEBUG_NOISY -DDEBUG_RCTEST -pipe -funit-at-a-time -Wno-pointer-sign -mtune=mips32 -mips32 -DLINUX30 -DLINUX_KERNEL_VERSION=199182  -ffunction-sections -fdata-sections  -fno-rtti -fno-exceptions conftest.c >&5
cc1: warning: command line option "-fno-rtti" is valid for C++/ObjC++ but not for C
configure:7940: $? = 0
configure:7953: result: no
configure:8280: checking for mipsel-uclibc-gcc option to produce PIC
configure:8287: result: -fPIC -DPIC
configure:8295: checking if mipsel-uclibc-gcc PIC flag -fPIC -DPIC works
configure:8313: mipsel-uclibc-gcc -c -Os -Wall -DLINUX26 -DDEBUG_NOISY -DDEBUG_RCTEST -pipe -funit-at-a-time -Wno-pointer-sign -mtune=mips32 -mips32 -DLINUX30 -DLINUX_KERNEL_VERSION=199182  -ffunction-sections -fdata-sections  -fPIC -DPIC -DPIC conftest.c >&5
configure:8317: $? = 0
configure:8330: result: yes
configure:8359: checking if mipsel-uclibc-gcc static flag -static works
configure:8387: result: yes
configure:8402: checking if mipsel-uclibc-gcc supports -c -o file.o
configure:8423: mipsel-uclibc-gcc -c -Os -Wall -DLINUX26 -DDEBUG_NOISY -DDEBUG_RCTEST -pipe -funit-at-a-time -Wno-pointer-sign -mtune=mips32 -mips32 -DLINUX30 -DLINUX_KERNEL_VERSION=199182  -ffunction-sections -fdata-sections  -o out/conftest2.o conftest.c >&5
configure:8427: $? = 0
configure:8449: result: yes
configure:8457: checking if mipsel-uclibc-gcc supports -c -o file.o
configure:8504: result: yes
configure:8537: checking whether the mipsel-uclibc-gcc linker (mipsel-uclibc-ld) supports shared libraries
configure:9694: result: yes
configure:9731: checking whether -lc should be explicitly linked in
configure:9739: mipsel-uclibc-gcc -c -Os -Wall -DLINUX26 -DDEBUG_NOISY -DDEBUG_RCTEST -pipe -funit-at-a-time -Wno-pointer-sign -mtune=mips32 -mips32 -DLINUX30 -DLINUX_KERNEL_VERSION=199182  -ffunction-sections -fdata-sections  conftest.c >&5
configure:9742: $? = 0
configure:9757: mipsel-uclibc-gcc -shared  -fPIC -DPIC conftest.o  -v -Wl,-soname -Wl,conftest -o conftest 2\>\&1 \| /bin/grep  -lc  \>/dev/null 2\>\&1
configure:9760: $? = 0
configure:9774: result: no
configure:9934: checking dynamic linker characteristics
configure:10445: mipsel-uclibc-gcc -o conftest -Os -Wall -DLINUX26 -DDEBUG_NOISY -DDEBUG_RCTEST -pipe -funit-at-a-time -Wno-pointer-sign -mtune=mips32 -mips32 -DLINUX30 -DLINUX_KERNEL_VERSION=199182  -ffunction-sections -fdata-sections  -ffunction-sections -fdata-sections -Wl,--gc-sections -Wl,-rpath -Wl,/foo conftest.c  >&5
configure:10445: $? = 0
configure:10679: result: GNU/Linux ld.so
configure:10786: checking how to hardcode library paths into programs
configure:10811: result: immediate
configure:11351: checking whether stripping libraries is possible
configure:11356: result: yes
configure:11391: checking if libtool supports shared libraries
configure:11393: result: yes
configure:11396: checking whether to build shared libraries
configure:11417: result: yes
configure:11420: checking whether to build static libraries
configure:11424: result: no
configure:11470: checking whether compiler accepts -fvisibility=hidden
configure:11479: mipsel-uclibc-gcc -c -Os -Wall -DLINUX26 -DDEBUG_NOISY -DDEBUG_RCTEST -pipe -funit-at-a-time -Wno-pointer-sign -mtune=mips32 -mips32 -DLINUX30 -DLINUX_KERNEL_VERSION=199182  -ffunction-sections -fdata-sections -fvisibility=hidden  conftest.c >&5
configure:11479: $? = 0
configure:11487: result: yes
configure:11647: creating ./config.status

## ---------------- ##
## Cache variables. ##
## ---------------- ##

ac_cv_build=x86_64-unknown-linux-gnu
ac_cv_c_compiler_gnu=yes
ac_cv_env_CC_set=set
ac_cv_env_CC_value=mipsel-uclibc-gcc
ac_cv_env_CFLAGS_set=set
ac_cv_env_CFLAGS_value='-Os -Wall -DLINUX26 -DDEBUG_NOISY -DDEBUG_RCTEST -pipe -funit-at-a-time -Wno-pointer-sign -mtune=mips32 -mips32 -DLINUX30 -DLINUX_KERNEL_VERSION=199182  -ffunction-sections -fdata-sections'
ac_cv_env_CPPFLAGS_set=
ac_cv_env_CPPFLAGS_value=
ac_cv_env_CPP_set=
ac_cv_env_CPP_value=
ac_cv_env_LDFLAGS_set=set
ac_cv_env_LDFLAGS_value='-ffunction-sections -fdata-sections -Wl,--gc-sections'
ac_cv_env_LIBS_set=
ac_cv_env_LIBS_value=
ac_cv_env_build_alias_set=set
ac_cv_env_build_alias_value=
ac_cv_env_host_alias_set=set
ac_cv_env_host_alias_value=mipsel-linux
ac_cv_env_target_alias_set=
ac_cv_env_target_alias_value=
ac_cv_fvisibility_hidden=yes
ac_cv_header_dlfcn_h=yes
ac_cv_header_inttypes_h=yes
ac_cv_header_memory_h=yes
ac_cv_header_stdc=yes
ac_cv_header_stdint_h=yes
ac_cv_header_stdlib_h=yes
ac_cv_header_string_h=yes
ac_cv_header_strings_h=yes
ac_cv_header_sys_stat_h=yes
ac_cv_header_sys_types_h=yes
ac_cv_header_unistd_h=yes
ac_cv_host=mipsel-unknown-linux-gnu
ac_cv_objext=o
ac_cv_path_EGREP='/bin/grep -E'
ac_cv_path_FGREP='/bin/grep -F'
ac_cv_path_GREP=/bin/grep
ac_cv_path_SED=/bin/sed
ac_cv_path_install='/usr/bin/install -c'
ac_cv_path_mkdir=/bin/mkdir
ac_cv_prog_AR=mipsel-uclibc-ar
ac_cv_prog_AWK=gawk
ac_cv_prog_CC=mipsel-uclibc-gcc
ac_cv_prog_CPP='mipsel-uclibc-gcc -E'
ac_cv_prog_OBJDUMP=mipsel-uclibc-objdump
ac_cv_prog_RANLIB=mipsel-uclibc-ranlib
ac_cv_prog_STRIP='mipsel-uclibc-strip -R .note -R .comment'
ac_cv_prog_ac_ct_MANIFEST_TOOL=mt
ac_cv_prog_cc_c89=
ac_cv_prog_cc_g=yes
ac_cv_prog_cc_mipsel_uclibc_gcc_c_o=yes
ac_cv_prog_make_make_set=yes
am_cv_CC_dependencies_compiler_type=gcc3
am_cv_make_support_nested_variables=yes
am_cv_prog_tar_pax=gnutar
lt_cv_ar_at_file=@
lt_cv_archive_cmds_need_lc=no
lt_cv_deplibs_check_method=pass_all
lt_cv_file_magic_cmd='$MAGIC_CMD'
lt_cv_file_magic_test_file=
lt_cv_ld_reload_flag=-r
lt_cv_nm_interface='BSD nm'
lt_cv_objdir=.libs
lt_cv_path_LD=mipsel-uclibc-ld
lt_cv_path_NM=mipsel-uclibc-nm
lt_cv_path_mainfest_tool=no
lt_cv_prog_compiler_c_o=yes
lt_cv_prog_compiler_pic='-fPIC -DPIC'
lt_cv_prog_compiler_pic_works=yes
lt_cv_prog_compiler_rtti_exceptions=no
lt_cv_prog_compiler_static_works=yes
lt_cv_prog_gnu_ld=yes
lt_cv_sharedlib_from_linklib_cmd='printf %s\n'
lt_cv_shlibpath_overrides_runpath=no
lt_cv_sys_global_symbol_pipe='sed -n -e '\''s/^.*[	 ]\([ABCDGIRSTW][ABCDGIRSTW]*\)[	 ][	 ]*\([_A-Za-z][_A-Za-z0-9]*\)$/\1 \2 \2/p'\'' | sed '\''/ __gnu_lto/d'\'''
lt_cv_sys_global_symbol_to_c_name_address='sed -n -e '\''s/^: \([^ ]*\)[ ]*$/  {\"\1\", (void *) 0},/p'\'' -e '\''s/^[ABCDGIRSTW]* \([^ ]*\) \([^ ]*\)$/  {"\2", (void *) \&\2},/p'\'''
lt_cv_sys_global_symbol_to_c_name_address_lib_prefix='sed -n -e '\''s/^: \([^ ]*\)[ ]*$/  {\"\1\", (void *) 0},/p'\'' -e '\''s/^[ABCDGIRSTW]* \([^ ]*\) \(lib[^ ]*\)$/  {"\2", (void *) \&\2},/p'\'' -e '\''s/^[ABCDGIRSTW]* \([^ ]*\) \([^ ]*\)$/  {"lib\2", (void *) \&\2},/p'\'''
lt_cv_sys_global_symbol_to_cdecl='sed -n -e '\''s/^T .* \(.*\)$/extern int \1();/p'\'' -e '\''s/^[ABCDGIRSTW]* .* \(.*\)$/extern char \1;/p'\'''
lt_cv_sys_max_cmd_len=1572864
lt_cv_to_host_file_cmd=func_convert_file_noop
lt_cv_to_tool_file_cmd=func_convert_file_noop

## ----------------- ##
## Output variables. ##
## ----------------- ##

ACLOCAL='${SHELL} /home/akito/rm2100-merlin/release/src/router/libmnl/build-aux/missing --run aclocal-1.11'
AMDEPBACKSLASH='\'
AMDEP_FALSE='#'
AMDEP_TRUE=''
AMTAR='$${TAR-tar}'
AM_BACKSLASH='\'
AM_DEFAULT_V='$(AM_DEFAULT_VERBOSITY)'
AM_DEFAULT_VERBOSITY='0'
AM_V='$(V)'
AR='mipsel-uclibc-ar'
AUTOCONF='${SHELL} /home/akito/rm2100-merlin/release/src/router/libmnl/build-aux/missing --run autoconf'
AUTOHEADER='${SHELL} /home/akito/rm2100-merlin/release/src/router/libmnl/build-aux/missing --run autoheader'
AUTOMAKE='${SHELL} /home/akito/rm2100-merlin/release/src/router/libmnl/build-aux/missing --run automake-1.11'
AWK='gawk'
CC='mipsel-uclibc-gcc'
CCDEPMODE='depmode=gcc3'
CFLAGS='-Os -Wall -DLINUX26 -DDEBUG_NOISY -DDEBUG_RCTEST -pipe -funit-at-a-time -Wno-pointer-sign -mtune=mips32 -mips32 -DLINUX30 -DLINUX_KERNEL_VERSION=199182  -ffunction-sections -fdata-sections'
CPP='mipsel-uclibc-gcc -E'
CPPFLAGS=''
CYGPATH_W='echo'
DEFS='-DHAVE_CONFIG_H'
DEPDIR='.deps'
DLLTOOL='false'
DSYMUTIL=''
DUMPBIN=''
ECHO_C=''
ECHO_N='-n'
ECHO_T=''
EGREP='/bin/grep -E'
EXEEXT=''
FGREP='/bin/grep -F'
GCC_FVISIBILITY_HIDDEN='-fvisibility=hidden'
GREP='/bin/grep'
INSTALL_DATA='${INSTALL} -m 644'
INSTALL_PROGRAM='${INSTALL}'
INSTALL_SCRIPT='${INSTALL}'
INSTALL_STRIP_PROGRAM='$(install_sh) -c -s'
LD='mipsel-uclibc-ld'
LDFLAGS='-ffunction-sections -fdata-sections -Wl,--gc-sections'
LIBOBJS=''
LIBS=''
LIBTOOL='$(SHELL) $(top_builddir)/libtool'
LIPO=''
LN_S='ln -s'
LTLIBOBJS=''
MAKEINFO='${SHELL} /home/akito/rm2100-merlin/release/src/router/libmnl/build-aux/missing --run makeinfo'
MANIFEST_TOOL=':'
MKDIR_P='/bin/mkdir -p'
NM='mipsel-uclibc-nm'
NMEDIT=''
OBJDUMP='mipsel-uclibc-objdump'
OBJEXT='o'
OTOOL64=''
OTOOL=''
PACKAGE='libmnl'
PACKAGE_BUGREPORT=''
PACKAGE_NAME='libmnl'
PACKAGE_STRING='libmnl 1.0.3'
PACKAGE_TARNAME='libmnl'
PACKAGE_URL=''
PACKAGE_VERSION='1.0.3'
PATH_SEPARATOR=':'
RANLIB='mipsel-uclibc-ranlib'
SED='/bin/sed'
SET_MAKE=''
SHELL='/bin/bash'
STRIP='mipsel-uclibc-strip -R .note -R .comment'
VERSION='1.0.3'
ac_ct_AR=''
ac_ct_CC=''
ac_ct_DUMPBIN=''
am__EXEEXT_FALSE=''
am__EXEEXT_TRUE='#'
am__fastdepCC_FALSE='#'
am__fastdepCC_TRUE=''
am__include='include'
am__isrc=''
am__leading_dot='.'
am__nodep='_no'
am__quote=''
am__tar='tar --format=posix -chf - "$$tardir"'
am__untar='tar -xf -'
bindir='${exec_prefix}/bin'
build='x86_64-unknown-linux-gnu'
build_alias=''
build_cpu='x86_64'
build_os='linux-gnu'
build_vendor='unknown'
datadir='${datarootdir}'
datarootdir='${prefix}/share'
docdir='${datarootdir}/doc/${PACKAGE_TARNAME}'
dvidir='${docdir}'
exec_prefix='${prefix}'
host='mipsel-unknown-linux-gnu'
host_alias='mipsel-linux'
host_cpu='mipsel'
host_os='linux-gnu'
host_vendor='unknown'
htmldir='${docdir}'
includedir='${prefix}/include'
infodir='${datarootdir}/info'
install_sh='${SHELL} /home/akito/rm2100-merlin/release/src/router/libmnl/build-aux/install-sh'
libdir='${exec_prefix}/lib'
libexecdir='${exec_prefix}/libexec'
localedir='${datarootdir}/locale'
localstatedir='${prefix}/var'
mandir='${datarootdir}/man'
mkdir_p='/bin/mkdir -p'
oldincludedir='/usr/include'
pdfdir='${docdir}'
prefix='/usr'
program_transform_name='s,x,x,'
psdir='${docdir}'
regular_CFLAGS='-Wall -Waggregate-return -Wmissing-declarations 	-Wmissing-prototypes -Wshadow -Wstrict-prototypes 	-Wformat=2 -pipe'
regular_CPPFLAGS='-D_FILE_OFFSET_BITS=64 -D_REENTRANT'
runstatedir='${localstatedir}/run'
sbindir='${exec_prefix}/sbin'
sharedstatedir='${prefix}/com'
sysconfdir='${prefix}/etc'
target_alias=''

## ----------- ##
## confdefs.h. ##
## ----------- ##

/* confdefs.h */
#define PACKAGE_NAME "libmnl"
#define PACKAGE_TARNAME "libmnl"
#define PACKAGE_VERSION "1.0.3"
#define PACKAGE_STRING "libmnl 1.0.3"
#define PACKAGE_BUGREPORT ""
#define PACKAGE_URL ""
#define PACKAGE "libmnl"
#define VERSION "1.0.3"
#define STDC_HEADERS 1
#define HAVE_SYS_TYPES_H 1
#define HAVE_SYS_STAT_H 1
#define HAVE_STDLIB_H 1
#define HAVE_STRING_H 1
#define HAVE_MEMORY_H 1
#define HAVE_STRINGS_H 1
#define HAVE_INTTYPES_H 1
#define HAVE_STDINT_H 1
#define HAVE_UNISTD_H 1
#define HAVE_DLFCN_H 1
#define LT_OBJDIR ".libs/"
#define HAVE_VISIBILITY_HIDDEN 1

configure: exit 0

## ---------------------- ##
## Running config.status. ##
## ---------------------- ##

This file was extended by libmnl config.status 1.0.3, which was
generated by GNU Autoconf 2.69.  Invocation command line was

  CONFIG_FILES    = 
  CONFIG_HEADERS  = 
  CONFIG_LINKS    = 
  CONFIG_COMMANDS = 
  $ ./config.status 

on akito-virtual-machine

config.status:1096: creating Makefile
config.status:1096: creating src/Makefile
config.status:1096: creating include/Makefile
config.status:1096: creating include/libmnl/Makefile
config.status:1096: creating include/linux/Makefile
config.status:1096: creating examples/Makefile
config.status:1096: creating examples/genl/Makefile
config.status:1096: creating examples/netfilter/Makefile
config.status:1096: creating examples/rtnl/Makefile
config.status:1096: creating libmnl.pc
config.status:1096: creating doxygen.cfg
config.status:1096: creating config.h
config.status:1277: config.h is unchanged
config.status:1325: executing depfiles commands
config.status:1325: executing libtool commands

## ---------------------- ##
## Running config.status. ##
## ---------------------- ##

This file was extended by libmnl config.status 1.0.3, which was
generated by GNU Autoconf 2.69.  Invocation command line was

  CONFIG_FILES    = 
  CONFIG_HEADERS  = 
  CONFIG_LINKS    = 
  CONFIG_COMMANDS = 
  $ ./config.status config.h

on akito-virtual-machine

config.status:1096: creating config.h
config.status:1277: config.h is unchanged
